Log file open, 11/01/20 02:43:33
LogInit: Display: Running engine for game: Final_Project
LogPlatformFile: Not using cached read wrapper
LogTaskGraph: Started task graph with 5 named threads and 23 total threads with 3 sets of task threads.
LogStats: Stats thread started at 2.133819
LogD3D11RHI: Loaded GFSDK_Aftermath_Lib.x64.dll
LogICUInternationalization: ICU TimeZone Detection - Raw Offset: +9:00, Platform Override: ''
LogPluginManager: Mounting plugin Paper2D
LogPluginManager: Mounting plugin AISupport
LogPluginManager: Mounting plugin LightPropagationVolume
LogPluginManager: Mounting plugin CameraShakePreviewer
LogPluginManager: Mounting plugin ActorLayerUtilities
LogPluginManager: Mounting plugin AnimationSharing
LogPluginManager: Mounting plugin CLionSourceCodeAccess
LogPluginManager: Mounting plugin CodeLiteSourceCodeAccess
LogPluginManager: Mounting plugin GitSourceControl
LogPluginManager: Mounting plugin KDevelopSourceCodeAccess
LogPluginManager: Mounting plugin NullSourceCodeAccess
LogPluginManager: Mounting plugin PerforceSourceControl
LogPluginManager: Mounting plugin PlasticSourceControl
LogPluginManager: Mounting plugin RiderSourceCodeAccess
LogPluginManager: Mounting plugin SubversionSourceControl
LogPluginManager: Mounting plugin UObjectPlugin
LogPluginManager: Mounting plugin VisualStudioCodeSourceCodeAccess
LogPluginManager: Mounting plugin VisualStudioSourceCodeAccess
LogPluginManager: Mounting plugin XCodeSourceCodeAccess
LogPluginManager: Mounting plugin AssetManagerEditor
LogPluginManager: Mounting plugin CryptoKeys
LogPluginManager: Mounting plugin CurveEditorTools
LogPluginManager: Mounting plugin DataValidation
LogPluginManager: Mounting plugin EditorScriptingUtilities
LogPluginManager: Mounting plugin FacialAnimation
LogPluginManager: Mounting plugin GameplayTagsEditor
LogPluginManager: Mounting plugin GeometryMode
LogPluginManager: Mounting plugin MacGraphicsSwitching
LogPluginManager: Mounting plugin MaterialAnalyzer
LogPluginManager: Mounting plugin MobileLauncherProfileWizard
LogPluginManager: Mounting plugin PluginBrowser
LogPluginManager: Mounting plugin SpeedTreeImporter
LogPluginManager: Mounting plugin DatasmithContent
LogPluginManager: Mounting plugin VariantManagerContent
LogPluginManager: Mounting plugin AlembicImporter
LogPluginManager: Mounting plugin AutomationUtils
LogPluginManager: Mounting plugin BackChannel
LogPluginManager: Mounting plugin ChaosCloth
LogPluginManager: Mounting plugin ChaosClothEditor
LogPluginManager: Mounting plugin ChaosEditor
LogPluginManager: Mounting plugin ChaosNiagara
LogPluginManager: Mounting plugin ChaosSolverPlugin
LogPluginManager: Mounting plugin CharacterAI
LogPluginManager: Mounting plugin GeometryCache
LogPluginManager: Mounting plugin GeometryCollectionPlugin
LogPluginManager: Mounting plugin GeometryProcessing
LogPluginManager: Mounting plugin PlanarCut
LogPluginManager: Mounting plugin PlatformCrypto
LogPluginManager: Mounting plugin ProxyLODPlugin
LogPluginManager: Mounting plugin SkeletalReduction
LogPluginManager: Mounting plugin Niagara
LogPluginManager: Mounting plugin MagicLeap
LogPluginManager: Mounting plugin MagicLeapLightEstimation
LogPluginManager: Mounting plugin MagicLeapMedia
LogPluginManager: Mounting plugin MagicLeapPassableWorld
LogPluginManager: Mounting plugin MLSDK
LogPluginManager: Mounting plugin AndroidMedia
LogPluginManager: Mounting plugin AvfMedia
LogPluginManager: Mounting plugin ImgMedia
LogPluginManager: Mounting plugin MediaCompositing
LogPluginManager: Mounting plugin MediaPlayerEditor
LogPluginManager: Mounting plugin WebMMedia
LogPluginManager: Mounting plugin WmfMedia
LogPluginManager: Mounting plugin MeshPainting
LogPluginManager: Mounting plugin TcpMessaging
LogPluginManager: Mounting plugin UdpMessaging
LogPluginManager: Mounting plugin ActorSequence
LogPluginManager: Mounting plugin LevelSequenceEditor
LogPluginManager: Mounting plugin MatineeToLevelSequence
LogPluginManager: Mounting plugin MovieRenderPipeline
LogPluginManager: Mounting plugin TemplateSequence
LogPluginManager: Mounting plugin NetcodeUnitTest
LogPluginManager: Mounting plugin NUTUnrealEngine4
LogPluginManager: Mounting plugin OnlineSubsystemGooglePlay
LogPluginManager: Mounting plugin OnlineSubsystemIOS
LogPluginManager: Mounting plugin OnlineSubsystem
LogPluginManager: Mounting plugin OnlineSubsystemNull
LogPluginManager: Mounting plugin OnlineSubsystemUtils
LogPluginManager: Mounting plugin LauncherChunkInstaller
LogPluginManager: Mounting plugin AndroidDeviceProfileSelector
LogPluginManager: Mounting plugin AndroidMoviePlayer
LogPluginManager: Mounting plugin AndroidPermission
LogPluginManager: Mounting plugin AppleImageUtils
LogPluginManager: Mounting plugin AppleMoviePlayer
LogPluginManager: Mounting plugin ArchVisCharacter
LogPluginManager: Mounting plugin AssetTags
LogPluginManager: Mounting plugin AudioCapture
LogPluginManager: Mounting plugin CableComponent
LogPluginManager: Mounting plugin CustomMeshComponent
LogPluginManager: Mounting plugin EditableMesh
LogPluginManager: Mounting plugin ExampleDeviceProfileSelector
LogPluginManager: Mounting plugin GoogleCloudMessaging
LogPluginManager: Mounting plugin GooglePAD
LogPluginManager: Mounting plugin IOSDeviceProfileSelector
LogPluginManager: Mounting plugin LinuxDeviceProfileSelector
LogPluginManager: Mounting plugin LocationServicesBPLibrary
LogPluginManager: Mounting plugin MobilePatchingUtils
LogPluginManager: Mounting plugin OculusVR
LogPluginManager: Mounting plugin PhysXVehicles
LogPluginManager: Mounting plugin PostSplashScreen
LogPluginManager: Mounting plugin ProceduralMeshComponent
LogPluginManager: Mounting plugin RuntimePhysXCooking
LogPluginManager: Mounting plugin SignificanceManager
LogPluginManager: Mounting plugin SoundFields
LogPluginManager: Mounting plugin SteamVR
LogPluginManager: Mounting plugin Synthesis
LogPluginManager: Mounting plugin WebMMoviePlayer
LogPluginManager: Mounting plugin WindowsMoviePlayer
LogPluginManager: Mounting plugin ScreenshotTools
LogInit: Using libcurl 7.55.1-DEV
LogInit:  - built for x86_64-pc-win32
LogInit:  - supports SSL with OpenSSL/1.1.1
LogInit:  - supports HTTP deflate (compression) using libz 1.2.8
LogInit:  - other features:
LogInit:      CURL_VERSION_SSL
LogInit:      CURL_VERSION_LIBZ
LogInit:      CURL_VERSION_IPV6
LogInit:      CURL_VERSION_ASYNCHDNS
LogInit:      CURL_VERSION_LARGEFILE
LogInit:      CURL_VERSION_IDN
LogInit:  CurlRequestOptions (configurable via config and command line):
LogInit:  - bVerifyPeer = true  - Libcurl will verify peer certificate
LogInit:  - bUseHttpProxy = false  - Libcurl will NOT use HTTP proxy
LogInit:  - bDontReuseConnections = false  - Libcurl will reuse connections
LogInit:  - MaxHostConnections = 16  - Libcurl will limit the number of connections to a host
LogInit:  - LocalHostAddr = Default
LogInit:  - BufferSize = 65536
LogOnline: OSS: Creating online subsystem instance for: NULL
LogInit: WinSock: version 1.1 (2.2), MaxSocks=32767, MaxUdp=65467
LogOnline: OSS: TryLoadSubsystemAndSetDefault: Loaded subsystem for module [NULL]
LogInit: Build: ++UE4+Release-4.25-CL-13942748
LogInit: Engine Version: 4.25.3-13942748+++UE4+Release-4.25
LogInit: Compatible Engine Version: 4.25.0-13144385+++UE4+Release-4.25
LogInit: Net CL: 13144385
LogInit: OS: Windows 10 (Release 1909) (), CPU: Intel(R) Core(TM) i7-4790 CPU @ 3.60GHz, GPU: NVIDIA GeForce GTX 1050 Ti
LogInit: Compiled (64-bit): Jul 25 2020 02:07:48
LogInit: Compiled with Visual C++: 19.24.28315.00
LogInit: Build Configuration: Development
LogInit: Branch Name: ++UE4+Release-4.25
LogInit: Command Line: 
LogInit: Base Directory: D:/UnrealEngine/Epic Games/UE_4.25/Engine/Binaries/Win64/
LogInit: Allocator: TBB
LogInit: Installed Engine Build: 1
LogDevObjectVersion: Number of dev versions registered: 26
LogDevObjectVersion:   Dev-Blueprints (B0D832E4-1F89-4F0D-ACCF-7EB736FD4AA2): 10
LogDevObjectVersion:   Dev-Build (E1C64328-A22C-4D53-A36C-8E866417BD8C): 0
LogDevObjectVersion:   Dev-Core (375EC13C-06E4-48FB-B500-84F0262A717E): 4
LogDevObjectVersion:   Dev-Editor (E4B068ED-F494-42E9-A231-DA0B2E46BB41): 38
LogDevObjectVersion:   Dev-Framework (CFFC743F-43B0-4480-9391-14DF171D2073): 37
LogDevObjectVersion:   Dev-Mobile (B02B49B5-BB20-44E9-A304-32B752E40360): 2
LogDevObjectVersion:   Dev-Networking (A4E4105C-59A1-49B5-A7C5-40C4547EDFEE): 0
LogDevObjectVersion:   Dev-Online (39C831C9-5AE6-47DC-9A44-9C173E1C8E7C): 0
LogDevObjectVersion:   Dev-Physics (78F01B33-EBEA-4F98-B9B4-84EACCB95AA2): 4
LogDevObjectVersion:   Dev-Platform (6631380F-2D4D-43E0-8009-CF276956A95A): 0
LogDevObjectVersion:   Dev-Rendering (12F88B9F-8875-4AFC-A67C-D90C383ABD29): 43
LogDevObjectVersion:   Dev-Sequencer (7B5AE74C-D270-4C10-A958-57980B212A5A): 12
LogDevObjectVersion:   Dev-VR (D7296918-1DD6-4BDD-9DE2-64A83CC13884): 3
LogDevObjectVersion:   Dev-LoadTimes (C2A15278-BFE7-4AFE-6C17-90FF531DF755): 1
LogDevObjectVersion:   Private-Geometry (6EACA3D4-40EC-4CC1-B786-8BED09428FC5): 3
LogDevObjectVersion:   Dev-AnimPhys (29E575DD-E0A3-4627-9D10-D276232CDCEA): 17
LogDevObjectVersion:   Dev-Anim (AF43A65D-7FD3-4947-9873-3E8ED9C1BB05): 7
LogDevObjectVersion:   Dev-ReflectionCapture (6B266CEC-1EC7-4B8F-A30B-E4D90942FC07): 1
LogDevObjectVersion:   Dev-Automation (0DF73D61-A23F-47EA-B727-89E90C41499A): 1
LogDevObjectVersion:   FortniteMain (601D1886-AC64-4F84-AA16-D3DE0DEAC7D6): 31
LogDevObjectVersion:   Dev-Enterprise (9DFFBCD6-494F-0158-E221-12823C92A888): 10
LogDevObjectVersion:   Dev-Niagara (F2AED0AC-9AFE-416F-8664-AA7FFA26D6FC): 1
LogDevObjectVersion:   Dev-Destruction (174F1F0B-B4C6-45A5-B13F-2EE8D0FB917D): 10
LogDevObjectVersion:   Dev-Physics-Ext (35F94A83-E258-406C-A318-09F59610247C): 37
LogDevObjectVersion:   Dev-PhysicsMaterial-Chaos (B68FC16E-8B1B-42E2-B453-215C058844FE): 1
LogDevObjectVersion:   Dev-CineCamera (B2E18506-4273-CFC2-A54E-F4BB758BBA07): 1
LogInit: Presizing for max 25165824 objects, including 0 objects not considered by GC, pre-allocating 0 bytes for permanent pool.
LogConfig: Applying CVar settings from Section [/Script/Engine.StreamingSettings] File [D:/UnrealEngine/UnrealProjects/Final_Project/Saved/Config/Windows/Engine.ini]
LogConfig: Setting CVar [[s.MinBulkDataSizeForAsyncLoading:131072]]
LogConfig: Setting CVar [[s.AsyncLoadingThreadEnabled:0]]
LogConfig: Setting CVar [[s.EventDrivenLoaderEnabled:1]]
LogConfig: Setting CVar [[s.WarnIfTimeLimitExceeded:0]]
LogConfig: Setting CVar [[s.TimeLimitExceededMultiplier:1.5]]
LogConfig: Setting CVar [[s.TimeLimitExceededMinTime:0.005]]
LogConfig: Setting CVar [[s.UseBackgroundLevelStreaming:1]]
LogConfig: Setting CVar [[s.PriorityAsyncLoadingExtraTime:15.0]]
LogConfig: Setting CVar [[s.LevelStreamingActorsUpdateTimeLimit:5.0]]
LogConfig: Setting CVar [[s.PriorityLevelStreamingActorsUpdateExtraTime:5.0]]
LogConfig: Setting CVar [[s.LevelStreamingComponentsRegistrationGranularity:10]]
LogConfig: Setting CVar [[s.UnregisterComponentsTimeLimit:1.0]]
LogConfig: Setting CVar [[s.LevelStreamingComponentsUnregistrationGranularity:5]]
LogConfig: Setting CVar [[s.FlushStreamingOnExit:1]]
LogInit: Object subsystem initialized
LogConfig: Setting CVar [[con.DebugEarlyDefault:1]]
LogConfig: Setting CVar [[r.setres:1280x720]]
[2020.10.31-17.43.36:014][  0]LogConfig: Setting CVar [[r.VSync:0]]
[2020.10.31-17.43.36:014][  0]LogConfig: Setting CVar [[r.RHICmdBypass:0]]
[2020.10.31-17.43.36:014][  0]LogConfig: Applying CVar settings from Section [/Script/Engine.RendererSettings] File [D:/UnrealEngine/UnrealProjects/Final_Project/Saved/Config/Windows/Engine.ini]
[2020.10.31-17.43.36:014][  0]LogConfig: Setting CVar [[r.GPUCrashDebugging:0]]
[2020.10.31-17.43.36:014][  0]LogConfig: Applying CVar settings from Section [/Script/Engine.RendererOverrideSettings] File [D:/UnrealEngine/UnrealProjects/Final_Project/Saved/Config/Windows/Engine.ini]
[2020.10.31-17.43.36:014][  0]LogConfig: Applying CVar settings from Section [/Script/Engine.StreamingSettings] File [D:/UnrealEngine/UnrealProjects/Final_Project/Saved/Config/Windows/Engine.ini]
[2020.10.31-17.43.36:014][  0]LogConfig: Setting CVar [[s.MinBulkDataSizeForAsyncLoading:131072]]
[2020.10.31-17.43.36:014][  0]LogConfig: Setting CVar [[s.AsyncLoadingThreadEnabled:0]]
[2020.10.31-17.43.36:014][  0]LogConfig: Setting CVar [[s.EventDrivenLoaderEnabled:1]]
[2020.10.31-17.43.36:014][  0]LogConfig: Setting CVar [[s.WarnIfTimeLimitExceeded:0]]
[2020.10.31-17.43.36:014][  0]LogConfig: Setting CVar [[s.TimeLimitExceededMultiplier:1.5]]
[2020.10.31-17.43.36:014][  0]LogConfig: Setting CVar [[s.TimeLimitExceededMinTime:0.005]]
[2020.10.31-17.43.36:014][  0]LogConfig: Setting CVar [[s.UseBackgroundLevelStreaming:1]]
[2020.10.31-17.43.36:014][  0]LogConfig: Setting CVar [[s.PriorityAsyncLoadingExtraTime:15.0]]
[2020.10.31-17.43.36:014][  0]LogConfig: Setting CVar [[s.LevelStreamingActorsUpdateTimeLimit:5.0]]
[2020.10.31-17.43.36:014][  0]LogConfig: Setting CVar [[s.PriorityLevelStreamingActorsUpdateExtraTime:5.0]]
[2020.10.31-17.43.36:014][  0]LogConfig: Setting CVar [[s.LevelStreamingComponentsRegistrationGranularity:10]]
[2020.10.31-17.43.36:014][  0]LogConfig: Setting CVar [[s.UnregisterComponentsTimeLimit:1.0]]
[2020.10.31-17.43.36:014][  0]LogConfig: Setting CVar [[s.LevelStreamingComponentsUnregistrationGranularity:5]]
[2020.10.31-17.43.36:014][  0]LogConfig: Setting CVar [[s.FlushStreamingOnExit:1]]
[2020.10.31-17.43.36:014][  0]LogConfig: Applying CVar settings from Section [/Script/Engine.GarbageCollectionSettings] File [D:/UnrealEngine/UnrealProjects/Final_Project/Saved/Config/Windows/Engine.ini]
[2020.10.31-17.43.36:014][  0]LogConfig: Setting CVar [[gc.MaxObjectsNotConsideredByGC:1]]
[2020.10.31-17.43.36:014][  0]LogConfig: Setting CVar [[gc.SizeOfPermanentObjectPool:0]]
[2020.10.31-17.43.36:014][  0]LogConfig: Setting CVar [[gc.FlushStreamingOnGC:0]]
[2020.10.31-17.43.36:014][  0]LogConfig: Setting CVar [[gc.NumRetriesBeforeForcingGC:10]]
[2020.10.31-17.43.36:015][  0]LogConfig: Setting CVar [[gc.AllowParallelGC:1]]
[2020.10.31-17.43.36:015][  0]LogConfig: Setting CVar [[gc.TimeBetweenPurgingPendingKillObjects:61.1]]
[2020.10.31-17.43.36:015][  0]LogConfig: Setting CVar [[gc.MaxObjectsInEditor:25165824]]
[2020.10.31-17.43.36:015][  0]LogConfig: Setting CVar [[gc.IncrementalBeginDestroyEnabled:1]]
[2020.10.31-17.43.36:015][  0]LogConfig: Setting CVar [[gc.CreateGCClusters:1]]
[2020.10.31-17.43.36:015][  0]LogConfig: Setting CVar [[gc.MinGCClusterSize:5]]
[2020.10.31-17.43.36:015][  0]LogConfig: Setting CVar [[gc.ActorClusteringEnabled:0]]
[2020.10.31-17.43.36:015][  0]LogConfig: Setting CVar [[gc.BlueprintClusteringEnabled:0]]
[2020.10.31-17.43.36:015][  0]LogConfig: Setting CVar [[gc.UseDisregardForGCOnDedicatedServers:0]]
[2020.10.31-17.43.36:015][  0]LogConfig: Applying CVar settings from Section [/Script/Engine.NetworkSettings] File [D:/UnrealEngine/UnrealProjects/Final_Project/Saved/Config/Windows/Engine.ini]
[2020.10.31-17.43.36:015][  0]LogConfig: Applying CVar settings from Section [/Script/UnrealEd.CookerSettings] File [D:/UnrealEngine/UnrealProjects/Final_Project/Saved/Config/Windows/Engine.ini]
[2020.10.31-17.43.36:028][  0]LogConfig: Applying CVar settings from Section [ViewDistanceQuality@3] File [D:/UnrealEngine/UnrealProjects/Final_Project/Saved/Config/Windows/Scalability.ini]
[2020.10.31-17.43.36:028][  0]LogConfig: Setting CVar [[r.SkeletalMeshLODBias:0]]
[2020.10.31-17.43.36:028][  0]LogConfig: Setting CVar [[r.ViewDistanceScale:1.0]]
[2020.10.31-17.43.36:029][  0]LogConfig: Applying CVar settings from Section [AntiAliasingQuality@3] File [D:/UnrealEngine/UnrealProjects/Final_Project/Saved/Config/Windows/Scalability.ini]
[2020.10.31-17.43.36:029][  0]LogConfig: Setting CVar [[r.PostProcessAAQuality:4]]
[2020.10.31-17.43.36:029][  0]LogConfig: Applying CVar settings from Section [ShadowQuality@3] File [D:/UnrealEngine/UnrealProjects/Final_Project/Saved/Config/Windows/Scalability.ini]
[2020.10.31-17.43.36:029][  0]LogConfig: Setting CVar [[r.LightFunctionQuality:1]]
[2020.10.31-17.43.36:029][  0]LogConfig: Setting CVar [[r.ShadowQuality:5]]
[2020.10.31-17.43.36:029][  0]LogConfig: Setting CVar [[r.Shadow.CSM.MaxCascades:10]]
[2020.10.31-17.43.36:029][  0]LogConfig: Setting CVar [[r.Shadow.MaxResolution:2048]]
[2020.10.31-17.43.36:029][  0]LogConfig: Setting CVar [[r.Shadow.MaxCSMResolution:2048]]
[2020.10.31-17.43.36:029][  0]LogConfig: Setting CVar [[r.Shadow.RadiusThreshold:0.01]]
[2020.10.31-17.43.36:029][  0]LogConfig: Setting CVar [[r.Shadow.DistanceScale:1.0]]
[2020.10.31-17.43.36:029][  0]LogConfig: Setting CVar [[r.Shadow.CSM.TransitionScale:1.0]]
[2020.10.31-17.43.36:029][  0]LogConfig: Setting CVar [[r.Shadow.PreShadowResolutionFactor:1.0]]
[2020.10.31-17.43.36:029][  0]LogConfig: Setting CVar [[r.DistanceFieldShadowing:1]]
[2020.10.31-17.43.36:029][  0]LogConfig: Setting CVar [[r.DistanceFieldAO:1]]
[2020.10.31-17.43.36:029][  0]LogConfig: Setting CVar [[r.AOQuality:2]]
[2020.10.31-17.43.36:029][  0]LogConfig: Setting CVar [[r.VolumetricFog:1]]
[2020.10.31-17.43.36:029][  0]LogConfig: Setting CVar [[r.VolumetricFog.GridPixelSize:8]]
[2020.10.31-17.43.36:029][  0]LogConfig: Setting CVar [[r.VolumetricFog.GridSizeZ:128]]
[2020.10.31-17.43.36:029][  0]LogConfig: Setting CVar [[r.VolumetricFog.HistoryMissSupersampleCount:4]]
[2020.10.31-17.43.36:029][  0]LogConfig: Setting CVar [[r.LightMaxDrawDistanceScale:1]]
[2020.10.31-17.43.36:029][  0]LogConfig: Setting CVar [[r.CapsuleShadows:1]]
[2020.10.31-17.43.36:029][  0]LogConfig: Applying CVar settings from Section [PostProcessQuality@3] File [D:/UnrealEngine/UnrealProjects/Final_Project/Saved/Config/Windows/Scalability.ini]
[2020.10.31-17.43.36:029][  0]LogConfig: Setting CVar [[r.MotionBlurQuality:4]]
[2020.10.31-17.43.36:029][  0]LogConfig: Setting CVar [[r.AmbientOcclusionMipLevelFactor:0.4]]
[2020.10.31-17.43.36:029][  0]LogConfig: Setting CVar [[r.AmbientOcclusionMaxQuality:100]]
[2020.10.31-17.43.36:029][  0]LogConfig: Setting CVar [[r.AmbientOcclusionLevels:-1]]
[2020.10.31-17.43.36:029][  0]LogConfig: Setting CVar [[r.AmbientOcclusionRadiusScale:1.0]]
[2020.10.31-17.43.36:029][  0]LogConfig: Setting CVar [[r.DepthOfFieldQuality:2]]
[2020.10.31-17.43.36:029][  0]LogConfig: Setting CVar [[r.RenderTargetPoolMin:400]]
[2020.10.31-17.43.36:029][  0]LogConfig: Setting CVar [[r.LensFlareQuality:2]]
[2020.10.31-17.43.36:029][  0]LogConfig: Setting CVar [[r.SceneColorFringeQuality:1]]
[2020.10.31-17.43.36:029][  0]LogConfig: Setting CVar [[r.EyeAdaptationQuality:2]]
[2020.10.31-17.43.36:029][  0]LogConfig: Setting CVar [[r.BloomQuality:5]]
[2020.10.31-17.43.36:029][  0]LogConfig: Setting CVar [[r.FastBlurThreshold:100]]
[2020.10.31-17.43.36:029][  0]LogConfig: Setting CVar [[r.Upscale.Quality:3]]
[2020.10.31-17.43.36:029][  0]LogConfig: Setting CVar [[r.Tonemapper.GrainQuantization:1]]
[2020.10.31-17.43.36:029][  0]LogConfig: Setting CVar [[r.LightShaftQuality:1]]
[2020.10.31-17.43.36:029][  0]LogConfig: Setting CVar [[r.Filter.SizeScale:1]]
[2020.10.31-17.43.36:029][  0]LogConfig: Setting CVar [[r.Tonemapper.Quality:5]]
[2020.10.31-17.43.36:029][  0]LogConfig: Setting CVar [[r.DOF.Gather.AccumulatorQuality:1        ; higher gathering accumulator quality]]
[2020.10.31-17.43.36:029][  0]LogConfig: Setting CVar [[r.DOF.Gather.PostfilterMethod:1          ; Median3x3 postfilering method]]
[2020.10.31-17.43.36:029][  0]LogConfig: Setting CVar [[r.DOF.Gather.EnableBokehSettings:0       ; no bokeh simulation when gathering]]
[2020.10.31-17.43.36:029][  0]LogConfig: Setting CVar [[r.DOF.Gather.RingCount:4                 ; medium number of samples when gathering]]
[2020.10.31-17.43.36:029][  0]LogConfig: Setting CVar [[r.DOF.Scatter.ForegroundCompositing:1    ; additive foreground scattering]]
[2020.10.31-17.43.36:029][  0]LogConfig: Setting CVar [[r.DOF.Scatter.BackgroundCompositing:2    ; additive background scattering]]
[2020.10.31-17.43.36:029][  0]LogConfig: Setting CVar [[r.DOF.Scatter.EnableBokehSettings:1      ; bokeh simulation when scattering]]
[2020.10.31-17.43.36:029][  0]LogConfig: Setting CVar [[r.DOF.Scatter.MaxSpriteRatio:0.1         ; only a maximum of 10% of scattered bokeh]]
[2020.10.31-17.43.36:029][  0]LogConfig: Setting CVar [[r.DOF.Recombine.Quality:1                ; cheap slight out of focus]]
[2020.10.31-17.43.36:029][  0]LogConfig: Setting CVar [[r.DOF.Recombine.EnableBokehSettings:0    ; no bokeh simulation on slight out of focus]]
[2020.10.31-17.43.36:029][  0]LogConfig: Setting CVar [[r.DOF.TemporalAAQuality:1                ; more stable temporal accumulation]]
[2020.10.31-17.43.36:029][  0]LogConfig: Setting CVar [[r.DOF.Kernel.MaxForegroundRadius:0.025]]
[2020.10.31-17.43.36:029][  0]LogConfig: Setting CVar [[r.DOF.Kernel.MaxBackgroundRadius:0.025]]
[2020.10.31-17.43.36:029][  0]LogConfig: Applying CVar settings from Section [TextureQuality@3] File [D:/UnrealEngine/UnrealProjects/Final_Project/Saved/Config/Windows/Scalability.ini]
[2020.10.31-17.43.36:029][  0]LogConfig: Setting CVar [[r.Streaming.MipBias:0]]
[2020.10.31-17.43.36:029][  0]LogConfig: Setting CVar [[r.Streaming.AmortizeCPUToGPUCopy:0]]
[2020.10.31-17.43.36:029][  0]LogConfig: Setting CVar [[r.Streaming.MaxNumTexturesToStreamPerFrame:0]]
[2020.10.31-17.43.36:029][  0]LogConfig: Setting CVar [[r.Streaming.Boost:1]]
[2020.10.31-17.43.36:029][  0]LogConfig: Setting CVar [[r.MaxAnisotropy:8]]
[2020.10.31-17.43.36:029][  0]LogConfig: Setting CVar [[r.VT.MaxAnisotropy:8]]
[2020.10.31-17.43.36:029][  0]LogConfig: Setting CVar [[r.Streaming.LimitPoolSizeToVRAM:0]]
[2020.10.31-17.43.36:029][  0]LogConfig: Setting CVar [[r.Streaming.PoolSize:1000]]
[2020.10.31-17.43.36:029][  0]LogConfig: Setting CVar [[r.Streaming.MaxEffectiveScreenSize:0]]
[2020.10.31-17.43.36:029][  0]LogConfig: Applying CVar settings from Section [EffectsQuality@3] File [D:/UnrealEngine/UnrealProjects/Final_Project/Saved/Config/Windows/Scalability.ini]
[2020.10.31-17.43.36:029][  0]LogConfig: Setting CVar [[r.TranslucencyLightingVolumeDim:64]]
[2020.10.31-17.43.36:029][  0]LogConfig: Setting CVar [[r.RefractionQuality:2]]
[2020.10.31-17.43.36:029][  0]LogConfig: Setting CVar [[r.SSR.Quality:3]]
[2020.10.31-17.43.36:029][  0]LogConfig: Setting CVar [[r.SSR.HalfResSceneColor:0]]
[2020.10.31-17.43.36:029][  0]LogConfig: Setting CVar [[r.SceneColorFormat:4]]
[2020.10.31-17.43.36:029][  0]LogConfig: Setting CVar [[r.DetailMode:2]]
[2020.10.31-17.43.36:029][  0]LogConfig: Setting CVar [[r.TranslucencyVolumeBlur:1]]
[2020.10.31-17.43.36:029][  0]LogConfig: Setting CVar [[r.MaterialQualityLevel:1 ; High quality]]
[2020.10.31-17.43.36:030][  0]LogConfig: Setting CVar [[r.SSS.Scale:1]]
[2020.10.31-17.43.36:030][  0]LogConfig: Setting CVar [[r.SSS.SampleSet:2]]
[2020.10.31-17.43.36:030][  0]LogConfig: Setting CVar [[r.SSS.Quality:1]]
[2020.10.31-17.43.36:030][  0]LogConfig: Setting CVar [[r.SSS.HalfRes:0]]
[2020.10.31-17.43.36:030][  0]LogConfig: Setting CVar [[r.SSGI.Quality:3]]
[2020.10.31-17.43.36:030][  0]LogConfig: Setting CVar [[r.EmitterSpawnRateScale:1.0]]
[2020.10.31-17.43.36:030][  0]LogConfig: Setting CVar [[r.ParticleLightQuality:2]]
[2020.10.31-17.43.36:030][  0]LogConfig: Setting CVar [[r.SkyAtmosphere.AerialPerspectiveLUT.FastApplyOnOpaque:1 ; Always have FastSkyLUT 1 in this case to avoid wrong sky]]
[2020.10.31-17.43.36:030][  0]LogConfig: Setting CVar [[r.SkyAtmosphere.AerialPerspectiveLUT.SampleCountPerSlice:1]]
[2020.10.31-17.43.36:030][  0]LogConfig: Setting CVar [[r.SkyAtmosphere.AerialPerspectiveLUT.DepthResolution:16.0]]
[2020.10.31-17.43.36:030][  0]LogConfig: Setting CVar [[r.SkyAtmosphere.FastSkyLUT:1]]
[2020.10.31-17.43.36:030][  0]LogConfig: Setting CVar [[r.SkyAtmosphere.FastSkyLUT.SampleCountMin:4.0]]
[2020.10.31-17.43.36:030][  0]LogConfig: Setting CVar [[r.SkyAtmosphere.FastSkyLUT.SampleCountMax:32.0]]
[2020.10.31-17.43.36:030][  0]LogConfig: Setting CVar [[r.SkyAtmosphere.SampleCountMin:4.0]]
[2020.10.31-17.43.36:030][  0]LogConfig: Setting CVar [[r.SkyAtmosphere.SampleCountMax:32.0]]
[2020.10.31-17.43.36:030][  0]LogConfig: Setting CVar [[r.SkyAtmosphere.TransmittanceLUT.UseSmallFormat:0]]
[2020.10.31-17.43.36:030][  0]LogConfig: Setting CVar [[r.SkyAtmosphere.TransmittanceLUT.SampleCount:10.0]]
[2020.10.31-17.43.36:030][  0]LogConfig: Setting CVar [[r.SkyAtmosphere.MultiScatteringLUT.SampleCount:15.0]]
[2020.10.31-17.43.36:030][  0]LogConfig: Applying CVar settings from Section [FoliageQuality@3] File [D:/UnrealEngine/UnrealProjects/Final_Project/Saved/Config/Windows/Scalability.ini]
[2020.10.31-17.43.36:030][  0]LogConfig: Setting CVar [[foliage.DensityScale:1.0]]
[2020.10.31-17.43.36:030][  0]LogConfig: Setting CVar [[grass.DensityScale:1.0]]
[2020.10.31-17.43.36:030][  0]LogConfig: Applying CVar settings from Section [ShadingQuality@3] File [D:/UnrealEngine/UnrealProjects/Final_Project/Saved/Config/Windows/Scalability.ini]
[2020.10.31-17.43.36:030][  0]LogConfig: Setting CVar [[r.HairStrands.SkyLighting.SampleCount:16]]
[2020.10.31-17.43.36:030][  0]LogConfig: Setting CVar [[r.HairStrands.SkyLighting.JitterIntegration:0]]
[2020.10.31-17.43.36:030][  0]LogConfig: Setting CVar [[r.HairStrands.SkyAO.SampleCount:16]]
[2020.10.31-17.43.36:030][  0]LogConfig: Setting CVar [[r.HairStrands.DeepShadow.SuperSampling:0]]
[2020.10.31-17.43.36:030][  0]LogConfig: Setting CVar [[r.HairStrands.VisibilityPPLL:0]]
[2020.10.31-17.43.36:030][  0]LogConfig: Setting CVar [[r.HairStrands.RasterizationScale:0.5]]
[2020.10.31-17.43.36:030][  0]LogConfig: Setting CVar [[r.HairStrands.VelocityRasterizationScale:1]]
[2020.10.31-17.43.36:030][  0]LogInit: Selected Device Profile: [Windows]
[2020.10.31-17.43.36:030][  0]LogInit: Applying CVar settings loaded from the selected device profile: [Windows]
[2020.10.31-17.43.36:030][  0]LogHAL: Display: Platform has ~ 16 GB [17109180416 / 17179869184 / 16], which maps to Larger [LargestMinGB=32, LargerMinGB=12, DefaultMinGB=8, SmallerMinGB=6, SmallestMinGB=0)
[2020.10.31-17.43.36:030][  0]LogInit: Going up to parent DeviceProfile []
[2020.10.31-17.43.36:030][  0]LogConfig: Applying CVar settings from Section [ViewDistanceQuality@3] File [D:/UnrealEngine/UnrealProjects/Final_Project/Saved/Config/Windows/Scalability.ini]
[2020.10.31-17.43.36:030][  0]LogConfig: Setting CVar [[r.SkeletalMeshLODBias:0]]
[2020.10.31-17.43.36:030][  0]LogConfig: Setting CVar [[r.ViewDistanceScale:1.0]]
[2020.10.31-17.43.36:030][  0]LogConfig: Applying CVar settings from Section [AntiAliasingQuality@3] File [D:/UnrealEngine/UnrealProjects/Final_Project/Saved/Config/Windows/Scalability.ini]
[2020.10.31-17.43.36:030][  0]LogConfig: Setting CVar [[r.PostProcessAAQuality:4]]
[2020.10.31-17.43.36:030][  0]LogConfig: Applying CVar settings from Section [ShadowQuality@3] File [D:/UnrealEngine/UnrealProjects/Final_Project/Saved/Config/Windows/Scalability.ini]
[2020.10.31-17.43.36:030][  0]LogConfig: Setting CVar [[r.LightFunctionQuality:1]]
[2020.10.31-17.43.36:030][  0]LogConfig: Setting CVar [[r.ShadowQuality:5]]
[2020.10.31-17.43.36:030][  0]LogConfig: Setting CVar [[r.Shadow.CSM.MaxCascades:10]]
[2020.10.31-17.43.36:030][  0]LogConfig: Setting CVar [[r.Shadow.MaxResolution:2048]]
[2020.10.31-17.43.36:030][  0]LogConfig: Setting CVar [[r.Shadow.MaxCSMResolution:2048]]
[2020.10.31-17.43.36:030][  0]LogConfig: Setting CVar [[r.Shadow.RadiusThreshold:0.01]]
[2020.10.31-17.43.36:030][  0]LogConfig: Setting CVar [[r.Shadow.DistanceScale:1.0]]
[2020.10.31-17.43.36:030][  0]LogConfig: Setting CVar [[r.Shadow.CSM.TransitionScale:1.0]]
[2020.10.31-17.43.36:030][  0]LogConfig: Setting CVar [[r.Shadow.PreShadowResolutionFactor:1.0]]
[2020.10.31-17.43.36:030][  0]LogConfig: Setting CVar [[r.DistanceFieldShadowing:1]]
[2020.10.31-17.43.36:030][  0]LogConfig: Setting CVar [[r.DistanceFieldAO:1]]
[2020.10.31-17.43.36:030][  0]LogConfig: Setting CVar [[r.AOQuality:2]]
[2020.10.31-17.43.36:030][  0]LogConfig: Setting CVar [[r.VolumetricFog:1]]
[2020.10.31-17.43.36:030][  0]LogConfig: Setting CVar [[r.VolumetricFog.GridPixelSize:8]]
[2020.10.31-17.43.36:030][  0]LogConfig: Setting CVar [[r.VolumetricFog.GridSizeZ:128]]
[2020.10.31-17.43.36:030][  0]LogConfig: Setting CVar [[r.VolumetricFog.HistoryMissSupersampleCount:4]]
[2020.10.31-17.43.36:030][  0]LogConfig: Setting CVar [[r.LightMaxDrawDistanceScale:1]]
[2020.10.31-17.43.36:030][  0]LogConfig: Setting CVar [[r.CapsuleShadows:1]]
[2020.10.31-17.43.36:030][  0]LogConfig: Applying CVar settings from Section [PostProcessQuality@3] File [D:/UnrealEngine/UnrealProjects/Final_Project/Saved/Config/Windows/Scalability.ini]
[2020.10.31-17.43.36:030][  0]LogConfig: Setting CVar [[r.MotionBlurQuality:4]]
[2020.10.31-17.43.36:030][  0]LogConfig: Setting CVar [[r.AmbientOcclusionMipLevelFactor:0.4]]
[2020.10.31-17.43.36:030][  0]LogConfig: Setting CVar [[r.AmbientOcclusionMaxQuality:100]]
[2020.10.31-17.43.36:030][  0]LogConfig: Setting CVar [[r.AmbientOcclusionLevels:-1]]
[2020.10.31-17.43.36:030][  0]LogConfig: Setting CVar [[r.AmbientOcclusionRadiusScale:1.0]]
[2020.10.31-17.43.36:030][  0]LogConfig: Setting CVar [[r.DepthOfFieldQuality:2]]
[2020.10.31-17.43.36:030][  0]LogConfig: Setting CVar [[r.RenderTargetPoolMin:400]]
[2020.10.31-17.43.36:030][  0]LogConfig: Setting CVar [[r.LensFlareQuality:2]]
[2020.10.31-17.43.36:030][  0]LogConfig: Setting CVar [[r.SceneColorFringeQuality:1]]
[2020.10.31-17.43.36:030][  0]LogConfig: Setting CVar [[r.EyeAdaptationQuality:2]]
[2020.10.31-17.43.36:030][  0]LogConfig: Setting CVar [[r.BloomQuality:5]]
[2020.10.31-17.43.36:030][  0]LogConfig: Setting CVar [[r.FastBlurThreshold:100]]
[2020.10.31-17.43.36:030][  0]LogConfig: Setting CVar [[r.Upscale.Quality:3]]
[2020.10.31-17.43.36:030][  0]LogConfig: Setting CVar [[r.Tonemapper.GrainQuantization:1]]
[2020.10.31-17.43.36:031][  0]LogConfig: Setting CVar [[r.LightShaftQuality:1]]
[2020.10.31-17.43.36:031][  0]LogConfig: Setting CVar [[r.Filter.SizeScale:1]]
[2020.10.31-17.43.36:031][  0]LogConfig: Setting CVar [[r.Tonemapper.Quality:5]]
[2020.10.31-17.43.36:031][  0]LogConfig: Setting CVar [[r.DOF.Gather.AccumulatorQuality:1        ; higher gathering accumulator quality]]
[2020.10.31-17.43.36:031][  0]LogConfig: Setting CVar [[r.DOF.Gather.PostfilterMethod:1          ; Median3x3 postfilering method]]
[2020.10.31-17.43.36:031][  0]LogConfig: Setting CVar [[r.DOF.Gather.EnableBokehSettings:0       ; no bokeh simulation when gathering]]
[2020.10.31-17.43.36:031][  0]LogConfig: Setting CVar [[r.DOF.Gather.RingCount:4                 ; medium number of samples when gathering]]
[2020.10.31-17.43.36:031][  0]LogConfig: Setting CVar [[r.DOF.Scatter.ForegroundCompositing:1    ; additive foreground scattering]]
[2020.10.31-17.43.36:031][  0]LogConfig: Setting CVar [[r.DOF.Scatter.BackgroundCompositing:2    ; additive background scattering]]
[2020.10.31-17.43.36:031][  0]LogConfig: Setting CVar [[r.DOF.Scatter.EnableBokehSettings:1      ; bokeh simulation when scattering]]
[2020.10.31-17.43.36:031][  0]LogConfig: Setting CVar [[r.DOF.Scatter.MaxSpriteRatio:0.1         ; only a maximum of 10% of scattered bokeh]]
[2020.10.31-17.43.36:031][  0]LogConfig: Setting CVar [[r.DOF.Recombine.Quality:1                ; cheap slight out of focus]]
[2020.10.31-17.43.36:031][  0]LogConfig: Setting CVar [[r.DOF.Recombine.EnableBokehSettings:0    ; no bokeh simulation on slight out of focus]]
[2020.10.31-17.43.36:031][  0]LogConfig: Setting CVar [[r.DOF.TemporalAAQuality:1                ; more stable temporal accumulation]]
[2020.10.31-17.43.36:031][  0]LogConfig: Setting CVar [[r.DOF.Kernel.MaxForegroundRadius:0.025]]
[2020.10.31-17.43.36:031][  0]LogConfig: Setting CVar [[r.DOF.Kernel.MaxBackgroundRadius:0.025]]
[2020.10.31-17.43.36:031][  0]LogConfig: Applying CVar settings from Section [TextureQuality@3] File [D:/UnrealEngine/UnrealProjects/Final_Project/Saved/Config/Windows/Scalability.ini]
[2020.10.31-17.43.36:031][  0]LogConfig: Setting CVar [[r.Streaming.MipBias:0]]
[2020.10.31-17.43.36:031][  0]LogConfig: Setting CVar [[r.Streaming.AmortizeCPUToGPUCopy:0]]
[2020.10.31-17.43.36:031][  0]LogConfig: Setting CVar [[r.Streaming.MaxNumTexturesToStreamPerFrame:0]]
[2020.10.31-17.43.36:031][  0]LogConfig: Setting CVar [[r.Streaming.Boost:1]]
[2020.10.31-17.43.36:031][  0]LogConfig: Setting CVar [[r.MaxAnisotropy:8]]
[2020.10.31-17.43.36:031][  0]LogConfig: Setting CVar [[r.VT.MaxAnisotropy:8]]
[2020.10.31-17.43.36:031][  0]LogConfig: Setting CVar [[r.Streaming.LimitPoolSizeToVRAM:0]]
[2020.10.31-17.43.36:031][  0]LogConfig: Setting CVar [[r.Streaming.PoolSize:1000]]
[2020.10.31-17.43.36:031][  0]LogConfig: Setting CVar [[r.Streaming.MaxEffectiveScreenSize:0]]
[2020.10.31-17.43.36:031][  0]LogConfig: Applying CVar settings from Section [EffectsQuality@3] File [D:/UnrealEngine/UnrealProjects/Final_Project/Saved/Config/Windows/Scalability.ini]
[2020.10.31-17.43.36:031][  0]LogConfig: Setting CVar [[r.TranslucencyLightingVolumeDim:64]]
[2020.10.31-17.43.36:031][  0]LogConfig: Setting CVar [[r.RefractionQuality:2]]
[2020.10.31-17.43.36:031][  0]LogConfig: Setting CVar [[r.SSR.Quality:3]]
[2020.10.31-17.43.36:031][  0]LogConfig: Setting CVar [[r.SSR.HalfResSceneColor:0]]
[2020.10.31-17.43.36:031][  0]LogConfig: Setting CVar [[r.SceneColorFormat:4]]
[2020.10.31-17.43.36:031][  0]LogConfig: Setting CVar [[r.DetailMode:2]]
[2020.10.31-17.43.36:031][  0]LogConfig: Setting CVar [[r.TranslucencyVolumeBlur:1]]
[2020.10.31-17.43.36:031][  0]LogConfig: Setting CVar [[r.MaterialQualityLevel:1 ; High quality]]
[2020.10.31-17.43.36:031][  0]LogConfig: Setting CVar [[r.SSS.Scale:1]]
[2020.10.31-17.43.36:031][  0]LogConfig: Setting CVar [[r.SSS.SampleSet:2]]
[2020.10.31-17.43.36:031][  0]LogConfig: Setting CVar [[r.SSS.Quality:1]]
[2020.10.31-17.43.36:031][  0]LogConfig: Setting CVar [[r.SSS.HalfRes:0]]
[2020.10.31-17.43.36:031][  0]LogConfig: Setting CVar [[r.SSGI.Quality:3]]
[2020.10.31-17.43.36:031][  0]LogConfig: Setting CVar [[r.EmitterSpawnRateScale:1.0]]
[2020.10.31-17.43.36:031][  0]LogConfig: Setting CVar [[r.ParticleLightQuality:2]]
[2020.10.31-17.43.36:031][  0]LogConfig: Setting CVar [[r.SkyAtmosphere.AerialPerspectiveLUT.FastApplyOnOpaque:1 ; Always have FastSkyLUT 1 in this case to avoid wrong sky]]
[2020.10.31-17.43.36:031][  0]LogConfig: Setting CVar [[r.SkyAtmosphere.AerialPerspectiveLUT.SampleCountPerSlice:1]]
[2020.10.31-17.43.36:031][  0]LogConfig: Setting CVar [[r.SkyAtmosphere.AerialPerspectiveLUT.DepthResolution:16.0]]
[2020.10.31-17.43.36:031][  0]LogConfig: Setting CVar [[r.SkyAtmosphere.FastSkyLUT:1]]
[2020.10.31-17.43.36:031][  0]LogConfig: Setting CVar [[r.SkyAtmosphere.FastSkyLUT.SampleCountMin:4.0]]
[2020.10.31-17.43.36:031][  0]LogConfig: Setting CVar [[r.SkyAtmosphere.FastSkyLUT.SampleCountMax:32.0]]
[2020.10.31-17.43.36:031][  0]LogConfig: Setting CVar [[r.SkyAtmosphere.SampleCountMin:4.0]]
[2020.10.31-17.43.36:031][  0]LogConfig: Setting CVar [[r.SkyAtmosphere.SampleCountMax:32.0]]
[2020.10.31-17.43.36:031][  0]LogConfig: Setting CVar [[r.SkyAtmosphere.TransmittanceLUT.UseSmallFormat:0]]
[2020.10.31-17.43.36:031][  0]LogConfig: Setting CVar [[r.SkyAtmosphere.TransmittanceLUT.SampleCount:10.0]]
[2020.10.31-17.43.36:031][  0]LogConfig: Setting CVar [[r.SkyAtmosphere.MultiScatteringLUT.SampleCount:15.0]]
[2020.10.31-17.43.36:031][  0]LogConfig: Applying CVar settings from Section [FoliageQuality@3] File [D:/UnrealEngine/UnrealProjects/Final_Project/Saved/Config/Windows/Scalability.ini]
[2020.10.31-17.43.36:031][  0]LogConfig: Setting CVar [[foliage.DensityScale:1.0]]
[2020.10.31-17.43.36:031][  0]LogConfig: Setting CVar [[grass.DensityScale:1.0]]
[2020.10.31-17.43.36:031][  0]LogConfig: Applying CVar settings from Section [ShadingQuality@3] File [D:/UnrealEngine/UnrealProjects/Final_Project/Saved/Config/Windows/Scalability.ini]
[2020.10.31-17.43.36:031][  0]LogConfig: Setting CVar [[r.HairStrands.SkyLighting.SampleCount:16]]
[2020.10.31-17.43.36:031][  0]LogConfig: Setting CVar [[r.HairStrands.SkyLighting.JitterIntegration:0]]
[2020.10.31-17.43.36:031][  0]LogConfig: Setting CVar [[r.HairStrands.SkyAO.SampleCount:16]]
[2020.10.31-17.43.36:031][  0]LogConfig: Setting CVar [[r.HairStrands.DeepShadow.SuperSampling:0]]
[2020.10.31-17.43.36:031][  0]LogConfig: Setting CVar [[r.HairStrands.VisibilityPPLL:0]]
[2020.10.31-17.43.36:031][  0]LogConfig: Setting CVar [[r.HairStrands.RasterizationScale:0.5]]
[2020.10.31-17.43.36:031][  0]LogConfig: Setting CVar [[r.HairStrands.VelocityRasterizationScale:1]]
[2020.10.31-17.43.36:031][  0]LogConfig: Applying CVar settings from Section [Startup] File [../../../Engine/Config/ConsoleVariables.ini]
[2020.10.31-17.43.36:032][  0]LogConfig: Setting CVar [[net.UseAdaptiveNetUpdateFrequency:0]]
[2020.10.31-17.43.36:032][  0]LogConfig: Setting CVar [[p.chaos.AllowCreatePhysxBodies:1]]
[2020.10.31-17.43.36:032][  0]LogConfig: Setting CVar [[fx.SkipVectorVMBackendOptimizations:1]]
[2020.10.31-17.43.36:032][  0]LogConfig: Applying CVar settings from Section [ConsoleVariables] File [D:/UnrealEngine/UnrealProjects/Final_Project/Saved/Config/Windows/Engine.ini]
[2020.10.31-17.43.36:032][  0]LogInit: Computer: DESKTOP-BI3QQ0T
[2020.10.31-17.43.36:032][  0]LogInit: User: ANY180817
[2020.10.31-17.43.36:032][  0]LogInit: CPU Page size=4096, Cores=4
[2020.10.31-17.43.36:032][  0]LogInit: High frequency timer resolution =10.000000 MHz
[2020.10.31-17.43.36:032][  0]LogMemory: Memory total: Physical=15.9GB (16GB approx)
[2020.10.31-17.43.36:032][  0]LogMemory: Platform Memory Stats for Windows
[2020.10.31-17.43.36:032][  0]LogMemory: Process Physical Memory: 115.12 MB used, 115.12 MB peak
[2020.10.31-17.43.36:032][  0]LogMemory: Process Virtual Memory: 98.22 MB used, 98.22 MB peak
[2020.10.31-17.43.36:032][  0]LogMemory: Physical Memory: 8561.19 MB used,  7755.40 MB free, 16316.59 MB total
[2020.10.31-17.43.36:032][  0]LogMemory: Virtual Memory: 5145.35 MB used,  134212584.00 MB free, 134217728.00 MB total
[2020.10.31-17.43.36:049][  0]LogWindows: WindowsPlatformFeatures enabled
[2020.10.31-17.43.36:972][  0]LogInit: Physics initialised using underlying interface: PhysX
[2020.10.31-17.43.36:983][  0]LogInit: Using OS detected language (ko-KR).
[2020.10.31-17.43.36:983][  0]LogInit: Using OS detected locale (ko-KR).
[2020.10.31-17.43.37:000][  0]LogTextLocalizationManager: No specific localization for 'ko-KR' exists, so the 'ko' localization will be used.
[2020.10.31-17.43.37:675][  0]LogInit: Setting process to per monitor DPI aware
[2020.10.31-17.43.38:040][  0]LogSlate: New Slate User Created.  User Index 0, Is Virtual User: 0
[2020.10.31-17.43.38:040][  0]LogSlate: Slate User Registered.  User Index 0, Is Virtual User: 0
[2020.10.31-17.43.41:260][  0]LogHMD: Failed to initialize OpenVR with code 110
[2020.10.31-17.43.41:260][  0]LogD3D11RHI: D3D11 min allowed feature level: 11_0
[2020.10.31-17.43.41:260][  0]LogD3D11RHI: D3D11 max allowed feature level: 11_0
[2020.10.31-17.43.41:260][  0]LogD3D11RHI: D3D11 adapters:
[2020.10.31-17.43.41:766][  0]LogD3D11RHI:    0. 'NVIDIA GeForce GTX 1050 Ti' (Feature Level 11_0)
[2020.10.31-17.43.41:766][  0]LogD3D11RHI:       4018/0/8158 MB DedicatedVideo/DedicatedSystem/SharedSystem, Outputs:2, VendorId:0x10de
[2020.10.31-17.43.41:845][  0]LogD3D11RHI:    1. 'Microsoft Basic Render Driver' (Feature Level 11_0)
[2020.10.31-17.43.41:845][  0]LogD3D11RHI:       0/0/8158 MB DedicatedVideo/DedicatedSystem/SharedSystem, Outputs:0, VendorId:0x1414
[2020.10.31-17.43.41:845][  0]LogD3D11RHI: Chosen D3D11 Adapter: 0
[2020.10.31-17.43.41:853][  0]LogD3D11RHI: Creating new Direct3DDevice
[2020.10.31-17.43.41:853][  0]LogD3D11RHI:     GPU DeviceId: 0x1c82 (for the marketing name, search the web for "GPU Device Id")
[2020.10.31-17.43.41:853][  0]LogWindows: EnumDisplayDevices:
[2020.10.31-17.43.41:854][  0]LogWindows:    0. 'NVIDIA GeForce GTX 1050 Ti' (P:1 D:1)
[2020.10.31-17.43.41:856][  0]LogWindows:    1. 'NVIDIA GeForce GTX 1050 Ti' (P:0 D:1)
[2020.10.31-17.43.41:859][  0]LogWindows:    2. 'NVIDIA GeForce GTX 1050 Ti' (P:0 D:0)
[2020.10.31-17.43.41:861][  0]LogWindows:    3. 'NVIDIA GeForce GTX 1050 Ti' (P:0 D:0)
[2020.10.31-17.43.41:864][  0]LogWindows: DebugString: FoundDriverCount:4 
[2020.10.31-17.43.41:864][  0]LogD3D11RHI:     Adapter Name: NVIDIA GeForce GTX 1050 Ti
[2020.10.31-17.43.41:864][  0]LogD3D11RHI:   Driver Version: 432.00 (internal:26.21.14.3200, unified:432.00)
[2020.10.31-17.43.41:864][  0]LogD3D11RHI:      Driver Date: 7-24-2019
[2020.10.31-17.43.41:864][  0]LogRHI: Texture pool is 2812 MB (70% of 4018 MB)
[2020.10.31-17.43.41:922][  0]LogD3D11RHI: RHI has support for 64 bit atomics
[2020.10.31-17.43.41:927][  0]LogD3D11RHI: [Aftermath] Enabled and primed
[2020.10.31-17.43.41:927][  0]LogD3D11RHI: Async texture creation enabled
[2020.10.31-17.43.41:927][  0]LogD3D11RHI: Array index from any shader is supported
[2020.10.31-17.43.42:061][  0]LogD3D11RHI: GPU Timing Frequency: 1000.000000 (Debug: 2 1)
[2020.10.31-17.43.42:781][  0]LogTargetPlatformManager: Display: Loaded TargetPlatform 'AllDesktop'
[2020.10.31-17.43.42:834][  0]LogTargetPlatformManager: Display: Loaded TargetPlatform 'Android'
[2020.10.31-17.43.42:834][  0]LogTargetPlatformManager: Display: Loaded TargetPlatform 'Android_ASTC'
[2020.10.31-17.43.42:834][  0]LogTargetPlatformManager: Display: Loaded TargetPlatform 'Android_DXT'
[2020.10.31-17.43.42:834][  0]LogTargetPlatformManager: Display: Loaded TargetPlatform 'Android_ETC2'
[2020.10.31-17.43.42:834][  0]LogTargetPlatformManager: Display: Loaded TargetPlatform 'AndroidClient'
[2020.10.31-17.43.42:834][  0]LogTargetPlatformManager: Display: Loaded TargetPlatform 'Android_ASTCClient'
[2020.10.31-17.43.42:834][  0]LogTargetPlatformManager: Display: Loaded TargetPlatform 'Android_DXTClient'
[2020.10.31-17.43.42:834][  0]LogTargetPlatformManager: Display: Loaded TargetPlatform 'Android_ETC2Client'
[2020.10.31-17.43.42:834][  0]LogTargetPlatformManager: Display: Loaded TargetPlatform 'Android_Multi'
[2020.10.31-17.43.42:834][  0]LogTargetPlatformManager: Display: Loaded TargetPlatform 'Android_MultiClient'
[2020.10.31-17.43.42:992][  0]LogTargetPlatformManager: Display: Loaded TargetPlatform 'IOSClient'
[2020.10.31-17.43.42:992][  0]LogTargetPlatformManager: Display: Loaded TargetPlatform 'IOS'
[2020.10.31-17.43.43:036][  0]LogTargetPlatformManager: Display: Loaded TargetPlatform 'Linux'
[2020.10.31-17.43.43:071][  0]LogTargetPlatformManager: Display: Loaded TargetPlatform 'LinuxNoEditor'
[2020.10.31-17.43.43:120][  0]LogTargetPlatformManager: Display: Loaded TargetPlatform 'LinuxClient'
[2020.10.31-17.43.43:136][  0]LogTargetPlatformManager: Display: Loaded TargetPlatform 'LinuxServer'
[2020.10.31-17.43.43:271][  0]LogTargetPlatformManager: Display: Loaded TargetPlatform 'LinuxAArch64NoEditor'
[2020.10.31-17.43.43:317][  0]LogTargetPlatformManager: Display: Loaded TargetPlatform 'LinuxAArch64Client'
[2020.10.31-17.43.43:335][  0]LogTargetPlatformManager: Display: Loaded TargetPlatform 'LinuxAArch64Server'
[2020.10.31-17.43.43:386][  0]LogTargetPlatformManager: Display: Loaded TargetPlatform 'Lumin'
[2020.10.31-17.43.43:386][  0]LogTargetPlatformManager: Display: Loaded TargetPlatform 'LuminClient'
[2020.10.31-17.43.43:469][  0]LogTargetPlatformManager: Display: Loaded TargetPlatform 'TVOSClient'
[2020.10.31-17.43.43:469][  0]LogTargetPlatformManager: Display: Loaded TargetPlatform 'TVOS'
[2020.10.31-17.43.43:536][  0]LogTargetPlatformManager: Display: Loaded TargetPlatform 'WindowsNoEditor'
[2020.10.31-17.43.43:566][  0]LogTargetPlatformManager: Display: Loaded TargetPlatform 'Windows'
[2020.10.31-17.43.43:613][  0]LogTargetPlatformManager: Display: Loaded TargetPlatform 'WindowsClient'
[2020.10.31-17.43.43:631][  0]LogTargetPlatformManager: Display: Loaded TargetPlatform 'WindowsServer'
[2020.10.31-17.43.43:631][  0]LogTargetPlatformManager: Display: Building Assets For Windows
[2020.10.31-17.43.44:062][  0]LogAudioDebug: Display: Lib vorbis DLL was dynamically loaded.
[2020.10.31-17.43.45:818][  0]LogShaderCompilers: Guid format shader working directory is 6 characters bigger than the processId version (../../../../../UnrealProjects/Final_Project/Intermediate/Shaders/WorkingDirectory/19432/).
[2020.10.31-17.43.45:818][  0]LogShaderCompilers: Cleaned the shader compiler working directory 'C:/Users/ANY180817/AppData/Local/Temp/UnrealShaderWorkingDir/A7BC1B4B4962DBD7089333B6F56AE059/'.
[2020.10.31-17.43.45:819][  0]LogXGEController: Cannot use XGE Controller as Incredibuild is not installed on this machine.
[2020.10.31-17.43.45:819][  0]LogShaderCompilers: Cannot use XGE Shader Compiler as Incredibuild is not installed on this machine.
[2020.10.31-17.43.45:819][  0]LogShaderCompilers: Display: Using Local Shader Compiler.
[2020.10.31-17.43.48:433][  0]LogDerivedDataCache: Display: Max Cache Size: 512 MB
[2020.10.31-17.43.48:622][  0]LogDerivedDataCache: Loaded boot cache 0.19s 77MB C:/Users/ANY180817/AppData/Local/UnrealEngine/4.25/DerivedDataCache/Boot.ddc.
[2020.10.31-17.43.48:622][  0]LogDerivedDataCache: Display: Loaded Boot cache: C:/Users/ANY180817/AppData/Local/UnrealEngine/4.25/DerivedDataCache/Boot.ddc
[2020.10.31-17.43.48:623][  0]LogDerivedDataCache: FDerivedDataBackendGraph:  Pak pak cache file ../../../../../UnrealProjects/Final_Project/DerivedDataCache/DDC.ddp not found, will not use a pak cache.
[2020.10.31-17.43.48:623][  0]LogDerivedDataCache: Unable to find inner node Pak for hierarchical cache Hierarchy.
[2020.10.31-17.43.48:623][  0]LogDerivedDataCache: FDerivedDataBackendGraph:  CompressedPak pak cache file ../../../../../UnrealProjects/Final_Project/DerivedDataCache/Compressed.ddp not found, will not use a pak cache.
[2020.10.31-17.43.48:623][  0]LogDerivedDataCache: Unable to find inner node CompressedPak for hierarchical cache Hierarchy.
[2020.10.31-17.43.48:731][  0]LogDerivedDataCache: Display: Pak cache opened for reading ../../../Engine/DerivedDataCache/Compressed.ddp.
[2020.10.31-17.43.48:731][  0]LogDerivedDataCache: FDerivedDataBackendGraph:  EnterprisePak pak cache file ../../../Enterprise/DerivedDataCache/Compressed.ddp not found, will not use a pak cache.
[2020.10.31-17.43.48:731][  0]LogDerivedDataCache: Unable to find inner node EnterprisePak for hierarchical cache Hierarchy.
[2020.10.31-17.43.48:733][  0]LogDerivedDataCache: Using Local data cache path C:/Users/ANY180817/AppData/Local/UnrealEngine/Common/DerivedDataCache: Writable
[2020.10.31-17.43.48:733][  0]LogDerivedDataCache: Shared data cache path not found in *engine.ini, will not use an Shared cache.
[2020.10.31-17.43.48:734][  0]LogDerivedDataCache: Unable to find inner node Shared for hierarchical cache Hierarchy.
[2020.10.31-17.43.48:799][  0]LogSlate: Using FreeType 2.10.0
[2020.10.31-17.43.48:823][  0]LogSlate: SlateFontServices - WITH_FREETYPE: 1, WITH_HARFBUZZ: 1
[2020.10.31-17.43.50:340][  0]LogAssetRegistry: FAssetRegistry took 0.0034 seconds to start up
[2020.10.31-17.43.50:730][  0]LogInit: Selected Device Profile: [Windows]
[2020.10.31-17.43.54:453][  0]LogMeshReduction: Using QuadricMeshReduction for automatic static mesh reduction
[2020.10.31-17.43.54:453][  0]LogMeshReduction: Using SimplygonMeshReduction for automatic skeletal mesh reduction
[2020.10.31-17.43.54:453][  0]LogMeshReduction: Using ProxyLODMeshReduction for automatic mesh merging
[2020.10.31-17.43.54:453][  0]LogMeshReduction: No distributed automatic mesh merging module available
[2020.10.31-17.43.54:453][  0]LogMeshMerging: No distributed automatic mesh merging module available
[2020.10.31-17.43.54:511][  0]LogNetVersion: Final_Project 1.0.0, NetCL: 13144385, EngineNetVer: 14, GameNetVer: 0 (Checksum: 4264652595)
[2020.10.31-17.44.11:924][  0]LogAISub: UAISubsystem::UAISubsystem AISubsystem (000001C9EED91CC0), frame # 0
[2020.10.31-17.44.11:924][  0]LogAISub: UAISubsystem::UAISubsystem AIPerceptionSystem (000001C9EEC62AC0), frame # 0
[2020.10.31-17.44.11:925][  0]LogAISub: UAISubsystem::UAISubsystem EnvQueryManager (000001C9EED8EA00), frame # 0
[2020.10.31-17.44.11:985][  0]LogPackageLocalizationCache: Processed 19 localized package path(s) for 1 prioritized culture(s) in 0.051155 seconds
[2020.10.31-17.44.11:993][  0]LogUObjectArray: 15917 objects as part of root set at end of initial load.
[2020.10.31-17.44.11:993][  0]LogUObjectAllocator: 3965568 out of 0 bytes used by permanent object pool.
[2020.10.31-17.44.11:993][  0]LogUObjectArray: CloseDisregardForGC: 0/0 objects in disregard for GC pool
[2020.10.31-17.44.17:844][  0]LogTcpMessaging: Initializing TcpMessaging bridge
[2020.10.31-17.44.17:884][  0]LogUdpMessaging: Initializing bridge on interface 0.0.0.0:0 to multicast group 230.0.0.1:6666.
[2020.10.31-17.44.19:211][  0]SourceControl: 소스 컨트롤이 꺼졌습니다.
[2020.10.31-17.44.19:211][  0]SourceControl: 소스 컨트롤이 꺼졌습니다.
[2020.10.31-17.44.19:661][  0]SourceControl: 소스 컨트롤이 꺼졌습니다.
[2020.10.31-17.44.19:786][  0]SourceControl: 소스 컨트롤이 꺼졌습니다.
[2020.10.31-17.44.20:036][  0]SourceControl: 소스 컨트롤이 꺼졌습니다.
[2020.10.31-17.44.24:899][  0]LogAndroidPermission: UAndroidPermissionCallbackProxy::GetInstance
[2020.10.31-17.44.25:201][  0]LogAudioCaptureCore: Display: No Audio Capture implementations found. Audio input will be silent.
[2020.10.31-17.44.25:201][  0]LogAudioCaptureCore: Display: No Audio Capture implementations found. Audio input will be silent.
[2020.10.31-17.44.25:612][  0]LogOcInput: OculusInput pre-init called
[2020.10.31-17.44.25:791][  0]LogWindows: Failed to load 'OVRPlugin.dll' (GetLastError=126)
[2020.10.31-17.44.25:791][  0]LogWindows: File 'OVRPlugin.dll' does not exist
[2020.10.31-17.44.26:383][  0]LogEngine: Initializing Engine...
[2020.10.31-17.44.26:385][  0]LogHMD: Failed to initialize OpenVR with code 110
[2020.10.31-17.44.26:385][  0]LogMagicLeap: Warning: VR disabled because ZI is not enabled.  To enable, in the editor, Edit -> Project Settings -> Plugins -> Magic Leap Plugin -> Enable Zero Iteration
[2020.10.31-17.44.26:386][  0]LogStats: UGameplayTagsManager::InitializeManager -  0.000 s
[2020.10.31-17.44.26:691][  0]LogInit: Initializing FReadOnlyCVARCache
[2020.10.31-17.44.26:809][  0]LogAIModule: Creating AISystem for world Untitled
[2020.10.31-17.44.26:810][  0]LogAISub: UAISubsystem::UAISubsystem EnvQueryManager (000001C9F94E1E00), frame # 0
[2020.10.31-17.44.26:810][  0]LogAISub: UAISubsystem::UAISubsystem AIPerceptionSystem (000001C9F9515D00), frame # 0
[2020.10.31-17.44.26:853][  0]LogAudioMixer: Display: Audio Mixer Platform Settings:
[2020.10.31-17.44.26:854][  0]LogAudioMixer: Display: 	Sample Rate:						  48000
[2020.10.31-17.44.26:854][  0]LogAudioMixer: Display: 	Callback Buffer Frame Size Requested: 1024
[2020.10.31-17.44.26:854][  0]LogAudioMixer: Display: 	Callback Buffer Frame Size To Use:	  1024
[2020.10.31-17.44.26:854][  0]LogAudioMixer: Display: 	Number of buffers to queue:			  2
[2020.10.31-17.44.26:854][  0]LogAudioMixer: Display: 	Max Channels (voices):				  32
[2020.10.31-17.44.26:854][  0]LogAudioMixer: Display: 	Number of Async Source Workers:		  0
[2020.10.31-17.44.26:854][  0]LogAudio: Display: AudioDevice MaxSources: 32
[2020.10.31-17.44.26:855][  0]LogAudio: Display: Using built-in audio occlusion.
[2020.10.31-17.44.26:855][  0]LogAudioMixer: Display: Initializing audio mixer.
[2020.10.31-17.44.26:994][  0]LogAudioMixer: Display: 0: FrontLeft
[2020.10.31-17.44.26:994][  0]LogAudioMixer: Display: 1: FrontRight
[2020.10.31-17.44.27:395][  0]LogAudioMixer: Display: Using Audio Device 스피커(Realtek High Definition Audio)
[2020.10.31-17.44.27:396][  0]LogAudioMixer: Display: Initializing Sound Submixes...
[2020.10.31-17.44.27:399][  0]LogAudioMixer: Display: Creating Master Submix 'MasterSubmixDefault'
[2020.10.31-17.44.27:399][  0]LogAudioMixer: Display: Creating Master Submix 'MasterReverbSubmixDefault'
[2020.10.31-17.44.27:400][  0]LogAudioMixer: Display: Creating Master Submix 'MasterEQSubmixDefault'
[2020.10.31-17.44.27:401][  0]LogInit: FAudioDevice initialized.
[2020.10.31-17.44.27:401][  0]LogNetVersion: Set ProjectVersion to 1.0.0.0. Version Checksum will be recalculated on next use.
[2020.10.31-17.44.27:403][  0]LogDerivedDataCache: Error: Could not save memory cache C:/Users/ANY180817/AppData/Local/UnrealEngine/4.25/DerivedDataCache/Boot.ddc.
[2020.10.31-17.44.27:408][  0]LogInit: Texture streaming: Enabled
[2020.10.31-17.44.27:741][  0]LogEngineSessionManager: EngineSessionManager initialized
[2020.10.31-17.44.27:741][  0]LogEditorSessionSummary: Verbose: Initializing EditorSessionSummaryWriter for editor session tracking
[2020.10.31-17.44.27:753][  0]LogEditorSessionSummary: EditorSessionSummaryWriter initialized
[2020.10.31-17.44.28:041][  0]LogInit: Transaction tracking system initialized
[2020.10.31-17.44.28:474][  0]BlueprintLog: New page: 에디터 로드
[2020.10.31-17.44.30:288][  0]LocalizationService: 현지화 서비스가 비활성화되었습니다.
[2020.10.31-17.44.32:062][  0]LogCook: Display: Max memory allowance for cook 16384mb min free memory 0mb
[2020.10.31-17.44.32:062][  0]LogCook: Display: Mobile HDR setting 1
[2020.10.31-17.44.32:668][  0]LogFileCache: Scanning file cache for directory 'D:/UnrealEngine/UnrealProjects/Final_Project/Content/' took 0.04s
[2020.10.31-17.44.35:294][  0]SourceControl: 소스 컨트롤이 꺼졌습니다.
[2020.10.31-17.44.35:294][  0]LogUnrealEdMisc: Loading editor; pre map load, took 66.672
[2020.10.31-17.44.35:294][  0]Cmd: MAP LOAD FILE="../../../../../UnrealProjects/Final_Project/Content/Stage/TestMap.umap" TEMPLATE=0 SHOWPROGRESS=1 FEATURELEVEL=3
[2020.10.31-17.44.35:295][  0]LightingResults: New page: 라이팅 빌드
[2020.10.31-17.44.35:296][  0]LogWorld: UWorld::CleanupWorld for Untitled, bSessionEnded=true, bCleanupResources=true
[2020.10.31-17.44.35:296][  0]LogSlate: InvalidateAllWidgets triggered.  All widgets were invalidated
[2020.10.31-17.44.35:296][  0]MapCheck: New page: 맵 체크
[2020.10.31-17.44.35:296][  0]LightingResults: New page: 라이팅 빌드
[2020.10.31-17.44.35:317][  0]LogAISub: UAISubsystem::~UAISubsystem EnvQueryManager (000001C9F94E1E00), frame # 0
[2020.10.31-17.44.35:317][  0]LogAISub: UAISubsystem::~UAISubsystem AIPerceptionSystem (000001C9F9515D00), frame # 0
[2020.10.31-17.44.35:319][  0]LogUObjectHash: Compacting FUObjectHashTables data took   1.54ms
[2020.10.31-17.44.35:569][  0]LogAIModule: Creating AISystem for world TestMap
[2020.10.31-17.44.35:569][  0]LogAISub: UAISubsystem::UAISubsystem EnvQueryManager (000001C9E9C3FE00), frame # 0
[2020.10.31-17.44.35:569][  0]LogAISub: UAISubsystem::UAISubsystem AIPerceptionSystem (000001C9EF62F9C0), frame # 0
[2020.10.31-17.44.35:619][  0]LogEditorServer: Finished looking for orphan Actors (0.000 secs)
[2020.10.31-17.44.35:634][  0]LogUObjectHash: Compacting FUObjectHashTables data took   1.31ms
[2020.10.31-17.44.35:634][  0]Cmd: MAP CHECKDEP NOCLEARLOG
[2020.10.31-17.44.35:634][  0]MapCheck: 맵 체크 완료: 오류 0 회, 경고 0 회, 소요 시간 0.166ms.
[2020.10.31-17.44.35:635][  0]LogFileHelpers: Loading map 'TestMap' took 0.341
[2020.10.31-17.44.35:704][  0]LogUnrealEdMisc: Total Editor Startup Time, took 67.083
[2020.10.31-17.44.36:027][  0]LogSlate: Updating window title bar state: overlay mode, drag disabled, window buttons hidden, title bar hidden
[2020.10.31-17.44.36:036][  0]LogSlate: Updating window title bar state: overlay mode, drag disabled, window buttons hidden, title bar hidden
[2020.10.31-17.44.36:047][  0]LogSlate: Updating window title bar state: overlay mode, drag disabled, window buttons hidden, title bar hidden
[2020.10.31-17.44.36:057][  0]LogSlate: Updating window title bar state: overlay mode, drag disabled, window buttons hidden, title bar hidden
[2020.10.31-17.44.36:128][  0]LogCollectionManager: Loaded 0 collections in 0.004093 seconds
[2020.10.31-17.44.36:216][  0]LogFileCache: Scanning file cache for directory 'D:/UnrealEngine/UnrealProjects/Final_Project/Saved/Collections/' took 0.00s
[2020.10.31-17.44.36:217][  0]LogFileCache: Scanning file cache for directory 'D:/UnrealEngine/UnrealProjects/Final_Project/Content/Developers/ANY180817/Collections/' took 0.00s
[2020.10.31-17.44.36:217][  0]LogFileCache: Scanning file cache for directory 'D:/UnrealEngine/UnrealProjects/Final_Project/Content/Collections/' took 0.00s
[2020.10.31-17.44.36:217][  0]LogContentBrowser: Native class hierarchy populated in 0.0112 seconds. Added 3445 classes and 826 folders.
[2020.10.31-17.44.36:220][  0]LogContentBrowser: Native class hierarchy updated for 'WidgetCarousel' in 0.0006 seconds. Added 0 classes and 0 folders.
[2020.10.31-17.44.38:739][  0]LogContentBrowser: Native class hierarchy updated for 'AddContentDialog' in 0.0009 seconds. Added 0 classes and 0 folders.
[2020.10.31-17.44.38:749][  0]LogContentBrowser: Native class hierarchy updated for 'SceneOutliner' in 0.0010 seconds. Added 2 classes and 0 folders.
[2020.10.31-17.44.38:969][  0]LogSlate: Took 0.015689 seconds to synchronously load lazily loaded font '../../../Engine/Content/Slate/Fonts/Roboto-Regular.ttf' (155K)
[2020.10.31-17.44.39:031][  0]LogSlate: Took 0.060403 seconds to synchronously load lazily loaded font '../../../Engine/Content/Editor/Slate/Fonts/NanumGothic.ttf' (4243K)
[2020.10.31-17.44.39:174][  0]LogSlate: Took 0.139871 seconds to synchronously load lazily loaded font '../../../Engine/Content/Editor/Slate/Fonts/NanumGothicBold.ttf' (4188K)
[2020.10.31-17.44.39:190][  0]LogSlate: Took 0.016091 seconds to synchronously load lazily loaded font '../../../Engine/Content/Slate/Fonts/Roboto-Bold.ttf' (160K)
[2020.10.31-17.44.39:208][  0]LogSlate: Took 0.014169 seconds to synchronously load lazily loaded font '../../../Engine/Content/Editor/Slate/Fonts/FontAwesome.ttf' (139K)
[2020.10.31-17.44.39:427][  0]LogRenderer: Reallocating scene render targets to support 1248x572 Format 10 NumSamples 1 (Frame:1).
[2020.10.31-17.44.39:560][  0]LogSlate: Took 0.028884 seconds to synchronously load lazily loaded font '../../../Engine/Content/Slate/Fonts/Roboto-Light.ttf' (167K)
[2020.10.31-17.44.39:724][  0]LogContentBrowser: Native class hierarchy updated for 'HierarchicalLODOutliner' in 0.0007 seconds. Added 0 classes and 0 folders.
[2020.10.31-17.44.39:724][  0]LogLoad: (Engine Initialization) Total time: 71.10 seconds
[2020.10.31-17.44.39:724][  0]LogLoad: (Engine Initialization) Total Blueprint compile time: 0.00 seconds
[2020.10.31-17.44.39:791][  0]LogAssetRegistry: Asset discovery search completed in 49.4517 seconds
[2020.10.31-17.44.39:797][  0]LogCollectionManager: Fixed up redirectors for 0 collections in 0.000003 seconds (updated 0 objects)
[2020.10.31-17.44.39:799][  0]LogContentStreaming: Texture pool size now 1000 MB
[2020.10.31-18.04.09:111][421]LogHotReload: New module detected: UE4Editor-Final_Project-6619.dll
[2020.10.31-18.04.12:161][431]LogHotReload: Starting Hot-Reload from IDE
[2020.10.31-18.04.12:166][431]LogSlate: Took 0.000386 seconds to synchronously load lazily loaded font '../../../Engine/Content/Slate/Fonts/Roboto-Light.ttf' (167K)
[2020.10.31-18.04.12:233][431]LogClass: FPCharacterData HotReload.
[2020.10.31-18.04.12:238][431]Final_Project: Warning: AFPCharacter::AFPCharacter(95) Character Asset : /Game/InfinityBladeWarriors/Character/CompleteCharacters/SK_CharM_Barbarous.SK_CharM_Barbarous
[2020.10.31-18.04.12:238][431]Final_Project: Warning: AFPCharacter::AFPCharacter(95) Character Asset : /Game/InfinityBladeWarriors/Character/CompleteCharacters/sk_CharM_Base.sk_CharM_Base
[2020.10.31-18.04.12:238][431]Final_Project: Warning: AFPCharacter::AFPCharacter(95) Character Asset : /Game/InfinityBladeWarriors/Character/CompleteCharacters/SK_CharM_Bladed.SK_CharM_Bladed
[2020.10.31-18.04.12:238][431]Final_Project: Warning: AFPCharacter::AFPCharacter(95) Character Asset : /Game/InfinityBladeWarriors/Character/CompleteCharacters/SK_CharM_Cardboard.SK_CharM_Cardboard
[2020.10.31-18.04.12:238][431]Final_Project: Warning: AFPCharacter::AFPCharacter(95) Character Asset : /Game/InfinityBladeWarriors/Character/CompleteCharacters/SK_CharM_Forge.SK_CharM_Forge
[2020.10.31-18.04.12:238][431]Final_Project: Warning: AFPCharacter::AFPCharacter(95) Character Asset : /Game/InfinityBladeWarriors/Character/CompleteCharacters/SK_CharM_FrostGiant.SK_CharM_FrostGiant
[2020.10.31-18.04.12:238][431]Final_Project: Warning: AFPCharacter::AFPCharacter(95) Character Asset : /Game/InfinityBladeWarriors/Character/CompleteCharacters/SK_CharM_Golden.SK_CharM_Golden
[2020.10.31-18.04.12:238][431]Final_Project: Warning: AFPCharacter::AFPCharacter(95) Character Asset : /Game/InfinityBladeWarriors/Character/CompleteCharacters/SK_CharM_Natural.SK_CharM_Natural
[2020.10.31-18.04.12:238][431]Final_Project: Warning: AFPCharacter::AFPCharacter(95) Character Asset : /Game/InfinityBladeWarriors/Character/CompleteCharacters/SK_CharM_Pit.SK_CharM_Pit
[2020.10.31-18.04.12:238][431]Final_Project: Warning: AFPCharacter::AFPCharacter(95) Character Asset : /Game/InfinityBladeWarriors/Character/CompleteCharacters/SK_CharM_Ragged0.SK_CharM_Ragged0
[2020.10.31-18.04.12:238][431]Final_Project: Warning: AFPCharacter::AFPCharacter(95) Character Asset : /Game/InfinityBladeWarriors/Character/CompleteCharacters/SK_CharM_RaggedElite.SK_CharM_RaggedElite
[2020.10.31-18.04.12:238][431]Final_Project: Warning: AFPCharacter::AFPCharacter(95) Character Asset : /Game/InfinityBladeWarriors/Character/CompleteCharacters/SK_CharM_Ram.SK_CharM_Ram
[2020.10.31-18.04.12:238][431]Final_Project: Warning: AFPCharacter::AFPCharacter(95) Character Asset : /Game/InfinityBladeWarriors/Character/CompleteCharacters/SK_CharM_Robo.SK_CharM_Robo
[2020.10.31-18.04.12:238][431]Final_Project: Warning: AFPCharacter::AFPCharacter(95) Character Asset : /Game/InfinityBladeWarriors/Character/CompleteCharacters/SK_CharM_Shell.SK_CharM_Shell
[2020.10.31-18.04.12:238][431]Final_Project: Warning: AFPCharacter::AFPCharacter(95) Character Asset : /Game/InfinityBladeWarriors/Character/CompleteCharacters/SK_CharM_solid.SK_CharM_solid
[2020.10.31-18.04.12:238][431]Final_Project: Warning: AFPCharacter::AFPCharacter(95) Character Asset : /Game/InfinityBladeWarriors/Character/CompleteCharacters/SK_CharM_Standard.SK_CharM_Standard
[2020.10.31-18.04.12:238][431]Final_Project: Warning: AFPCharacter::AFPCharacter(95) Character Asset : /Game/InfinityBladeWarriors/Character/CompleteCharacters/SK_CharM_Tusk.SK_CharM_Tusk
[2020.10.31-18.04.12:238][431]Final_Project: Warning: AFPCharacter::AFPCharacter(95) Character Asset : /Game/InfinityBladeWarriors/Character/CompleteCharacters/SK_CharM_Warrior.SK_CharM_Warrior
[2020.10.31-18.04.12:240][431]LogHotReload: Re-instancing FPCharacter after hot-reload.
[2020.10.31-18.04.12:240][431]Final_Project: Warning: AFPCharacter::AFPCharacter(95) Character Asset : /Game/InfinityBladeWarriors/Character/CompleteCharacters/SK_CharM_Barbarous.SK_CharM_Barbarous
[2020.10.31-18.04.12:240][431]Final_Project: Warning: AFPCharacter::AFPCharacter(95) Character Asset : /Game/InfinityBladeWarriors/Character/CompleteCharacters/sk_CharM_Base.sk_CharM_Base
[2020.10.31-18.04.12:240][431]Final_Project: Warning: AFPCharacter::AFPCharacter(95) Character Asset : /Game/InfinityBladeWarriors/Character/CompleteCharacters/SK_CharM_Bladed.SK_CharM_Bladed
[2020.10.31-18.04.12:240][431]Final_Project: Warning: AFPCharacter::AFPCharacter(95) Character Asset : /Game/InfinityBladeWarriors/Character/CompleteCharacters/SK_CharM_Cardboard.SK_CharM_Cardboard
[2020.10.31-18.04.12:240][431]Final_Project: Warning: AFPCharacter::AFPCharacter(95) Character Asset : /Game/InfinityBladeWarriors/Character/CompleteCharacters/SK_CharM_Forge.SK_CharM_Forge
[2020.10.31-18.04.12:240][431]Final_Project: Warning: AFPCharacter::AFPCharacter(95) Character Asset : /Game/InfinityBladeWarriors/Character/CompleteCharacters/SK_CharM_FrostGiant.SK_CharM_FrostGiant
[2020.10.31-18.04.12:240][431]Final_Project: Warning: AFPCharacter::AFPCharacter(95) Character Asset : /Game/InfinityBladeWarriors/Character/CompleteCharacters/SK_CharM_Golden.SK_CharM_Golden
[2020.10.31-18.04.12:240][431]Final_Project: Warning: AFPCharacter::AFPCharacter(95) Character Asset : /Game/InfinityBladeWarriors/Character/CompleteCharacters/SK_CharM_Natural.SK_CharM_Natural
[2020.10.31-18.04.12:240][431]Final_Project: Warning: AFPCharacter::AFPCharacter(95) Character Asset : /Game/InfinityBladeWarriors/Character/CompleteCharacters/SK_CharM_Pit.SK_CharM_Pit
[2020.10.31-18.04.12:240][431]Final_Project: Warning: AFPCharacter::AFPCharacter(95) Character Asset : /Game/InfinityBladeWarriors/Character/CompleteCharacters/SK_CharM_Ragged0.SK_CharM_Ragged0
[2020.10.31-18.04.12:240][431]Final_Project: Warning: AFPCharacter::AFPCharacter(95) Character Asset : /Game/InfinityBladeWarriors/Character/CompleteCharacters/SK_CharM_RaggedElite.SK_CharM_RaggedElite
[2020.10.31-18.04.12:240][431]Final_Project: Warning: AFPCharacter::AFPCharacter(95) Character Asset : /Game/InfinityBladeWarriors/Character/CompleteCharacters/SK_CharM_Ram.SK_CharM_Ram
[2020.10.31-18.04.12:240][431]Final_Project: Warning: AFPCharacter::AFPCharacter(95) Character Asset : /Game/InfinityBladeWarriors/Character/CompleteCharacters/SK_CharM_Robo.SK_CharM_Robo
[2020.10.31-18.04.12:240][431]Final_Project: Warning: AFPCharacter::AFPCharacter(95) Character Asset : /Game/InfinityBladeWarriors/Character/CompleteCharacters/SK_CharM_Shell.SK_CharM_Shell
[2020.10.31-18.04.12:240][431]Final_Project: Warning: AFPCharacter::AFPCharacter(95) Character Asset : /Game/InfinityBladeWarriors/Character/CompleteCharacters/SK_CharM_solid.SK_CharM_solid
[2020.10.31-18.04.12:240][431]Final_Project: Warning: AFPCharacter::AFPCharacter(95) Character Asset : /Game/InfinityBladeWarriors/Character/CompleteCharacters/SK_CharM_Standard.SK_CharM_Standard
[2020.10.31-18.04.12:240][431]Final_Project: Warning: AFPCharacter::AFPCharacter(95) Character Asset : /Game/InfinityBladeWarriors/Character/CompleteCharacters/SK_CharM_Tusk.SK_CharM_Tusk
[2020.10.31-18.04.12:241][431]Final_Project: Warning: AFPCharacter::AFPCharacter(95) Character Asset : /Game/InfinityBladeWarriors/Character/CompleteCharacters/SK_CharM_Warrior.SK_CharM_Warrior
[2020.10.31-18.04.12:252][431]LogContentBrowser: Native class hierarchy updated for 'Final_Project' in 0.0005 seconds. Added 17 classes and 2 folders.
[2020.10.31-18.04.12:253][431]Display: HotReload successful (5 functions remapped  1 scriptstructs remapped)
[2020.10.31-18.04.12:300][431]LogContentBrowser: Native class hierarchy populated in 0.0092 seconds. Added 3445 classes and 826 folders.
[2020.10.31-18.04.12:306][431]Display: HotReload took  0.1s.
[2020.10.31-18.32.19:202][470]LogHotReload: New module detected: UE4Editor-Final_Project-3492.dll
[2020.10.31-18.32.22:928][482]LogHotReload: Starting Hot-Reload from IDE
[2020.10.31-18.32.22:966][482]LogClass: Could not find existing class FPCharacter in package /Script/Final_Project for HotReload, assuming new class
[2020.10.31-18.32.22:966][482]LogClass: Function OnAttackMontageEnded is new.
[2020.10.31-18.32.22:967][482]LogClass: Could not find existing class FPGameInstance in package /Script/Final_Project for HotReload, assuming new class
[2020.10.31-18.32.22:969][482]LogClass: FPCharacterData HotReload.
[2020.10.31-18.32.22:970][482]Final_Project: Warning: AFPCharacter::AFPCharacter(97) Character Asset : /Game/InfinityBladeWarriors/Character/CompleteCharacters/SK_CharM_Barbarous.SK_CharM_Barbarous
[2020.10.31-18.32.22:970][482]Final_Project: Warning: AFPCharacter::AFPCharacter(97) Character Asset : /Game/InfinityBladeWarriors/Character/CompleteCharacters/sk_CharM_Base.sk_CharM_Base
[2020.10.31-18.32.22:970][482]Final_Project: Warning: AFPCharacter::AFPCharacter(97) Character Asset : /Game/InfinityBladeWarriors/Character/CompleteCharacters/SK_CharM_Bladed.SK_CharM_Bladed
[2020.10.31-18.32.22:970][482]Final_Project: Warning: AFPCharacter::AFPCharacter(97) Character Asset : /Game/InfinityBladeWarriors/Character/CompleteCharacters/SK_CharM_Cardboard.SK_CharM_Cardboard
[2020.10.31-18.32.22:970][482]Final_Project: Warning: AFPCharacter::AFPCharacter(97) Character Asset : /Game/InfinityBladeWarriors/Character/CompleteCharacters/SK_CharM_Forge.SK_CharM_Forge
[2020.10.31-18.32.22:970][482]Final_Project: Warning: AFPCharacter::AFPCharacter(97) Character Asset : /Game/InfinityBladeWarriors/Character/CompleteCharacters/SK_CharM_FrostGiant.SK_CharM_FrostGiant
[2020.10.31-18.32.22:970][482]Final_Project: Warning: AFPCharacter::AFPCharacter(97) Character Asset : /Game/InfinityBladeWarriors/Character/CompleteCharacters/SK_CharM_Golden.SK_CharM_Golden
[2020.10.31-18.32.22:970][482]Final_Project: Warning: AFPCharacter::AFPCharacter(97) Character Asset : /Game/InfinityBladeWarriors/Character/CompleteCharacters/SK_CharM_Natural.SK_CharM_Natural
[2020.10.31-18.32.22:970][482]Final_Project: Warning: AFPCharacter::AFPCharacter(97) Character Asset : /Game/InfinityBladeWarriors/Character/CompleteCharacters/SK_CharM_Pit.SK_CharM_Pit
[2020.10.31-18.32.22:970][482]Final_Project: Warning: AFPCharacter::AFPCharacter(97) Character Asset : /Game/InfinityBladeWarriors/Character/CompleteCharacters/SK_CharM_Ragged0.SK_CharM_Ragged0
[2020.10.31-18.32.22:970][482]Final_Project: Warning: AFPCharacter::AFPCharacter(97) Character Asset : /Game/InfinityBladeWarriors/Character/CompleteCharacters/SK_CharM_RaggedElite.SK_CharM_RaggedElite
[2020.10.31-18.32.22:970][482]Final_Project: Warning: AFPCharacter::AFPCharacter(97) Character Asset : /Game/InfinityBladeWarriors/Character/CompleteCharacters/SK_CharM_Ram.SK_CharM_Ram
[2020.10.31-18.32.22:970][482]Final_Project: Warning: AFPCharacter::AFPCharacter(97) Character Asset : /Game/InfinityBladeWarriors/Character/CompleteCharacters/SK_CharM_Robo.SK_CharM_Robo
[2020.10.31-18.32.22:970][482]Final_Project: Warning: AFPCharacter::AFPCharacter(97) Character Asset : /Game/InfinityBladeWarriors/Character/CompleteCharacters/SK_CharM_Shell.SK_CharM_Shell
[2020.10.31-18.32.22:970][482]Final_Project: Warning: AFPCharacter::AFPCharacter(97) Character Asset : /Game/InfinityBladeWarriors/Character/CompleteCharacters/SK_CharM_solid.SK_CharM_solid
[2020.10.31-18.32.22:970][482]Final_Project: Warning: AFPCharacter::AFPCharacter(97) Character Asset : /Game/InfinityBladeWarriors/Character/CompleteCharacters/SK_CharM_Standard.SK_CharM_Standard
[2020.10.31-18.32.22:970][482]Final_Project: Warning: AFPCharacter::AFPCharacter(97) Character Asset : /Game/InfinityBladeWarriors/Character/CompleteCharacters/SK_CharM_Tusk.SK_CharM_Tusk
[2020.10.31-18.32.22:970][482]Final_Project: Warning: AFPCharacter::AFPCharacter(97) Character Asset : /Game/InfinityBladeWarriors/Character/CompleteCharacters/SK_CharM_Warrior.SK_CharM_Warrior
[2020.10.31-18.32.22:982][482]LogHotReload: Re-instancing FPCharacter after hot-reload.
[2020.10.31-18.32.22:983][482]Final_Project: Warning: AFPCharacter::AFPCharacter(97) Character Asset : /Game/InfinityBladeWarriors/Character/CompleteCharacters/SK_CharM_Barbarous.SK_CharM_Barbarous
[2020.10.31-18.32.22:983][482]Final_Project: Warning: AFPCharacter::AFPCharacter(97) Character Asset : /Game/InfinityBladeWarriors/Character/CompleteCharacters/sk_CharM_Base.sk_CharM_Base
[2020.10.31-18.32.22:983][482]Final_Project: Warning: AFPCharacter::AFPCharacter(97) Character Asset : /Game/InfinityBladeWarriors/Character/CompleteCharacters/SK_CharM_Bladed.SK_CharM_Bladed
[2020.10.31-18.32.22:983][482]Final_Project: Warning: AFPCharacter::AFPCharacter(97) Character Asset : /Game/InfinityBladeWarriors/Character/CompleteCharacters/SK_CharM_Cardboard.SK_CharM_Cardboard
[2020.10.31-18.32.22:983][482]Final_Project: Warning: AFPCharacter::AFPCharacter(97) Character Asset : /Game/InfinityBladeWarriors/Character/CompleteCharacters/SK_CharM_Forge.SK_CharM_Forge
[2020.10.31-18.32.22:983][482]Final_Project: Warning: AFPCharacter::AFPCharacter(97) Character Asset : /Game/InfinityBladeWarriors/Character/CompleteCharacters/SK_CharM_FrostGiant.SK_CharM_FrostGiant
[2020.10.31-18.32.22:983][482]Final_Project: Warning: AFPCharacter::AFPCharacter(97) Character Asset : /Game/InfinityBladeWarriors/Character/CompleteCharacters/SK_CharM_Golden.SK_CharM_Golden
[2020.10.31-18.32.22:983][482]Final_Project: Warning: AFPCharacter::AFPCharacter(97) Character Asset : /Game/InfinityBladeWarriors/Character/CompleteCharacters/SK_CharM_Natural.SK_CharM_Natural
[2020.10.31-18.32.22:983][482]Final_Project: Warning: AFPCharacter::AFPCharacter(97) Character Asset : /Game/InfinityBladeWarriors/Character/CompleteCharacters/SK_CharM_Pit.SK_CharM_Pit
[2020.10.31-18.32.22:983][482]Final_Project: Warning: AFPCharacter::AFPCharacter(97) Character Asset : /Game/InfinityBladeWarriors/Character/CompleteCharacters/SK_CharM_Ragged0.SK_CharM_Ragged0
[2020.10.31-18.32.22:983][482]Final_Project: Warning: AFPCharacter::AFPCharacter(97) Character Asset : /Game/InfinityBladeWarriors/Character/CompleteCharacters/SK_CharM_RaggedElite.SK_CharM_RaggedElite
[2020.10.31-18.32.22:983][482]Final_Project: Warning: AFPCharacter::AFPCharacter(97) Character Asset : /Game/InfinityBladeWarriors/Character/CompleteCharacters/SK_CharM_Ram.SK_CharM_Ram
[2020.10.31-18.32.22:983][482]Final_Project: Warning: AFPCharacter::AFPCharacter(97) Character Asset : /Game/InfinityBladeWarriors/Character/CompleteCharacters/SK_CharM_Robo.SK_CharM_Robo
[2020.10.31-18.32.22:983][482]Final_Project: Warning: AFPCharacter::AFPCharacter(97) Character Asset : /Game/InfinityBladeWarriors/Character/CompleteCharacters/SK_CharM_Shell.SK_CharM_Shell
[2020.10.31-18.32.22:983][482]Final_Project: Warning: AFPCharacter::AFPCharacter(97) Character Asset : /Game/InfinityBladeWarriors/Character/CompleteCharacters/SK_CharM_solid.SK_CharM_solid
[2020.10.31-18.32.22:983][482]Final_Project: Warning: AFPCharacter::AFPCharacter(97) Character Asset : /Game/InfinityBladeWarriors/Character/CompleteCharacters/SK_CharM_Standard.SK_CharM_Standard
[2020.10.31-18.32.22:983][482]Final_Project: Warning: AFPCharacter::AFPCharacter(97) Character Asset : /Game/InfinityBladeWarriors/Character/CompleteCharacters/SK_CharM_Tusk.SK_CharM_Tusk
[2020.10.31-18.32.22:983][482]Final_Project: Warning: AFPCharacter::AFPCharacter(97) Character Asset : /Game/InfinityBladeWarriors/Character/CompleteCharacters/SK_CharM_Warrior.SK_CharM_Warrior
[2020.10.31-18.32.22:997][482]LogHotReload: Re-instancing FPGameInstance after hot-reload.
[2020.10.31-18.32.23:009][482]LogContentBrowser: Native class hierarchy updated for 'Final_Project' in 0.0005 seconds. Added 17 classes and 2 folders.
[2020.10.31-18.32.23:010][482]Display: HotReload successful (4 functions remapped  1 scriptstructs remapped)
[2020.10.31-18.32.23:071][482]LogContentBrowser: Native class hierarchy populated in 0.0128 seconds. Added 3445 classes and 826 folders.
[2020.10.31-18.32.23:075][482]Display: HotReload took  0.1s.
[2020.10.31-18.42.02:449][211]LogHotReload: New module detected: UE4Editor-Final_Project-0775.dll
[2020.10.31-18.42.05:508][221]LogHotReload: Starting Hot-Reload from IDE
[2020.10.31-18.42.05:581][221]LogOutputDevice: Warning: 

Script Stack (0 frames):

[2020.10.31-18.42.05:582][221]LogWindows: Windows GetLastError: 작업을 완료했습니다. (0)
[2020.10.31-18.42.23:810][221]LogWindows: Error: === Critical error: ===
[2020.10.31-18.42.23:810][221]LogWindows: Error: 
[2020.10.31-18.42.23:810][221]LogWindows: Error: Fatal error: [File:D:/Build/++UE4+Licensee/Sync/Engine/Source/Runtime/CoreUObject/Private/UObject/UObjectGlobals.cpp] [Line: 2335] 
[2020.10.31-18.42.23:810][221]LogWindows: Error: Objects have the same fully qualified name but different paths.
[2020.10.31-18.42.23:810][221]LogWindows: Error: 	New Object: FPCharacter /Engine/Transient.Default__FPCharacter
[2020.10.31-18.42.23:810][221]LogWindows: Error: 	Existing Object: HOTRELOADED_FPCharacter_0 /Engine/Transient.Default__FPCharacter
[2020.10.31-18.42.23:810][221]LogWindows: Error: 
[2020.10.31-18.42.23:810][221]LogWindows: Error: 
[2020.10.31-18.42.23:810][221]LogWindows: Error: [Callstack] 0x00007ffff90c3b29 KERNELBASE.dll!UnknownFunction []
[2020.10.31-18.42.23:810][221]LogWindows: Error: [Callstack] 0x00007fffb015e9e6 UE4Editor-Core.dll!UnknownFunction []
[2020.10.31-18.42.23:810][221]LogWindows: Error: [Callstack] 0x00007fffb0161dc8 UE4Editor-Core.dll!UnknownFunction []
[2020.10.31-18.42.23:810][221]LogWindows: Error: [Callstack] 0x00007fffafeee53d UE4Editor-Core.dll!UnknownFunction []
[2020.10.31-18.42.23:810][221]LogWindows: Error: [Callstack] 0x00007fffbdf0dffa UE4Editor-CoreUObject.dll!UnknownFunction []
[2020.10.31-18.42.23:810][221]LogWindows: Error: [Callstack] 0x00007fff8a3e54fc UE4Editor-Final_Project-0775.dll!AFPCharacter::__VTableCtorCaller() [d:\unrealengine\unrealprojects\final_project\source\final_project\public\fpcharacter.h:34]
[2020.10.31-18.42.23:810][221]LogWindows: Error: [Callstack] 0x00007fffbdc7f2fb UE4Editor-CoreUObject.dll!UnknownFunction []
[2020.10.31-18.42.23:810][221]LogWindows: Error: [Callstack] 0x00007fffbdc7c0ed UE4Editor-CoreUObject.dll!UnknownFunction []
[2020.10.31-18.42.23:810][221]LogWindows: Error: [Callstack] 0x00007fff8a3fbc2b UE4Editor-Final_Project-0775.dll!AFPCharacter::GetPrivateStaticClass() [d:\unrealengine\unrealprojects\final_project\intermediate\build\win64\ue4editor\inc\final_project\fpcharacter.gen.cpp:333]
[2020.10.31-18.42.23:810][221]LogWindows: Error: [Callstack] 0x00007fff8a3fba18 UE4Editor-Final_Project-0775.dll!TClassCompiledInDefer<AFPCharacter>::Register() [d:\unrealengine\epic games\ue_4.25\engine\source\runtime\coreuobject\public\uobject\uobjectbase.h:288]
[2020.10.31-18.42.23:810][221]LogWindows: Error: [Callstack] 0x00007fffbdf164d3 UE4Editor-CoreUObject.dll!UnknownFunction []
[2020.10.31-18.42.23:810][221]LogWindows: Error: [Callstack] 0x00007fffbdef5b9e UE4Editor-CoreUObject.dll!UnknownFunction []
[2020.10.31-18.42.23:810][221]LogWindows: Error: [Callstack] 0x00007fffbde143d5 UE4Editor-CoreUObject.dll!UnknownFunction []
[2020.10.31-18.42.23:810][221]LogWindows: Error: [Callstack] 0x00007fffaff2987a UE4Editor-Core.dll!UnknownFunction []
[2020.10.31-18.42.23:810][221]LogWindows: Error: [Callstack] 0x00007fffaff49a00 UE4Editor-Core.dll!UnknownFunction []
[2020.10.31-18.42.23:810][221]LogWindows: Error: [Callstack] 0x00007fffaff48b18 UE4Editor-Core.dll!UnknownFunction []
[2020.10.31-18.42.23:810][221]LogWindows: Error: [Callstack] 0x00007fff9440b9b2 UE4Editor-HotReload.dll!UnknownFunction []
[2020.10.31-18.42.23:810][221]LogWindows: Error: [Callstack] 0x00007fff9440b708 UE4Editor-HotReload.dll!UnknownFunction []
[2020.10.31-18.42.23:810][221]LogWindows: Error: [Callstack] 0x00007fff9441c3e1 UE4Editor-HotReload.dll!UnknownFunction []
[2020.10.31-18.42.23:810][221]LogWindows: Error: [Callstack] 0x00007fffafcad0a9 UE4Editor-Core.dll!UnknownFunction []
[2020.10.31-18.42.23:810][221]LogWindows: Error: [Callstack] 0x00007ff7c945a213 UE4Editor.exe!UnknownFunction []
[2020.10.31-18.42.23:810][221]LogWindows: Error: [Callstack] 0x00007ff7c946ba7c UE4Editor.exe!UnknownFunction []
[2020.10.31-18.42.23:810][221]LogWindows: Error: [Callstack] 0x00007ff7c946bb5a UE4Editor.exe!UnknownFunction []
[2020.10.31-18.42.23:810][221]LogWindows: Error: [Callstack] 0x00007ff7c947e31d UE4Editor.exe!UnknownFunction []
[2020.10.31-18.42.23:810][221]LogWindows: Error: [Callstack] 0x00007ff7c948145a UE4Editor.exe!UnknownFunction []
[2020.10.31-18.42.23:810][221]LogWindows: Error: [Callstack] 0x00007ffffb597bd4 KERNEL32.DLL!UnknownFunction []
[2020.10.31-18.42.23:810][221]LogWindows: Error: [Callstack] 0x00007ffffbe0ce51 ntdll.dll!UnknownFunction []
[2020.10.31-18.42.23:810][221]LogWindows: Error: 
[2020.10.31-18.42.23:831][221]LogExit: Executing StaticShutdownAfterError
[2020.10.31-18.42.24:116][221]LogWindows: FPlatformMisc::RequestExit(1)
[2020.10.31-18.42.24:117][221]LogCore: Engine exit requested (reason: Win RequestExit)
[2020.10.31-18.42.24:153][221]Log file closed, 11/01/20 03:42:24
