Log file open, 10/31/20 22:40:37
LogInit: Display: Running engine for game: Final_Project
LogPlatformFile: Not using cached read wrapper
LogTaskGraph: Started task graph with 5 named threads and 23 total threads with 3 sets of task threads.
LogStats: Stats thread started at 0.270253
LogD3D11RHI: Loaded GFSDK_Aftermath_Lib.x64.dll
LogICUInternationalization: ICU TimeZone Detection - Raw Offset: +9:00, Platform Override: ''
LogPluginManager: Mounting plugin Paper2D
LogPluginManager: Mounting plugin AISupport
LogPluginManager: Mounting plugin LightPropagationVolume
LogPluginManager: Mounting plugin CameraShakePreviewer
LogPluginManager: Mounting plugin ActorLayerUtilities
LogPluginManager: Mounting plugin AnimationSharing
LogPluginManager: Mounting plugin CLionSourceCodeAccess
LogPluginManager: Mounting plugin CodeLiteSourceCodeAccess
LogPluginManager: Mounting plugin GitSourceControl
LogPluginManager: Mounting plugin KDevelopSourceCodeAccess
LogPluginManager: Mounting plugin NullSourceCodeAccess
LogPluginManager: Mounting plugin PerforceSourceControl
LogPluginManager: Mounting plugin PlasticSourceControl
LogPluginManager: Mounting plugin RiderSourceCodeAccess
LogPluginManager: Mounting plugin SubversionSourceControl
LogPluginManager: Mounting plugin UObjectPlugin
LogPluginManager: Mounting plugin VisualStudioCodeSourceCodeAccess
LogPluginManager: Mounting plugin VisualStudioSourceCodeAccess
LogPluginManager: Mounting plugin XCodeSourceCodeAccess
LogPluginManager: Mounting plugin AssetManagerEditor
LogPluginManager: Mounting plugin CryptoKeys
LogPluginManager: Mounting plugin CurveEditorTools
LogPluginManager: Mounting plugin DataValidation
LogPluginManager: Mounting plugin EditorScriptingUtilities
LogPluginManager: Mounting plugin FacialAnimation
LogPluginManager: Mounting plugin GameplayTagsEditor
LogPluginManager: Mounting plugin GeometryMode
LogPluginManager: Mounting plugin MacGraphicsSwitching
LogPluginManager: Mounting plugin MaterialAnalyzer
LogPluginManager: Mounting plugin MobileLauncherProfileWizard
LogPluginManager: Mounting plugin PluginBrowser
LogPluginManager: Mounting plugin SpeedTreeImporter
LogPluginManager: Mounting plugin DatasmithContent
LogPluginManager: Mounting plugin VariantManagerContent
LogPluginManager: Mounting plugin AlembicImporter
LogPluginManager: Mounting plugin AutomationUtils
LogPluginManager: Mounting plugin BackChannel
LogPluginManager: Mounting plugin ChaosCloth
LogPluginManager: Mounting plugin ChaosClothEditor
LogPluginManager: Mounting plugin ChaosEditor
LogPluginManager: Mounting plugin ChaosNiagara
LogPluginManager: Mounting plugin ChaosSolverPlugin
LogPluginManager: Mounting plugin CharacterAI
LogPluginManager: Mounting plugin GeometryCache
LogPluginManager: Mounting plugin GeometryCollectionPlugin
LogPluginManager: Mounting plugin GeometryProcessing
LogPluginManager: Mounting plugin PlanarCut
LogPluginManager: Mounting plugin PlatformCrypto
LogPluginManager: Mounting plugin ProxyLODPlugin
LogPluginManager: Mounting plugin SkeletalReduction
LogPluginManager: Mounting plugin Niagara
LogPluginManager: Mounting plugin MagicLeap
LogPluginManager: Mounting plugin MagicLeapLightEstimation
LogPluginManager: Mounting plugin MagicLeapMedia
LogPluginManager: Mounting plugin MagicLeapPassableWorld
LogPluginManager: Mounting plugin MLSDK
LogPluginManager: Mounting plugin AndroidMedia
LogPluginManager: Mounting plugin AvfMedia
LogPluginManager: Mounting plugin ImgMedia
LogPluginManager: Mounting plugin MediaCompositing
LogPluginManager: Mounting plugin MediaPlayerEditor
LogPluginManager: Mounting plugin WebMMedia
LogPluginManager: Mounting plugin WmfMedia
LogPluginManager: Mounting plugin MeshPainting
LogPluginManager: Mounting plugin TcpMessaging
LogPluginManager: Mounting plugin UdpMessaging
LogPluginManager: Mounting plugin ActorSequence
LogPluginManager: Mounting plugin LevelSequenceEditor
LogPluginManager: Mounting plugin MatineeToLevelSequence
LogPluginManager: Mounting plugin MovieRenderPipeline
LogPluginManager: Mounting plugin TemplateSequence
LogPluginManager: Mounting plugin NetcodeUnitTest
LogPluginManager: Mounting plugin NUTUnrealEngine4
LogPluginManager: Mounting plugin OnlineSubsystemGooglePlay
LogPluginManager: Mounting plugin OnlineSubsystemIOS
LogPluginManager: Mounting plugin OnlineSubsystem
LogPluginManager: Mounting plugin OnlineSubsystemNull
LogPluginManager: Mounting plugin OnlineSubsystemUtils
LogPluginManager: Mounting plugin LauncherChunkInstaller
LogPluginManager: Mounting plugin AndroidDeviceProfileSelector
LogPluginManager: Mounting plugin AndroidMoviePlayer
LogPluginManager: Mounting plugin AndroidPermission
LogPluginManager: Mounting plugin AppleImageUtils
LogPluginManager: Mounting plugin AppleMoviePlayer
LogPluginManager: Mounting plugin ArchVisCharacter
LogPluginManager: Mounting plugin AssetTags
LogPluginManager: Mounting plugin AudioCapture
LogPluginManager: Mounting plugin CableComponent
LogPluginManager: Mounting plugin CustomMeshComponent
LogPluginManager: Mounting plugin EditableMesh
LogPluginManager: Mounting plugin ExampleDeviceProfileSelector
LogPluginManager: Mounting plugin GoogleCloudMessaging
LogPluginManager: Mounting plugin GooglePAD
LogPluginManager: Mounting plugin IOSDeviceProfileSelector
LogPluginManager: Mounting plugin LinuxDeviceProfileSelector
LogPluginManager: Mounting plugin LocationServicesBPLibrary
LogPluginManager: Mounting plugin MobilePatchingUtils
LogPluginManager: Mounting plugin OculusVR
LogPluginManager: Mounting plugin PhysXVehicles
LogPluginManager: Mounting plugin PostSplashScreen
LogPluginManager: Mounting plugin ProceduralMeshComponent
LogPluginManager: Mounting plugin RuntimePhysXCooking
LogPluginManager: Mounting plugin SignificanceManager
LogPluginManager: Mounting plugin SoundFields
LogPluginManager: Mounting plugin SteamVR
LogPluginManager: Mounting plugin Synthesis
LogPluginManager: Mounting plugin WebMMoviePlayer
LogPluginManager: Mounting plugin WindowsMoviePlayer
LogPluginManager: Mounting plugin ScreenshotTools
LogInit: Using libcurl 7.55.1-DEV
LogInit:  - built for x86_64-pc-win32
LogInit:  - supports SSL with OpenSSL/1.1.1
LogInit:  - supports HTTP deflate (compression) using libz 1.2.8
LogInit:  - other features:
LogInit:      CURL_VERSION_SSL
LogInit:      CURL_VERSION_LIBZ
LogInit:      CURL_VERSION_IPV6
LogInit:      CURL_VERSION_ASYNCHDNS
LogInit:      CURL_VERSION_LARGEFILE
LogInit:      CURL_VERSION_IDN
LogInit:  CurlRequestOptions (configurable via config and command line):
LogInit:  - bVerifyPeer = true  - Libcurl will verify peer certificate
LogInit:  - bUseHttpProxy = false  - Libcurl will NOT use HTTP proxy
LogInit:  - bDontReuseConnections = false  - Libcurl will reuse connections
LogInit:  - MaxHostConnections = 16  - Libcurl will limit the number of connections to a host
LogInit:  - LocalHostAddr = Default
LogInit:  - BufferSize = 65536
LogOnline: OSS: Creating online subsystem instance for: NULL
LogInit: WinSock: version 1.1 (2.2), MaxSocks=32767, MaxUdp=65467
LogOnline: OSS: TryLoadSubsystemAndSetDefault: Loaded subsystem for module [NULL]
LogInit: Build: ++UE4+Release-4.25-CL-13942748
LogInit: Engine Version: 4.25.3-13942748+++UE4+Release-4.25
LogInit: Compatible Engine Version: 4.25.0-13144385+++UE4+Release-4.25
LogInit: Net CL: 13144385
LogInit: OS: Windows 10 (Release 1909) (), CPU: Intel(R) Core(TM) i7-4790 CPU @ 3.60GHz, GPU: NVIDIA GeForce GTX 1050 Ti
LogInit: Compiled (64-bit): Jul 25 2020 02:07:48
LogInit: Compiled with Visual C++: 19.24.28315.00
LogInit: Build Configuration: Development
LogInit: Branch Name: ++UE4+Release-4.25
LogInit: Command Line: 
LogInit: Base Directory: D:/UnrealEngine/Epic Games/UE_4.25/Engine/Binaries/Win64/
LogInit: Allocator: TBB
LogInit: Installed Engine Build: 1
LogDevObjectVersion: Number of dev versions registered: 26
LogDevObjectVersion:   Dev-Blueprints (B0D832E4-1F89-4F0D-ACCF-7EB736FD4AA2): 10
LogDevObjectVersion:   Dev-Build (E1C64328-A22C-4D53-A36C-8E866417BD8C): 0
LogDevObjectVersion:   Dev-Core (375EC13C-06E4-48FB-B500-84F0262A717E): 4
LogDevObjectVersion:   Dev-Editor (E4B068ED-F494-42E9-A231-DA0B2E46BB41): 38
LogDevObjectVersion:   Dev-Framework (CFFC743F-43B0-4480-9391-14DF171D2073): 37
LogDevObjectVersion:   Dev-Mobile (B02B49B5-BB20-44E9-A304-32B752E40360): 2
LogDevObjectVersion:   Dev-Networking (A4E4105C-59A1-49B5-A7C5-40C4547EDFEE): 0
LogDevObjectVersion:   Dev-Online (39C831C9-5AE6-47DC-9A44-9C173E1C8E7C): 0
LogDevObjectVersion:   Dev-Physics (78F01B33-EBEA-4F98-B9B4-84EACCB95AA2): 4
LogDevObjectVersion:   Dev-Platform (6631380F-2D4D-43E0-8009-CF276956A95A): 0
LogDevObjectVersion:   Dev-Rendering (12F88B9F-8875-4AFC-A67C-D90C383ABD29): 43
LogDevObjectVersion:   Dev-Sequencer (7B5AE74C-D270-4C10-A958-57980B212A5A): 12
LogDevObjectVersion:   Dev-VR (D7296918-1DD6-4BDD-9DE2-64A83CC13884): 3
LogDevObjectVersion:   Dev-LoadTimes (C2A15278-BFE7-4AFE-6C17-90FF531DF755): 1
LogDevObjectVersion:   Private-Geometry (6EACA3D4-40EC-4CC1-B786-8BED09428FC5): 3
LogDevObjectVersion:   Dev-AnimPhys (29E575DD-E0A3-4627-9D10-D276232CDCEA): 17
LogDevObjectVersion:   Dev-Anim (AF43A65D-7FD3-4947-9873-3E8ED9C1BB05): 7
LogDevObjectVersion:   Dev-ReflectionCapture (6B266CEC-1EC7-4B8F-A30B-E4D90942FC07): 1
LogDevObjectVersion:   Dev-Automation (0DF73D61-A23F-47EA-B727-89E90C41499A): 1
LogDevObjectVersion:   FortniteMain (601D1886-AC64-4F84-AA16-D3DE0DEAC7D6): 31
LogDevObjectVersion:   Dev-Enterprise (9DFFBCD6-494F-0158-E221-12823C92A888): 10
LogDevObjectVersion:   Dev-Niagara (F2AED0AC-9AFE-416F-8664-AA7FFA26D6FC): 1
LogDevObjectVersion:   Dev-Destruction (174F1F0B-B4C6-45A5-B13F-2EE8D0FB917D): 10
LogDevObjectVersion:   Dev-Physics-Ext (35F94A83-E258-406C-A318-09F59610247C): 37
LogDevObjectVersion:   Dev-PhysicsMaterial-Chaos (B68FC16E-8B1B-42E2-B453-215C058844FE): 1
LogDevObjectVersion:   Dev-CineCamera (B2E18506-4273-CFC2-A54E-F4BB758BBA07): 1
LogInit: Presizing for max 25165824 objects, including 0 objects not considered by GC, pre-allocating 0 bytes for permanent pool.
LogConfig: Applying CVar settings from Section [/Script/Engine.StreamingSettings] File [D:/UnrealEngine/UnrealProjects/Final_Project/Saved/Config/Windows/Engine.ini]
LogConfig: Setting CVar [[s.MinBulkDataSizeForAsyncLoading:131072]]
LogConfig: Setting CVar [[s.AsyncLoadingThreadEnabled:0]]
LogConfig: Setting CVar [[s.EventDrivenLoaderEnabled:1]]
LogConfig: Setting CVar [[s.WarnIfTimeLimitExceeded:0]]
LogConfig: Setting CVar [[s.TimeLimitExceededMultiplier:1.5]]
LogConfig: Setting CVar [[s.TimeLimitExceededMinTime:0.005]]
LogConfig: Setting CVar [[s.UseBackgroundLevelStreaming:1]]
LogConfig: Setting CVar [[s.PriorityAsyncLoadingExtraTime:15.0]]
LogConfig: Setting CVar [[s.LevelStreamingActorsUpdateTimeLimit:5.0]]
LogConfig: Setting CVar [[s.PriorityLevelStreamingActorsUpdateExtraTime:5.0]]
LogConfig: Setting CVar [[s.LevelStreamingComponentsRegistrationGranularity:10]]
LogConfig: Setting CVar [[s.UnregisterComponentsTimeLimit:1.0]]
LogConfig: Setting CVar [[s.LevelStreamingComponentsUnregistrationGranularity:5]]
LogConfig: Setting CVar [[s.FlushStreamingOnExit:1]]
LogInit: Object subsystem initialized
LogConfig: Setting CVar [[con.DebugEarlyDefault:1]]
LogConfig: Setting CVar [[r.setres:1280x720]]
[2020.10.31-13.40.38:493][  0]LogConfig: Setting CVar [[r.VSync:0]]
[2020.10.31-13.40.38:493][  0]LogConfig: Setting CVar [[r.RHICmdBypass:0]]
[2020.10.31-13.40.38:493][  0]LogConfig: Applying CVar settings from Section [/Script/Engine.RendererSettings] File [D:/UnrealEngine/UnrealProjects/Final_Project/Saved/Config/Windows/Engine.ini]
[2020.10.31-13.40.38:493][  0]LogConfig: Setting CVar [[r.GPUCrashDebugging:0]]
[2020.10.31-13.40.38:493][  0]LogConfig: Applying CVar settings from Section [/Script/Engine.RendererOverrideSettings] File [D:/UnrealEngine/UnrealProjects/Final_Project/Saved/Config/Windows/Engine.ini]
[2020.10.31-13.40.38:493][  0]LogConfig: Applying CVar settings from Section [/Script/Engine.StreamingSettings] File [D:/UnrealEngine/UnrealProjects/Final_Project/Saved/Config/Windows/Engine.ini]
[2020.10.31-13.40.38:493][  0]LogConfig: Setting CVar [[s.MinBulkDataSizeForAsyncLoading:131072]]
[2020.10.31-13.40.38:493][  0]LogConfig: Setting CVar [[s.AsyncLoadingThreadEnabled:0]]
[2020.10.31-13.40.38:493][  0]LogConfig: Setting CVar [[s.EventDrivenLoaderEnabled:1]]
[2020.10.31-13.40.38:493][  0]LogConfig: Setting CVar [[s.WarnIfTimeLimitExceeded:0]]
[2020.10.31-13.40.38:493][  0]LogConfig: Setting CVar [[s.TimeLimitExceededMultiplier:1.5]]
[2020.10.31-13.40.38:493][  0]LogConfig: Setting CVar [[s.TimeLimitExceededMinTime:0.005]]
[2020.10.31-13.40.38:493][  0]LogConfig: Setting CVar [[s.UseBackgroundLevelStreaming:1]]
[2020.10.31-13.40.38:493][  0]LogConfig: Setting CVar [[s.PriorityAsyncLoadingExtraTime:15.0]]
[2020.10.31-13.40.38:493][  0]LogConfig: Setting CVar [[s.LevelStreamingActorsUpdateTimeLimit:5.0]]
[2020.10.31-13.40.38:493][  0]LogConfig: Setting CVar [[s.PriorityLevelStreamingActorsUpdateExtraTime:5.0]]
[2020.10.31-13.40.38:493][  0]LogConfig: Setting CVar [[s.LevelStreamingComponentsRegistrationGranularity:10]]
[2020.10.31-13.40.38:493][  0]LogConfig: Setting CVar [[s.UnregisterComponentsTimeLimit:1.0]]
[2020.10.31-13.40.38:493][  0]LogConfig: Setting CVar [[s.LevelStreamingComponentsUnregistrationGranularity:5]]
[2020.10.31-13.40.38:493][  0]LogConfig: Setting CVar [[s.FlushStreamingOnExit:1]]
[2020.10.31-13.40.38:493][  0]LogConfig: Applying CVar settings from Section [/Script/Engine.GarbageCollectionSettings] File [D:/UnrealEngine/UnrealProjects/Final_Project/Saved/Config/Windows/Engine.ini]
[2020.10.31-13.40.38:493][  0]LogConfig: Setting CVar [[gc.MaxObjectsNotConsideredByGC:1]]
[2020.10.31-13.40.38:493][  0]LogConfig: Setting CVar [[gc.SizeOfPermanentObjectPool:0]]
[2020.10.31-13.40.38:493][  0]LogConfig: Setting CVar [[gc.FlushStreamingOnGC:0]]
[2020.10.31-13.40.38:493][  0]LogConfig: Setting CVar [[gc.NumRetriesBeforeForcingGC:10]]
[2020.10.31-13.40.38:493][  0]LogConfig: Setting CVar [[gc.AllowParallelGC:1]]
[2020.10.31-13.40.38:493][  0]LogConfig: Setting CVar [[gc.TimeBetweenPurgingPendingKillObjects:61.1]]
[2020.10.31-13.40.38:493][  0]LogConfig: Setting CVar [[gc.MaxObjectsInEditor:25165824]]
[2020.10.31-13.40.38:493][  0]LogConfig: Setting CVar [[gc.IncrementalBeginDestroyEnabled:1]]
[2020.10.31-13.40.38:493][  0]LogConfig: Setting CVar [[gc.CreateGCClusters:1]]
[2020.10.31-13.40.38:493][  0]LogConfig: Setting CVar [[gc.MinGCClusterSize:5]]
[2020.10.31-13.40.38:493][  0]LogConfig: Setting CVar [[gc.ActorClusteringEnabled:0]]
[2020.10.31-13.40.38:493][  0]LogConfig: Setting CVar [[gc.BlueprintClusteringEnabled:0]]
[2020.10.31-13.40.38:493][  0]LogConfig: Setting CVar [[gc.UseDisregardForGCOnDedicatedServers:0]]
[2020.10.31-13.40.38:493][  0]LogConfig: Applying CVar settings from Section [/Script/Engine.NetworkSettings] File [D:/UnrealEngine/UnrealProjects/Final_Project/Saved/Config/Windows/Engine.ini]
[2020.10.31-13.40.38:493][  0]LogConfig: Applying CVar settings from Section [/Script/UnrealEd.CookerSettings] File [D:/UnrealEngine/UnrealProjects/Final_Project/Saved/Config/Windows/Engine.ini]
[2020.10.31-13.40.38:506][  0]LogConfig: Applying CVar settings from Section [ViewDistanceQuality@3] File [D:/UnrealEngine/UnrealProjects/Final_Project/Saved/Config/Windows/Scalability.ini]
[2020.10.31-13.40.38:506][  0]LogConfig: Setting CVar [[r.SkeletalMeshLODBias:0]]
[2020.10.31-13.40.38:506][  0]LogConfig: Setting CVar [[r.ViewDistanceScale:1.0]]
[2020.10.31-13.40.38:507][  0]LogConfig: Applying CVar settings from Section [AntiAliasingQuality@3] File [D:/UnrealEngine/UnrealProjects/Final_Project/Saved/Config/Windows/Scalability.ini]
[2020.10.31-13.40.38:507][  0]LogConfig: Setting CVar [[r.PostProcessAAQuality:4]]
[2020.10.31-13.40.38:507][  0]LogConfig: Applying CVar settings from Section [ShadowQuality@3] File [D:/UnrealEngine/UnrealProjects/Final_Project/Saved/Config/Windows/Scalability.ini]
[2020.10.31-13.40.38:507][  0]LogConfig: Setting CVar [[r.LightFunctionQuality:1]]
[2020.10.31-13.40.38:507][  0]LogConfig: Setting CVar [[r.ShadowQuality:5]]
[2020.10.31-13.40.38:507][  0]LogConfig: Setting CVar [[r.Shadow.CSM.MaxCascades:10]]
[2020.10.31-13.40.38:507][  0]LogConfig: Setting CVar [[r.Shadow.MaxResolution:2048]]
[2020.10.31-13.40.38:507][  0]LogConfig: Setting CVar [[r.Shadow.MaxCSMResolution:2048]]
[2020.10.31-13.40.38:507][  0]LogConfig: Setting CVar [[r.Shadow.RadiusThreshold:0.01]]
[2020.10.31-13.40.38:507][  0]LogConfig: Setting CVar [[r.Shadow.DistanceScale:1.0]]
[2020.10.31-13.40.38:507][  0]LogConfig: Setting CVar [[r.Shadow.CSM.TransitionScale:1.0]]
[2020.10.31-13.40.38:507][  0]LogConfig: Setting CVar [[r.Shadow.PreShadowResolutionFactor:1.0]]
[2020.10.31-13.40.38:507][  0]LogConfig: Setting CVar [[r.DistanceFieldShadowing:1]]
[2020.10.31-13.40.38:507][  0]LogConfig: Setting CVar [[r.DistanceFieldAO:1]]
[2020.10.31-13.40.38:507][  0]LogConfig: Setting CVar [[r.AOQuality:2]]
[2020.10.31-13.40.38:507][  0]LogConfig: Setting CVar [[r.VolumetricFog:1]]
[2020.10.31-13.40.38:507][  0]LogConfig: Setting CVar [[r.VolumetricFog.GridPixelSize:8]]
[2020.10.31-13.40.38:507][  0]LogConfig: Setting CVar [[r.VolumetricFog.GridSizeZ:128]]
[2020.10.31-13.40.38:507][  0]LogConfig: Setting CVar [[r.VolumetricFog.HistoryMissSupersampleCount:4]]
[2020.10.31-13.40.38:507][  0]LogConfig: Setting CVar [[r.LightMaxDrawDistanceScale:1]]
[2020.10.31-13.40.38:507][  0]LogConfig: Setting CVar [[r.CapsuleShadows:1]]
[2020.10.31-13.40.38:507][  0]LogConfig: Applying CVar settings from Section [PostProcessQuality@3] File [D:/UnrealEngine/UnrealProjects/Final_Project/Saved/Config/Windows/Scalability.ini]
[2020.10.31-13.40.38:507][  0]LogConfig: Setting CVar [[r.MotionBlurQuality:4]]
[2020.10.31-13.40.38:507][  0]LogConfig: Setting CVar [[r.AmbientOcclusionMipLevelFactor:0.4]]
[2020.10.31-13.40.38:507][  0]LogConfig: Setting CVar [[r.AmbientOcclusionMaxQuality:100]]
[2020.10.31-13.40.38:507][  0]LogConfig: Setting CVar [[r.AmbientOcclusionLevels:-1]]
[2020.10.31-13.40.38:507][  0]LogConfig: Setting CVar [[r.AmbientOcclusionRadiusScale:1.0]]
[2020.10.31-13.40.38:507][  0]LogConfig: Setting CVar [[r.DepthOfFieldQuality:2]]
[2020.10.31-13.40.38:507][  0]LogConfig: Setting CVar [[r.RenderTargetPoolMin:400]]
[2020.10.31-13.40.38:507][  0]LogConfig: Setting CVar [[r.LensFlareQuality:2]]
[2020.10.31-13.40.38:507][  0]LogConfig: Setting CVar [[r.SceneColorFringeQuality:1]]
[2020.10.31-13.40.38:507][  0]LogConfig: Setting CVar [[r.EyeAdaptationQuality:2]]
[2020.10.31-13.40.38:507][  0]LogConfig: Setting CVar [[r.BloomQuality:5]]
[2020.10.31-13.40.38:507][  0]LogConfig: Setting CVar [[r.FastBlurThreshold:100]]
[2020.10.31-13.40.38:507][  0]LogConfig: Setting CVar [[r.Upscale.Quality:3]]
[2020.10.31-13.40.38:507][  0]LogConfig: Setting CVar [[r.Tonemapper.GrainQuantization:1]]
[2020.10.31-13.40.38:507][  0]LogConfig: Setting CVar [[r.LightShaftQuality:1]]
[2020.10.31-13.40.38:507][  0]LogConfig: Setting CVar [[r.Filter.SizeScale:1]]
[2020.10.31-13.40.38:507][  0]LogConfig: Setting CVar [[r.Tonemapper.Quality:5]]
[2020.10.31-13.40.38:507][  0]LogConfig: Setting CVar [[r.DOF.Gather.AccumulatorQuality:1        ; higher gathering accumulator quality]]
[2020.10.31-13.40.38:507][  0]LogConfig: Setting CVar [[r.DOF.Gather.PostfilterMethod:1          ; Median3x3 postfilering method]]
[2020.10.31-13.40.38:507][  0]LogConfig: Setting CVar [[r.DOF.Gather.EnableBokehSettings:0       ; no bokeh simulation when gathering]]
[2020.10.31-13.40.38:507][  0]LogConfig: Setting CVar [[r.DOF.Gather.RingCount:4                 ; medium number of samples when gathering]]
[2020.10.31-13.40.38:507][  0]LogConfig: Setting CVar [[r.DOF.Scatter.ForegroundCompositing:1    ; additive foreground scattering]]
[2020.10.31-13.40.38:507][  0]LogConfig: Setting CVar [[r.DOF.Scatter.BackgroundCompositing:2    ; additive background scattering]]
[2020.10.31-13.40.38:507][  0]LogConfig: Setting CVar [[r.DOF.Scatter.EnableBokehSettings:1      ; bokeh simulation when scattering]]
[2020.10.31-13.40.38:507][  0]LogConfig: Setting CVar [[r.DOF.Scatter.MaxSpriteRatio:0.1         ; only a maximum of 10% of scattered bokeh]]
[2020.10.31-13.40.38:507][  0]LogConfig: Setting CVar [[r.DOF.Recombine.Quality:1                ; cheap slight out of focus]]
[2020.10.31-13.40.38:507][  0]LogConfig: Setting CVar [[r.DOF.Recombine.EnableBokehSettings:0    ; no bokeh simulation on slight out of focus]]
[2020.10.31-13.40.38:507][  0]LogConfig: Setting CVar [[r.DOF.TemporalAAQuality:1                ; more stable temporal accumulation]]
[2020.10.31-13.40.38:507][  0]LogConfig: Setting CVar [[r.DOF.Kernel.MaxForegroundRadius:0.025]]
[2020.10.31-13.40.38:507][  0]LogConfig: Setting CVar [[r.DOF.Kernel.MaxBackgroundRadius:0.025]]
[2020.10.31-13.40.38:507][  0]LogConfig: Applying CVar settings from Section [TextureQuality@3] File [D:/UnrealEngine/UnrealProjects/Final_Project/Saved/Config/Windows/Scalability.ini]
[2020.10.31-13.40.38:507][  0]LogConfig: Setting CVar [[r.Streaming.MipBias:0]]
[2020.10.31-13.40.38:507][  0]LogConfig: Setting CVar [[r.Streaming.AmortizeCPUToGPUCopy:0]]
[2020.10.31-13.40.38:507][  0]LogConfig: Setting CVar [[r.Streaming.MaxNumTexturesToStreamPerFrame:0]]
[2020.10.31-13.40.38:507][  0]LogConfig: Setting CVar [[r.Streaming.Boost:1]]
[2020.10.31-13.40.38:507][  0]LogConfig: Setting CVar [[r.MaxAnisotropy:8]]
[2020.10.31-13.40.38:507][  0]LogConfig: Setting CVar [[r.VT.MaxAnisotropy:8]]
[2020.10.31-13.40.38:507][  0]LogConfig: Setting CVar [[r.Streaming.LimitPoolSizeToVRAM:0]]
[2020.10.31-13.40.38:507][  0]LogConfig: Setting CVar [[r.Streaming.PoolSize:1000]]
[2020.10.31-13.40.38:507][  0]LogConfig: Setting CVar [[r.Streaming.MaxEffectiveScreenSize:0]]
[2020.10.31-13.40.38:507][  0]LogConfig: Applying CVar settings from Section [EffectsQuality@3] File [D:/UnrealEngine/UnrealProjects/Final_Project/Saved/Config/Windows/Scalability.ini]
[2020.10.31-13.40.38:507][  0]LogConfig: Setting CVar [[r.TranslucencyLightingVolumeDim:64]]
[2020.10.31-13.40.38:508][  0]LogConfig: Setting CVar [[r.RefractionQuality:2]]
[2020.10.31-13.40.38:508][  0]LogConfig: Setting CVar [[r.SSR.Quality:3]]
[2020.10.31-13.40.38:508][  0]LogConfig: Setting CVar [[r.SSR.HalfResSceneColor:0]]
[2020.10.31-13.40.38:508][  0]LogConfig: Setting CVar [[r.SceneColorFormat:4]]
[2020.10.31-13.40.38:508][  0]LogConfig: Setting CVar [[r.DetailMode:2]]
[2020.10.31-13.40.38:508][  0]LogConfig: Setting CVar [[r.TranslucencyVolumeBlur:1]]
[2020.10.31-13.40.38:508][  0]LogConfig: Setting CVar [[r.MaterialQualityLevel:1 ; High quality]]
[2020.10.31-13.40.38:508][  0]LogConfig: Setting CVar [[r.SSS.Scale:1]]
[2020.10.31-13.40.38:508][  0]LogConfig: Setting CVar [[r.SSS.SampleSet:2]]
[2020.10.31-13.40.38:508][  0]LogConfig: Setting CVar [[r.SSS.Quality:1]]
[2020.10.31-13.40.38:508][  0]LogConfig: Setting CVar [[r.SSS.HalfRes:0]]
[2020.10.31-13.40.38:508][  0]LogConfig: Setting CVar [[r.SSGI.Quality:3]]
[2020.10.31-13.40.38:508][  0]LogConfig: Setting CVar [[r.EmitterSpawnRateScale:1.0]]
[2020.10.31-13.40.38:508][  0]LogConfig: Setting CVar [[r.ParticleLightQuality:2]]
[2020.10.31-13.40.38:508][  0]LogConfig: Setting CVar [[r.SkyAtmosphere.AerialPerspectiveLUT.FastApplyOnOpaque:1 ; Always have FastSkyLUT 1 in this case to avoid wrong sky]]
[2020.10.31-13.40.38:508][  0]LogConfig: Setting CVar [[r.SkyAtmosphere.AerialPerspectiveLUT.SampleCountPerSlice:1]]
[2020.10.31-13.40.38:508][  0]LogConfig: Setting CVar [[r.SkyAtmosphere.AerialPerspectiveLUT.DepthResolution:16.0]]
[2020.10.31-13.40.38:508][  0]LogConfig: Setting CVar [[r.SkyAtmosphere.FastSkyLUT:1]]
[2020.10.31-13.40.38:508][  0]LogConfig: Setting CVar [[r.SkyAtmosphere.FastSkyLUT.SampleCountMin:4.0]]
[2020.10.31-13.40.38:508][  0]LogConfig: Setting CVar [[r.SkyAtmosphere.FastSkyLUT.SampleCountMax:32.0]]
[2020.10.31-13.40.38:508][  0]LogConfig: Setting CVar [[r.SkyAtmosphere.SampleCountMin:4.0]]
[2020.10.31-13.40.38:508][  0]LogConfig: Setting CVar [[r.SkyAtmosphere.SampleCountMax:32.0]]
[2020.10.31-13.40.38:508][  0]LogConfig: Setting CVar [[r.SkyAtmosphere.TransmittanceLUT.UseSmallFormat:0]]
[2020.10.31-13.40.38:508][  0]LogConfig: Setting CVar [[r.SkyAtmosphere.TransmittanceLUT.SampleCount:10.0]]
[2020.10.31-13.40.38:508][  0]LogConfig: Setting CVar [[r.SkyAtmosphere.MultiScatteringLUT.SampleCount:15.0]]
[2020.10.31-13.40.38:508][  0]LogConfig: Applying CVar settings from Section [FoliageQuality@3] File [D:/UnrealEngine/UnrealProjects/Final_Project/Saved/Config/Windows/Scalability.ini]
[2020.10.31-13.40.38:508][  0]LogConfig: Setting CVar [[foliage.DensityScale:1.0]]
[2020.10.31-13.40.38:508][  0]LogConfig: Setting CVar [[grass.DensityScale:1.0]]
[2020.10.31-13.40.38:508][  0]LogConfig: Applying CVar settings from Section [ShadingQuality@3] File [D:/UnrealEngine/UnrealProjects/Final_Project/Saved/Config/Windows/Scalability.ini]
[2020.10.31-13.40.38:508][  0]LogConfig: Setting CVar [[r.HairStrands.SkyLighting.SampleCount:16]]
[2020.10.31-13.40.38:508][  0]LogConfig: Setting CVar [[r.HairStrands.SkyLighting.JitterIntegration:0]]
[2020.10.31-13.40.38:508][  0]LogConfig: Setting CVar [[r.HairStrands.SkyAO.SampleCount:16]]
[2020.10.31-13.40.38:508][  0]LogConfig: Setting CVar [[r.HairStrands.DeepShadow.SuperSampling:0]]
[2020.10.31-13.40.38:508][  0]LogConfig: Setting CVar [[r.HairStrands.VisibilityPPLL:0]]
[2020.10.31-13.40.38:508][  0]LogConfig: Setting CVar [[r.HairStrands.RasterizationScale:0.5]]
[2020.10.31-13.40.38:508][  0]LogConfig: Setting CVar [[r.HairStrands.VelocityRasterizationScale:1]]
[2020.10.31-13.40.38:508][  0]LogInit: Selected Device Profile: [Windows]
[2020.10.31-13.40.38:508][  0]LogInit: Applying CVar settings loaded from the selected device profile: [Windows]
[2020.10.31-13.40.38:508][  0]LogHAL: Display: Platform has ~ 16 GB [17109180416 / 17179869184 / 16], which maps to Larger [LargestMinGB=32, LargerMinGB=12, DefaultMinGB=8, SmallerMinGB=6, SmallestMinGB=0)
[2020.10.31-13.40.38:508][  0]LogInit: Going up to parent DeviceProfile []
[2020.10.31-13.40.38:508][  0]LogConfig: Applying CVar settings from Section [ViewDistanceQuality@3] File [D:/UnrealEngine/UnrealProjects/Final_Project/Saved/Config/Windows/Scalability.ini]
[2020.10.31-13.40.38:508][  0]LogConfig: Setting CVar [[r.SkeletalMeshLODBias:0]]
[2020.10.31-13.40.38:508][  0]LogConfig: Setting CVar [[r.ViewDistanceScale:1.0]]
[2020.10.31-13.40.38:508][  0]LogConfig: Applying CVar settings from Section [AntiAliasingQuality@3] File [D:/UnrealEngine/UnrealProjects/Final_Project/Saved/Config/Windows/Scalability.ini]
[2020.10.31-13.40.38:508][  0]LogConfig: Setting CVar [[r.PostProcessAAQuality:4]]
[2020.10.31-13.40.38:508][  0]LogConfig: Applying CVar settings from Section [ShadowQuality@3] File [D:/UnrealEngine/UnrealProjects/Final_Project/Saved/Config/Windows/Scalability.ini]
[2020.10.31-13.40.38:508][  0]LogConfig: Setting CVar [[r.LightFunctionQuality:1]]
[2020.10.31-13.40.38:508][  0]LogConfig: Setting CVar [[r.ShadowQuality:5]]
[2020.10.31-13.40.38:508][  0]LogConfig: Setting CVar [[r.Shadow.CSM.MaxCascades:10]]
[2020.10.31-13.40.38:508][  0]LogConfig: Setting CVar [[r.Shadow.MaxResolution:2048]]
[2020.10.31-13.40.38:508][  0]LogConfig: Setting CVar [[r.Shadow.MaxCSMResolution:2048]]
[2020.10.31-13.40.38:508][  0]LogConfig: Setting CVar [[r.Shadow.RadiusThreshold:0.01]]
[2020.10.31-13.40.38:508][  0]LogConfig: Setting CVar [[r.Shadow.DistanceScale:1.0]]
[2020.10.31-13.40.38:508][  0]LogConfig: Setting CVar [[r.Shadow.CSM.TransitionScale:1.0]]
[2020.10.31-13.40.38:508][  0]LogConfig: Setting CVar [[r.Shadow.PreShadowResolutionFactor:1.0]]
[2020.10.31-13.40.38:508][  0]LogConfig: Setting CVar [[r.DistanceFieldShadowing:1]]
[2020.10.31-13.40.38:508][  0]LogConfig: Setting CVar [[r.DistanceFieldAO:1]]
[2020.10.31-13.40.38:508][  0]LogConfig: Setting CVar [[r.AOQuality:2]]
[2020.10.31-13.40.38:508][  0]LogConfig: Setting CVar [[r.VolumetricFog:1]]
[2020.10.31-13.40.38:508][  0]LogConfig: Setting CVar [[r.VolumetricFog.GridPixelSize:8]]
[2020.10.31-13.40.38:508][  0]LogConfig: Setting CVar [[r.VolumetricFog.GridSizeZ:128]]
[2020.10.31-13.40.38:508][  0]LogConfig: Setting CVar [[r.VolumetricFog.HistoryMissSupersampleCount:4]]
[2020.10.31-13.40.38:508][  0]LogConfig: Setting CVar [[r.LightMaxDrawDistanceScale:1]]
[2020.10.31-13.40.38:508][  0]LogConfig: Setting CVar [[r.CapsuleShadows:1]]
[2020.10.31-13.40.38:509][  0]LogConfig: Applying CVar settings from Section [PostProcessQuality@3] File [D:/UnrealEngine/UnrealProjects/Final_Project/Saved/Config/Windows/Scalability.ini]
[2020.10.31-13.40.38:509][  0]LogConfig: Setting CVar [[r.MotionBlurQuality:4]]
[2020.10.31-13.40.38:509][  0]LogConfig: Setting CVar [[r.AmbientOcclusionMipLevelFactor:0.4]]
[2020.10.31-13.40.38:509][  0]LogConfig: Setting CVar [[r.AmbientOcclusionMaxQuality:100]]
[2020.10.31-13.40.38:509][  0]LogConfig: Setting CVar [[r.AmbientOcclusionLevels:-1]]
[2020.10.31-13.40.38:509][  0]LogConfig: Setting CVar [[r.AmbientOcclusionRadiusScale:1.0]]
[2020.10.31-13.40.38:509][  0]LogConfig: Setting CVar [[r.DepthOfFieldQuality:2]]
[2020.10.31-13.40.38:509][  0]LogConfig: Setting CVar [[r.RenderTargetPoolMin:400]]
[2020.10.31-13.40.38:509][  0]LogConfig: Setting CVar [[r.LensFlareQuality:2]]
[2020.10.31-13.40.38:509][  0]LogConfig: Setting CVar [[r.SceneColorFringeQuality:1]]
[2020.10.31-13.40.38:509][  0]LogConfig: Setting CVar [[r.EyeAdaptationQuality:2]]
[2020.10.31-13.40.38:509][  0]LogConfig: Setting CVar [[r.BloomQuality:5]]
[2020.10.31-13.40.38:509][  0]LogConfig: Setting CVar [[r.FastBlurThreshold:100]]
[2020.10.31-13.40.38:509][  0]LogConfig: Setting CVar [[r.Upscale.Quality:3]]
[2020.10.31-13.40.38:509][  0]LogConfig: Setting CVar [[r.Tonemapper.GrainQuantization:1]]
[2020.10.31-13.40.38:509][  0]LogConfig: Setting CVar [[r.LightShaftQuality:1]]
[2020.10.31-13.40.38:509][  0]LogConfig: Setting CVar [[r.Filter.SizeScale:1]]
[2020.10.31-13.40.38:509][  0]LogConfig: Setting CVar [[r.Tonemapper.Quality:5]]
[2020.10.31-13.40.38:509][  0]LogConfig: Setting CVar [[r.DOF.Gather.AccumulatorQuality:1        ; higher gathering accumulator quality]]
[2020.10.31-13.40.38:509][  0]LogConfig: Setting CVar [[r.DOF.Gather.PostfilterMethod:1          ; Median3x3 postfilering method]]
[2020.10.31-13.40.38:509][  0]LogConfig: Setting CVar [[r.DOF.Gather.EnableBokehSettings:0       ; no bokeh simulation when gathering]]
[2020.10.31-13.40.38:509][  0]LogConfig: Setting CVar [[r.DOF.Gather.RingCount:4                 ; medium number of samples when gathering]]
[2020.10.31-13.40.38:509][  0]LogConfig: Setting CVar [[r.DOF.Scatter.ForegroundCompositing:1    ; additive foreground scattering]]
[2020.10.31-13.40.38:509][  0]LogConfig: Setting CVar [[r.DOF.Scatter.BackgroundCompositing:2    ; additive background scattering]]
[2020.10.31-13.40.38:509][  0]LogConfig: Setting CVar [[r.DOF.Scatter.EnableBokehSettings:1      ; bokeh simulation when scattering]]
[2020.10.31-13.40.38:509][  0]LogConfig: Setting CVar [[r.DOF.Scatter.MaxSpriteRatio:0.1         ; only a maximum of 10% of scattered bokeh]]
[2020.10.31-13.40.38:509][  0]LogConfig: Setting CVar [[r.DOF.Recombine.Quality:1                ; cheap slight out of focus]]
[2020.10.31-13.40.38:509][  0]LogConfig: Setting CVar [[r.DOF.Recombine.EnableBokehSettings:0    ; no bokeh simulation on slight out of focus]]
[2020.10.31-13.40.38:509][  0]LogConfig: Setting CVar [[r.DOF.TemporalAAQuality:1                ; more stable temporal accumulation]]
[2020.10.31-13.40.38:509][  0]LogConfig: Setting CVar [[r.DOF.Kernel.MaxForegroundRadius:0.025]]
[2020.10.31-13.40.38:509][  0]LogConfig: Setting CVar [[r.DOF.Kernel.MaxBackgroundRadius:0.025]]
[2020.10.31-13.40.38:509][  0]LogConfig: Applying CVar settings from Section [TextureQuality@3] File [D:/UnrealEngine/UnrealProjects/Final_Project/Saved/Config/Windows/Scalability.ini]
[2020.10.31-13.40.38:509][  0]LogConfig: Setting CVar [[r.Streaming.MipBias:0]]
[2020.10.31-13.40.38:509][  0]LogConfig: Setting CVar [[r.Streaming.AmortizeCPUToGPUCopy:0]]
[2020.10.31-13.40.38:509][  0]LogConfig: Setting CVar [[r.Streaming.MaxNumTexturesToStreamPerFrame:0]]
[2020.10.31-13.40.38:509][  0]LogConfig: Setting CVar [[r.Streaming.Boost:1]]
[2020.10.31-13.40.38:509][  0]LogConfig: Setting CVar [[r.MaxAnisotropy:8]]
[2020.10.31-13.40.38:509][  0]LogConfig: Setting CVar [[r.VT.MaxAnisotropy:8]]
[2020.10.31-13.40.38:509][  0]LogConfig: Setting CVar [[r.Streaming.LimitPoolSizeToVRAM:0]]
[2020.10.31-13.40.38:509][  0]LogConfig: Setting CVar [[r.Streaming.PoolSize:1000]]
[2020.10.31-13.40.38:509][  0]LogConfig: Setting CVar [[r.Streaming.MaxEffectiveScreenSize:0]]
[2020.10.31-13.40.38:509][  0]LogConfig: Applying CVar settings from Section [EffectsQuality@3] File [D:/UnrealEngine/UnrealProjects/Final_Project/Saved/Config/Windows/Scalability.ini]
[2020.10.31-13.40.38:509][  0]LogConfig: Setting CVar [[r.TranslucencyLightingVolumeDim:64]]
[2020.10.31-13.40.38:509][  0]LogConfig: Setting CVar [[r.RefractionQuality:2]]
[2020.10.31-13.40.38:509][  0]LogConfig: Setting CVar [[r.SSR.Quality:3]]
[2020.10.31-13.40.38:509][  0]LogConfig: Setting CVar [[r.SSR.HalfResSceneColor:0]]
[2020.10.31-13.40.38:509][  0]LogConfig: Setting CVar [[r.SceneColorFormat:4]]
[2020.10.31-13.40.38:509][  0]LogConfig: Setting CVar [[r.DetailMode:2]]
[2020.10.31-13.40.38:509][  0]LogConfig: Setting CVar [[r.TranslucencyVolumeBlur:1]]
[2020.10.31-13.40.38:509][  0]LogConfig: Setting CVar [[r.MaterialQualityLevel:1 ; High quality]]
[2020.10.31-13.40.38:509][  0]LogConfig: Setting CVar [[r.SSS.Scale:1]]
[2020.10.31-13.40.38:509][  0]LogConfig: Setting CVar [[r.SSS.SampleSet:2]]
[2020.10.31-13.40.38:509][  0]LogConfig: Setting CVar [[r.SSS.Quality:1]]
[2020.10.31-13.40.38:509][  0]LogConfig: Setting CVar [[r.SSS.HalfRes:0]]
[2020.10.31-13.40.38:509][  0]LogConfig: Setting CVar [[r.SSGI.Quality:3]]
[2020.10.31-13.40.38:509][  0]LogConfig: Setting CVar [[r.EmitterSpawnRateScale:1.0]]
[2020.10.31-13.40.38:509][  0]LogConfig: Setting CVar [[r.ParticleLightQuality:2]]
[2020.10.31-13.40.38:509][  0]LogConfig: Setting CVar [[r.SkyAtmosphere.AerialPerspectiveLUT.FastApplyOnOpaque:1 ; Always have FastSkyLUT 1 in this case to avoid wrong sky]]
[2020.10.31-13.40.38:509][  0]LogConfig: Setting CVar [[r.SkyAtmosphere.AerialPerspectiveLUT.SampleCountPerSlice:1]]
[2020.10.31-13.40.38:509][  0]LogConfig: Setting CVar [[r.SkyAtmosphere.AerialPerspectiveLUT.DepthResolution:16.0]]
[2020.10.31-13.40.38:509][  0]LogConfig: Setting CVar [[r.SkyAtmosphere.FastSkyLUT:1]]
[2020.10.31-13.40.38:509][  0]LogConfig: Setting CVar [[r.SkyAtmosphere.FastSkyLUT.SampleCountMin:4.0]]
[2020.10.31-13.40.38:509][  0]LogConfig: Setting CVar [[r.SkyAtmosphere.FastSkyLUT.SampleCountMax:32.0]]
[2020.10.31-13.40.38:509][  0]LogConfig: Setting CVar [[r.SkyAtmosphere.SampleCountMin:4.0]]
[2020.10.31-13.40.38:509][  0]LogConfig: Setting CVar [[r.SkyAtmosphere.SampleCountMax:32.0]]
[2020.10.31-13.40.38:509][  0]LogConfig: Setting CVar [[r.SkyAtmosphere.TransmittanceLUT.UseSmallFormat:0]]
[2020.10.31-13.40.38:509][  0]LogConfig: Setting CVar [[r.SkyAtmosphere.TransmittanceLUT.SampleCount:10.0]]
[2020.10.31-13.40.38:509][  0]LogConfig: Setting CVar [[r.SkyAtmosphere.MultiScatteringLUT.SampleCount:15.0]]
[2020.10.31-13.40.38:509][  0]LogConfig: Applying CVar settings from Section [FoliageQuality@3] File [D:/UnrealEngine/UnrealProjects/Final_Project/Saved/Config/Windows/Scalability.ini]
[2020.10.31-13.40.38:509][  0]LogConfig: Setting CVar [[foliage.DensityScale:1.0]]
[2020.10.31-13.40.38:509][  0]LogConfig: Setting CVar [[grass.DensityScale:1.0]]
[2020.10.31-13.40.38:509][  0]LogConfig: Applying CVar settings from Section [ShadingQuality@3] File [D:/UnrealEngine/UnrealProjects/Final_Project/Saved/Config/Windows/Scalability.ini]
[2020.10.31-13.40.38:509][  0]LogConfig: Setting CVar [[r.HairStrands.SkyLighting.SampleCount:16]]
[2020.10.31-13.40.38:509][  0]LogConfig: Setting CVar [[r.HairStrands.SkyLighting.JitterIntegration:0]]
[2020.10.31-13.40.38:509][  0]LogConfig: Setting CVar [[r.HairStrands.SkyAO.SampleCount:16]]
[2020.10.31-13.40.38:509][  0]LogConfig: Setting CVar [[r.HairStrands.DeepShadow.SuperSampling:0]]
[2020.10.31-13.40.38:510][  0]LogConfig: Setting CVar [[r.HairStrands.VisibilityPPLL:0]]
[2020.10.31-13.40.38:510][  0]LogConfig: Setting CVar [[r.HairStrands.RasterizationScale:0.5]]
[2020.10.31-13.40.38:510][  0]LogConfig: Setting CVar [[r.HairStrands.VelocityRasterizationScale:1]]
[2020.10.31-13.40.38:510][  0]LogConfig: Applying CVar settings from Section [Startup] File [../../../Engine/Config/ConsoleVariables.ini]
[2020.10.31-13.40.38:510][  0]LogConfig: Setting CVar [[net.UseAdaptiveNetUpdateFrequency:0]]
[2020.10.31-13.40.38:510][  0]LogConfig: Setting CVar [[p.chaos.AllowCreatePhysxBodies:1]]
[2020.10.31-13.40.38:510][  0]LogConfig: Setting CVar [[fx.SkipVectorVMBackendOptimizations:1]]
[2020.10.31-13.40.38:510][  0]LogConfig: Applying CVar settings from Section [ConsoleVariables] File [D:/UnrealEngine/UnrealProjects/Final_Project/Saved/Config/Windows/Engine.ini]
[2020.10.31-13.40.38:510][  0]LogInit: Computer: DESKTOP-BI3QQ0T
[2020.10.31-13.40.38:510][  0]LogInit: User: ANY180817
[2020.10.31-13.40.38:510][  0]LogInit: CPU Page size=4096, Cores=4
[2020.10.31-13.40.38:510][  0]LogInit: High frequency timer resolution =10.000000 MHz
[2020.10.31-13.40.38:510][  0]LogMemory: Memory total: Physical=15.9GB (16GB approx)
[2020.10.31-13.40.38:511][  0]LogMemory: Platform Memory Stats for Windows
[2020.10.31-13.40.38:511][  0]LogMemory: Process Physical Memory: 114.87 MB used, 114.87 MB peak
[2020.10.31-13.40.38:511][  0]LogMemory: Process Virtual Memory: 96.30 MB used, 96.30 MB peak
[2020.10.31-13.40.38:511][  0]LogMemory: Physical Memory: 9683.81 MB used,  6632.77 MB free, 16316.59 MB total
[2020.10.31-13.40.38:511][  0]LogMemory: Virtual Memory: 5143.29 MB used,  134212584.00 MB free, 134217728.00 MB total
[2020.10.31-13.40.38:530][  0]LogWindows: WindowsPlatformFeatures enabled
[2020.10.31-13.40.38:622][  0]LogInit: Physics initialised using underlying interface: PhysX
[2020.10.31-13.40.38:623][  0]LogInit: Using OS detected language (ko-KR).
[2020.10.31-13.40.38:623][  0]LogInit: Using OS detected locale (ko-KR).
[2020.10.31-13.40.38:626][  0]LogTextLocalizationManager: No specific localization for 'ko-KR' exists, so the 'ko' localization will be used.
[2020.10.31-13.40.38:767][  0]LogInit: Setting process to per monitor DPI aware
[2020.10.31-13.40.38:877][  0]LogSlate: New Slate User Created.  User Index 0, Is Virtual User: 0
[2020.10.31-13.40.38:877][  0]LogSlate: Slate User Registered.  User Index 0, Is Virtual User: 0
[2020.10.31-13.40.39:219][  0]LogHMD: Failed to initialize OpenVR with code 110
[2020.10.31-13.40.39:219][  0]LogD3D11RHI: D3D11 min allowed feature level: 11_0
[2020.10.31-13.40.39:220][  0]LogD3D11RHI: D3D11 max allowed feature level: 11_0
[2020.10.31-13.40.39:220][  0]LogD3D11RHI: D3D11 adapters:
[2020.10.31-13.40.39:357][  0]LogD3D11RHI:    0. 'NVIDIA GeForce GTX 1050 Ti' (Feature Level 11_0)
[2020.10.31-13.40.39:357][  0]LogD3D11RHI:       4018/0/8158 MB DedicatedVideo/DedicatedSystem/SharedSystem, Outputs:2, VendorId:0x10de
[2020.10.31-13.40.39:364][  0]LogD3D11RHI:    1. 'Microsoft Basic Render Driver' (Feature Level 11_0)
[2020.10.31-13.40.39:364][  0]LogD3D11RHI:       0/0/8158 MB DedicatedVideo/DedicatedSystem/SharedSystem, Outputs:0, VendorId:0x1414
[2020.10.31-13.40.39:365][  0]LogD3D11RHI: Chosen D3D11 Adapter: 0
[2020.10.31-13.40.39:374][  0]LogD3D11RHI: Creating new Direct3DDevice
[2020.10.31-13.40.39:374][  0]LogD3D11RHI:     GPU DeviceId: 0x1c82 (for the marketing name, search the web for "GPU Device Id")
[2020.10.31-13.40.39:374][  0]LogWindows: EnumDisplayDevices:
[2020.10.31-13.40.39:375][  0]LogWindows:    0. 'NVIDIA GeForce GTX 1050 Ti' (P:1 D:1)
[2020.10.31-13.40.39:379][  0]LogWindows:    1. 'NVIDIA GeForce GTX 1050 Ti' (P:0 D:1)
[2020.10.31-13.40.39:382][  0]LogWindows:    2. 'NVIDIA GeForce GTX 1050 Ti' (P:0 D:0)
[2020.10.31-13.40.39:384][  0]LogWindows:    3. 'NVIDIA GeForce GTX 1050 Ti' (P:0 D:0)
[2020.10.31-13.40.39:386][  0]LogWindows: DebugString: FoundDriverCount:4 
[2020.10.31-13.40.39:386][  0]LogD3D11RHI:     Adapter Name: NVIDIA GeForce GTX 1050 Ti
[2020.10.31-13.40.39:386][  0]LogD3D11RHI:   Driver Version: 432.00 (internal:26.21.14.3200, unified:432.00)
[2020.10.31-13.40.39:386][  0]LogD3D11RHI:      Driver Date: 7-24-2019
[2020.10.31-13.40.39:386][  0]LogRHI: Texture pool is 2812 MB (70% of 4018 MB)
[2020.10.31-13.40.39:456][  0]LogD3D11RHI: RHI has support for 64 bit atomics
[2020.10.31-13.40.39:462][  0]LogD3D11RHI: [Aftermath] Enabled and primed
[2020.10.31-13.40.39:462][  0]LogD3D11RHI: Async texture creation enabled
[2020.10.31-13.40.39:462][  0]LogD3D11RHI: Array index from any shader is supported
[2020.10.31-13.40.39:545][  0]LogD3D11RHI: GPU Timing Frequency: 1000.000000 (Debug: 2 1)
[2020.10.31-13.40.40:347][  0]LogTargetPlatformManager: Display: Loaded TargetPlatform 'AllDesktop'
[2020.10.31-13.40.40:388][  0]LogTargetPlatformManager: Display: Loaded TargetPlatform 'Android'
[2020.10.31-13.40.40:388][  0]LogTargetPlatformManager: Display: Loaded TargetPlatform 'Android_ASTC'
[2020.10.31-13.40.40:388][  0]LogTargetPlatformManager: Display: Loaded TargetPlatform 'Android_DXT'
[2020.10.31-13.40.40:388][  0]LogTargetPlatformManager: Display: Loaded TargetPlatform 'Android_ETC2'
[2020.10.31-13.40.40:388][  0]LogTargetPlatformManager: Display: Loaded TargetPlatform 'AndroidClient'
[2020.10.31-13.40.40:388][  0]LogTargetPlatformManager: Display: Loaded TargetPlatform 'Android_ASTCClient'
[2020.10.31-13.40.40:388][  0]LogTargetPlatformManager: Display: Loaded TargetPlatform 'Android_DXTClient'
[2020.10.31-13.40.40:388][  0]LogTargetPlatformManager: Display: Loaded TargetPlatform 'Android_ETC2Client'
[2020.10.31-13.40.40:388][  0]LogTargetPlatformManager: Display: Loaded TargetPlatform 'Android_Multi'
[2020.10.31-13.40.40:388][  0]LogTargetPlatformManager: Display: Loaded TargetPlatform 'Android_MultiClient'
[2020.10.31-13.40.40:430][  0]LogTargetPlatformManager: Display: Loaded TargetPlatform 'IOSClient'
[2020.10.31-13.40.40:430][  0]LogTargetPlatformManager: Display: Loaded TargetPlatform 'IOS'
[2020.10.31-13.40.40:448][  0]LogTargetPlatformManager: Display: Loaded TargetPlatform 'Linux'
[2020.10.31-13.40.40:464][  0]LogTargetPlatformManager: Display: Loaded TargetPlatform 'LinuxNoEditor'
[2020.10.31-13.40.40:482][  0]LogTargetPlatformManager: Display: Loaded TargetPlatform 'LinuxClient'
[2020.10.31-13.40.40:499][  0]LogTargetPlatformManager: Display: Loaded TargetPlatform 'LinuxServer'
[2020.10.31-13.40.40:516][  0]LogTargetPlatformManager: Display: Loaded TargetPlatform 'LinuxAArch64NoEditor'
[2020.10.31-13.40.40:533][  0]LogTargetPlatformManager: Display: Loaded TargetPlatform 'LinuxAArch64Client'
[2020.10.31-13.40.40:553][  0]LogTargetPlatformManager: Display: Loaded TargetPlatform 'LinuxAArch64Server'
[2020.10.31-13.40.40:592][  0]LogTargetPlatformManager: Display: Loaded TargetPlatform 'Lumin'
[2020.10.31-13.40.40:592][  0]LogTargetPlatformManager: Display: Loaded TargetPlatform 'LuminClient'
[2020.10.31-13.40.40:615][  0]LogTargetPlatformManager: Display: Loaded TargetPlatform 'TVOSClient'
[2020.10.31-13.40.40:615][  0]LogTargetPlatformManager: Display: Loaded TargetPlatform 'TVOS'
[2020.10.31-13.40.40:630][  0]LogTargetPlatformManager: Display: Loaded TargetPlatform 'WindowsNoEditor'
[2020.10.31-13.40.40:646][  0]LogTargetPlatformManager: Display: Loaded TargetPlatform 'Windows'
[2020.10.31-13.40.40:661][  0]LogTargetPlatformManager: Display: Loaded TargetPlatform 'WindowsClient'
[2020.10.31-13.40.40:679][  0]LogTargetPlatformManager: Display: Loaded TargetPlatform 'WindowsServer'
[2020.10.31-13.40.40:679][  0]LogTargetPlatformManager: Display: Building Assets For Windows
[2020.10.31-13.40.40:699][  0]LogAudioDebug: Display: Lib vorbis DLL was dynamically loaded.
[2020.10.31-13.40.40:832][  0]LogShaderCompilers: Guid format shader working directory is 7 characters bigger than the processId version (../../../../../UnrealProjects/Final_Project/Intermediate/Shaders/WorkingDirectory/6656/).
[2020.10.31-13.40.40:833][  0]LogShaderCompilers: Cleaned the shader compiler working directory 'C:/Users/ANY180817/AppData/Local/Temp/UnrealShaderWorkingDir/221908354C72FC58A8D9F6980C6AA890/'.
[2020.10.31-13.40.40:834][  0]LogXGEController: Cannot use XGE Controller as Incredibuild is not installed on this machine.
[2020.10.31-13.40.40:835][  0]LogShaderCompilers: Cannot use XGE Shader Compiler as Incredibuild is not installed on this machine.
[2020.10.31-13.40.40:835][  0]LogShaderCompilers: Display: Using Local Shader Compiler.
[2020.10.31-13.40.41:853][  0]LogDerivedDataCache: Display: Max Cache Size: 512 MB
[2020.10.31-13.40.41:947][  0]LogDerivedDataCache: Loaded boot cache 0.09s 77MB C:/Users/ANY180817/AppData/Local/UnrealEngine/4.25/DerivedDataCache/Boot.ddc.
[2020.10.31-13.40.41:947][  0]LogDerivedDataCache: Display: Loaded Boot cache: C:/Users/ANY180817/AppData/Local/UnrealEngine/4.25/DerivedDataCache/Boot.ddc
[2020.10.31-13.40.41:947][  0]LogDerivedDataCache: FDerivedDataBackendGraph:  Pak pak cache file ../../../../../UnrealProjects/Final_Project/DerivedDataCache/DDC.ddp not found, will not use a pak cache.
[2020.10.31-13.40.41:947][  0]LogDerivedDataCache: Unable to find inner node Pak for hierarchical cache Hierarchy.
[2020.10.31-13.40.41:947][  0]LogDerivedDataCache: FDerivedDataBackendGraph:  CompressedPak pak cache file ../../../../../UnrealProjects/Final_Project/DerivedDataCache/Compressed.ddp not found, will not use a pak cache.
[2020.10.31-13.40.41:947][  0]LogDerivedDataCache: Unable to find inner node CompressedPak for hierarchical cache Hierarchy.
[2020.10.31-13.40.41:961][  0]LogDerivedDataCache: Display: Pak cache opened for reading ../../../Engine/DerivedDataCache/Compressed.ddp.
[2020.10.31-13.40.41:961][  0]LogDerivedDataCache: FDerivedDataBackendGraph:  EnterprisePak pak cache file ../../../Enterprise/DerivedDataCache/Compressed.ddp not found, will not use a pak cache.
[2020.10.31-13.40.41:961][  0]LogDerivedDataCache: Unable to find inner node EnterprisePak for hierarchical cache Hierarchy.
[2020.10.31-13.40.41:962][  0]LogDerivedDataCache: Using Local data cache path C:/Users/ANY180817/AppData/Local/UnrealEngine/Common/DerivedDataCache: Writable
[2020.10.31-13.40.41:962][  0]LogDerivedDataCache: Shared data cache path not found in *engine.ini, will not use an Shared cache.
[2020.10.31-13.40.41:962][  0]LogDerivedDataCache: Unable to find inner node Shared for hierarchical cache Hierarchy.
[2020.10.31-13.40.42:027][  0]LogSlate: Using FreeType 2.10.0
[2020.10.31-13.40.42:028][  0]LogSlate: SlateFontServices - WITH_FREETYPE: 1, WITH_HARFBUZZ: 1
[2020.10.31-13.40.42:080][  0]LogAssetRegistry: FAssetRegistry took 0.0049 seconds to start up
[2020.10.31-13.40.42:427][  0]LogInit: Selected Device Profile: [Windows]
[2020.10.31-13.40.42:603][  0]LogMeshReduction: Using QuadricMeshReduction for automatic static mesh reduction
[2020.10.31-13.40.42:603][  0]LogMeshReduction: Using SimplygonMeshReduction for automatic skeletal mesh reduction
[2020.10.31-13.40.42:603][  0]LogMeshReduction: Using ProxyLODMeshReduction for automatic mesh merging
[2020.10.31-13.40.42:603][  0]LogMeshReduction: No distributed automatic mesh merging module available
[2020.10.31-13.40.42:603][  0]LogMeshMerging: No distributed automatic mesh merging module available
[2020.10.31-13.40.42:637][  0]LogNetVersion: Final_Project 1.0.0, NetCL: 13144385, EngineNetVer: 14, GameNetVer: 0 (Checksum: 4264652595)
[2020.10.31-13.40.43:343][  0]LogAISub: UAISubsystem::UAISubsystem AISubsystem (0000023465042300), frame # 0
[2020.10.31-13.40.43:343][  0]LogAISub: UAISubsystem::UAISubsystem AIPerceptionSystem (0000023464FFC400), frame # 0
[2020.10.31-13.40.43:344][  0]LogAISub: UAISubsystem::UAISubsystem EnvQueryManager (0000023465034A00), frame # 0
[2020.10.31-13.40.43:422][  0]LogPackageLocalizationCache: Processed 19 localized package path(s) for 1 prioritized culture(s) in 0.068027 seconds
[2020.10.31-13.40.43:432][  0]LogUObjectArray: 15917 objects as part of root set at end of initial load.
[2020.10.31-13.40.43:432][  0]LogUObjectAllocator: 3965568 out of 0 bytes used by permanent object pool.
[2020.10.31-13.40.43:432][  0]LogUObjectArray: CloseDisregardForGC: 0/0 objects in disregard for GC pool
[2020.10.31-13.40.44:119][  0]LogTcpMessaging: Initializing TcpMessaging bridge
[2020.10.31-13.40.44:127][  0]LogUdpMessaging: Initializing bridge on interface 0.0.0.0:0 to multicast group 230.0.0.1:6666.
[2020.10.31-13.40.44:424][  0]SourceControl: 소스 컨트롤이 꺼졌습니다.
[2020.10.31-13.40.44:425][  0]SourceControl: 소스 컨트롤이 꺼졌습니다.
[2020.10.31-13.40.44:432][  0]SourceControl: 소스 컨트롤이 꺼졌습니다.
[2020.10.31-13.40.44:438][  0]SourceControl: 소스 컨트롤이 꺼졌습니다.
[2020.10.31-13.40.44:467][  0]SourceControl: 소스 컨트롤이 꺼졌습니다.
[2020.10.31-13.40.44:980][  0]LogAndroidPermission: UAndroidPermissionCallbackProxy::GetInstance
[2020.10.31-13.40.45:028][  0]LogAudioCaptureCore: Display: No Audio Capture implementations found. Audio input will be silent.
[2020.10.31-13.40.45:028][  0]LogAudioCaptureCore: Display: No Audio Capture implementations found. Audio input will be silent.
[2020.10.31-13.40.45:113][  0]LogOcInput: OculusInput pre-init called
[2020.10.31-13.40.45:137][  0]LogWindows: Failed to load 'OVRPlugin.dll' (GetLastError=126)
[2020.10.31-13.40.45:137][  0]LogWindows: File 'OVRPlugin.dll' does not exist
[2020.10.31-13.40.45:242][  0]LogEngine: Initializing Engine...
[2020.10.31-13.40.45:244][  0]LogHMD: Failed to initialize OpenVR with code 110
[2020.10.31-13.40.45:244][  0]LogMagicLeap: Warning: VR disabled because ZI is not enabled.  To enable, in the editor, Edit -> Project Settings -> Plugins -> Magic Leap Plugin -> Enable Zero Iteration
[2020.10.31-13.40.45:245][  0]LogStats: UGameplayTagsManager::InitializeManager -  0.000 s
[2020.10.31-13.40.45:460][  0]LogInit: Initializing FReadOnlyCVARCache
[2020.10.31-13.40.45:475][  0]LogAIModule: Creating AISystem for world Untitled
[2020.10.31-13.40.45:475][  0]LogAISub: UAISubsystem::UAISubsystem EnvQueryManager (000002346DBB1E00), frame # 0
[2020.10.31-13.40.45:475][  0]LogAISub: UAISubsystem::UAISubsystem AIPerceptionSystem (000002346DBC6840), frame # 0
[2020.10.31-13.40.45:585][  0]LogAudioMixer: Display: Audio Mixer Platform Settings:
[2020.10.31-13.40.45:585][  0]LogAudioMixer: Display: 	Sample Rate:						  48000
[2020.10.31-13.40.45:585][  0]LogAudioMixer: Display: 	Callback Buffer Frame Size Requested: 1024
[2020.10.31-13.40.45:585][  0]LogAudioMixer: Display: 	Callback Buffer Frame Size To Use:	  1024
[2020.10.31-13.40.45:585][  0]LogAudioMixer: Display: 	Number of buffers to queue:			  2
[2020.10.31-13.40.45:585][  0]LogAudioMixer: Display: 	Max Channels (voices):				  32
[2020.10.31-13.40.45:585][  0]LogAudioMixer: Display: 	Number of Async Source Workers:		  0
[2020.10.31-13.40.45:585][  0]LogAudio: Display: AudioDevice MaxSources: 32
[2020.10.31-13.40.45:586][  0]LogAudio: Display: Using built-in audio occlusion.
[2020.10.31-13.40.45:586][  0]LogAudioMixer: Display: Initializing audio mixer.
[2020.10.31-13.40.45:674][  0]LogAudioMixer: Display: 0: FrontLeft
[2020.10.31-13.40.45:674][  0]LogAudioMixer: Display: 1: FrontRight
[2020.10.31-13.40.45:928][  0]LogAudioMixer: Display: Using Audio Device 스피커(Realtek High Definition Audio)
[2020.10.31-13.40.45:928][  0]LogAudioMixer: Display: Initializing Sound Submixes...
[2020.10.31-13.40.45:932][  0]LogAudioMixer: Display: Creating Master Submix 'MasterSubmixDefault'
[2020.10.31-13.40.45:932][  0]LogAudioMixer: Display: Creating Master Submix 'MasterReverbSubmixDefault'
[2020.10.31-13.40.45:933][  0]LogAudioMixer: Display: Creating Master Submix 'MasterEQSubmixDefault'
[2020.10.31-13.40.45:935][  0]LogInit: FAudioDevice initialized.
[2020.10.31-13.40.45:935][  0]LogNetVersion: Set ProjectVersion to 1.0.0.0. Version Checksum will be recalculated on next use.
[2020.10.31-13.40.46:036][  0]LogDerivedDataCache: Saved boot cache 0.10s 77MB C:/Users/ANY180817/AppData/Local/UnrealEngine/4.25/DerivedDataCache/Boot.ddc.
[2020.10.31-13.40.46:043][  0]LogInit: Texture streaming: Enabled
[2020.10.31-13.40.46:085][  0]LogEngineSessionManager: EngineSessionManager initialized
[2020.10.31-13.40.46:085][  0]LogEditorSessionSummary: Verbose: Initializing EditorSessionSummaryWriter for editor session tracking
[2020.10.31-13.40.46:093][  0]LogEditorSessionSummary: EditorSessionSummaryWriter initialized
[2020.10.31-13.40.46:148][  0]LogInit: Transaction tracking system initialized
[2020.10.31-13.40.46:192][  0]BlueprintLog: New page: 에디터 로드
[2020.10.31-13.40.46:338][  0]LocalizationService: 현지화 서비스가 비활성화되었습니다.
[2020.10.31-13.40.46:633][  0]LogCook: Display: Max memory allowance for cook 16384mb min free memory 0mb
[2020.10.31-13.40.46:633][  0]LogCook: Display: Mobile HDR setting 1
[2020.10.31-13.40.46:905][  0]LogFileCache: Scanning file cache for directory 'D:/UnrealEngine/UnrealProjects/Final_Project/Content/' took 0.03s
[2020.10.31-13.40.47:316][  0]SourceControl: 소스 컨트롤이 꺼졌습니다.
[2020.10.31-13.40.47:316][  0]LogUnrealEdMisc: Loading editor; pre map load, took 11.236
[2020.10.31-13.40.47:316][  0]Cmd: MAP LOAD FILE="../../../../../UnrealProjects/Final_Project/Content/Stage/TestMap.umap" TEMPLATE=0 SHOWPROGRESS=1 FEATURELEVEL=3
[2020.10.31-13.40.47:317][  0]LightingResults: New page: 라이팅 빌드
[2020.10.31-13.40.47:318][  0]LogWorld: UWorld::CleanupWorld for Untitled, bSessionEnded=true, bCleanupResources=true
[2020.10.31-13.40.47:318][  0]LogSlate: InvalidateAllWidgets triggered.  All widgets were invalidated
[2020.10.31-13.40.47:318][  0]MapCheck: New page: 맵 체크
[2020.10.31-13.40.47:318][  0]LightingResults: New page: 라이팅 빌드
[2020.10.31-13.40.47:330][  0]LogAISub: UAISubsystem::~UAISubsystem EnvQueryManager (000002346DBB1E00), frame # 0
[2020.10.31-13.40.47:330][  0]LogAISub: UAISubsystem::~UAISubsystem AIPerceptionSystem (000002346DBC6840), frame # 0
[2020.10.31-13.40.47:331][  0]LogUObjectHash: Compacting FUObjectHashTables data took   0.91ms
[2020.10.31-13.40.47:460][  0]LogAIModule: Creating AISystem for world TestMap
[2020.10.31-13.40.47:460][  0]LogAISub: UAISubsystem::UAISubsystem EnvQueryManager (0000023476E2BE00), frame # 0
[2020.10.31-13.40.47:460][  0]LogAISub: UAISubsystem::UAISubsystem AIPerceptionSystem (000002347683B740), frame # 0
[2020.10.31-13.40.47:469][  0]LogEditorServer: Finished looking for orphan Actors (0.000 secs)
[2020.10.31-13.40.47:490][  0]LogUObjectHash: Compacting FUObjectHashTables data took   2.13ms
[2020.10.31-13.40.47:490][  0]Cmd: MAP CHECKDEP NOCLEARLOG
[2020.10.31-13.40.47:490][  0]MapCheck: 맵 체크 완료: 오류 0 회, 경고 0 회, 소요 시간 0.14ms.
[2020.10.31-13.40.47:490][  0]LogFileHelpers: Loading map 'TestMap' took 0.174
[2020.10.31-13.40.47:495][  0]LogUnrealEdMisc: Total Editor Startup Time, took 11.415
[2020.10.31-13.40.47:666][  0]LogSlate: Updating window title bar state: overlay mode, drag disabled, window buttons hidden, title bar hidden
[2020.10.31-13.40.47:679][  0]LogSlate: Updating window title bar state: overlay mode, drag disabled, window buttons hidden, title bar hidden
[2020.10.31-13.40.47:691][  0]LogSlate: Updating window title bar state: overlay mode, drag disabled, window buttons hidden, title bar hidden
[2020.10.31-13.40.47:699][  0]LogSlate: Updating window title bar state: overlay mode, drag disabled, window buttons hidden, title bar hidden
[2020.10.31-13.40.47:716][  0]LogCollectionManager: Loaded 0 collections in 0.002785 seconds
[2020.10.31-13.40.47:739][  0]LogFileCache: Scanning file cache for directory 'D:/UnrealEngine/UnrealProjects/Final_Project/Saved/Collections/' took 0.00s
[2020.10.31-13.40.47:739][  0]LogFileCache: Scanning file cache for directory 'D:/UnrealEngine/UnrealProjects/Final_Project/Content/Developers/ANY180817/Collections/' took 0.00s
[2020.10.31-13.40.47:739][  0]LogFileCache: Scanning file cache for directory 'D:/UnrealEngine/UnrealProjects/Final_Project/Content/Collections/' took 0.00s
[2020.10.31-13.40.47:739][  0]LogContentBrowser: Native class hierarchy populated in 0.0144 seconds. Added 3444 classes and 823 folders.
[2020.10.31-13.40.47:743][  0]LogContentBrowser: Native class hierarchy updated for 'WidgetCarousel' in 0.0005 seconds. Added 0 classes and 0 folders.
[2020.10.31-13.40.47:830][  0]LogContentBrowser: Native class hierarchy updated for 'AddContentDialog' in 0.0005 seconds. Added 0 classes and 0 folders.
[2020.10.31-13.40.47:834][  0]LogContentBrowser: Native class hierarchy updated for 'SceneOutliner' in 0.0007 seconds. Added 2 classes and 0 folders.
[2020.10.31-13.40.47:956][  0]LogSlate: Took 0.000497 seconds to synchronously load lazily loaded font '../../../Engine/Content/Slate/Fonts/Roboto-Regular.ttf' (155K)
[2020.10.31-13.40.47:961][  0]LogSlate: Took 0.002686 seconds to synchronously load lazily loaded font '../../../Engine/Content/Editor/Slate/Fonts/NanumGothic.ttf' (4243K)
[2020.10.31-13.40.47:965][  0]LogSlate: Took 0.002377 seconds to synchronously load lazily loaded font '../../../Engine/Content/Editor/Slate/Fonts/NanumGothicBold.ttf' (4188K)
[2020.10.31-13.40.47:965][  0]LogSlate: Took 0.000265 seconds to synchronously load lazily loaded font '../../../Engine/Content/Slate/Fonts/Roboto-Bold.ttf' (160K)
[2020.10.31-13.40.47:967][  0]LogSlate: Took 0.000387 seconds to synchronously load lazily loaded font '../../../Engine/Content/Editor/Slate/Fonts/FontAwesome.ttf' (139K)
[2020.10.31-13.40.48:060][  0]LogRenderer: Reallocating scene render targets to support 1248x572 Format 10 NumSamples 1 (Frame:1).
[2020.10.31-13.40.48:285][  0]LogContentBrowser: Native class hierarchy updated for 'HierarchicalLODOutliner' in 0.0006 seconds. Added 0 classes and 0 folders.
[2020.10.31-13.40.48:286][  0]LogLoad: (Engine Initialization) Total time: 12.21 seconds
[2020.10.31-13.40.48:286][  0]LogLoad: (Engine Initialization) Total Blueprint compile time: 0.00 seconds
[2020.10.31-13.40.48:352][  0]LogContentStreaming: Texture pool size now 1000 MB
[2020.10.31-13.40.48:390][  0]LogSlate: Took 0.000542 seconds to synchronously load lazily loaded font '../../../Engine/Content/Slate/Fonts/Roboto-Light.ttf' (167K)
[2020.10.31-13.40.48:412][  1]LogAssetRegistry: Asset discovery search completed in 6.3334 seconds
[2020.10.31-13.40.48:420][  1]LogCollectionManager: Fixed up redirectors for 0 collections in 0.000003 seconds (updated 0 objects)
[2020.10.31-13.40.49:742][  5]LogSlate: Took 0.000396 seconds to synchronously load lazily loaded font '../../../Engine/Content/Slate/Fonts/Roboto-Light.ttf' (167K)
[2020.10.31-13.45.57:756][215]LogAssetEditorSubsystem: Opening Asset editor for BehaviorTree /Game/AI/BT_FPCharacter.BT_FPCharacter
[2020.10.31-13.45.57:913][215]LogSlate: Took 0.000519 seconds to synchronously load lazily loaded font '../../../Engine/Content/Slate/Fonts/Roboto-BoldCondensed.ttf' (158K)
[2020.10.31-13.46.55:346][ 52]MapCheck: New page: 맵 체크
[2020.10.31-13.46.55:393][ 52]Cmd: MAP REBUILD ALLVISIBLE
[2020.10.31-13.46.55:397][ 52]LogEditorServer: Rebuildmap Clear paths rebuilt
[2020.10.31-13.46.55:788][ 52]LogWorld: UWorld::CleanupWorld for TestMap, bSessionEnded=true, bCleanupResources=false
[2020.10.31-13.46.55:890][ 52]LogNavigationDataBuild: Display: UNavigationSystemV1::Build started...
[2020.10.31-13.46.55:890][ 52]LogNavigationDataBuild: Display:    Building navigation data using PHYSICS_INTERFACE_PHYSX.
[2020.10.31-13.46.55:890][ 52]LogNavigationDataBuild: Display:    Building navigation data using WITH_PHYSX.
[2020.10.31-13.46.55:890][ 52]LogNavigationDataBuild: Display:    Building NavData:  Name Default class /Script/NavigationSystem.RecastNavMesh agent radius 35.0.
[2020.10.31-13.46.55:896][ 52]LogNavigationDataBuild: Display: UNavigationSystemV1::Build total execution time: 0.01s
[2020.10.31-13.46.55:918][ 52]LogUObjectHash: Compacting FUObjectHashTables data took   0.81ms
[2020.10.31-13.46.55:944][ 52]LogMaterial: Display: Missing cached shader map for material DebugViewMode MaterialTexCoordScale, compiling. 
[2020.10.31-13.46.56:131][ 52]LogMaterial: Display: Missing cached shader map for material DebugViewMode MaterialTexCoordScale, compiling. 
[2020.10.31-13.46.56:133][ 52]LogShaderCompilers: Display: Worker (1/5): shaders left to compile 2
[2020.10.31-13.46.56:133][ 52]LogShaderCompilers: Display: Worker (2/5): shaders left to compile 1
[2020.10.31-13.46.56:133][ 52]LogMaterial: Display: Missing cached shader map for material DebugViewMode MaterialTexCoordScale, compiling. 
[2020.10.31-13.46.56:134][ 52]LogMaterial: Display: Missing cached shader map for material DebugViewMode MaterialTexCoordScale, compiling. 
[2020.10.31-13.46.56:136][ 52]LogMaterial: Display: Missing cached shader map for material DebugViewMode MaterialTexCoordScale, compiling. 
[2020.10.31-13.46.56:137][ 52]LogMaterial: Display: Missing cached shader map for material DebugViewMode MaterialTexCoordScale, compiling. 
[2020.10.31-13.46.56:139][ 52]LogMaterial: Display: Missing cached shader map for material DebugViewMode MaterialTexCoordScale, compiling. 
[2020.10.31-13.46.56:140][ 52]LogMaterial: Display: Missing cached shader map for material DebugViewMode MaterialTexCoordScale, compiling. 
[2020.10.31-13.46.56:143][ 52]LogMaterial: Display: Missing cached shader map for material DebugViewMode MaterialTexCoordScale, compiling. 
[2020.10.31-13.46.56:146][ 52]LogMaterial: Display: Missing cached shader map for material DebugViewMode MaterialTexCoordScale, compiling. 
[2020.10.31-13.46.59:989][ 52]LogShaderCompilers: Display: Worker (3/5): shaders left to compile 18
[2020.10.31-13.46.59:989][ 52]LogShaderCompilers: Display: Worker (4/5): shaders left to compile 17
[2020.10.31-13.46.59:989][ 52]LogShaderCompilers: Display: Worker (3/5): shaders left to compile 16
[2020.10.31-13.46.59:989][ 52]LogShaderCompilers: Display: Worker (4/5): shaders left to compile 15
[2020.10.31-13.46.59:989][ 52]LogShaderCompilers: Display: Worker (2/5): shaders left to compile 14
[2020.10.31-13.46.59:989][ 52]LogShaderCompilers: Display: Worker (1/5): shaders left to compile 13
[2020.10.31-13.46.59:989][ 52]LogShaderCompilers: Display: Worker (3/5): shaders left to compile 12
[2020.10.31-13.46.59:989][ 52]LogShaderCompilers: Display: Worker (2/5): shaders left to compile 11
[2020.10.31-13.46.59:989][ 52]LogShaderCompilers: Display: Worker (4/5): shaders left to compile 10
[2020.10.31-13.46.59:989][ 52]LogShaderCompilers: Display: Worker (1/5): shaders left to compile 9
[2020.10.31-13.46.59:989][ 52]LogShaderCompilers: Display: Worker (2/5): shaders left to compile 8
[2020.10.31-13.46.59:989][ 52]LogShaderCompilers: Display: Worker (3/5): shaders left to compile 7
[2020.10.31-13.46.59:989][ 52]LogShaderCompilers: Display: Worker (1/5): shaders left to compile 6
[2020.10.31-13.46.59:989][ 52]LogShaderCompilers: Display: Worker (4/5): shaders left to compile 5
[2020.10.31-13.46.59:989][ 52]LogShaderCompilers: Display: Worker (2/5): shaders left to compile 4
[2020.10.31-13.46.59:989][ 52]LogShaderCompilers: Display: Worker (3/5): shaders left to compile 3
[2020.10.31-13.46.59:989][ 52]LogShaderCompilers: Display: Worker (1/5): shaders left to compile 2
[2020.10.31-13.46.59:989][ 52]LogShaderCompilers: Display: Worker (4/5): shaders left to compile 1
[2020.10.31-13.46.59:989][ 52]TextureStreamingBuild: Display: Compiling optional shaders took 4.052 seconds.
[2020.10.31-13.47.00:052][ 52]LogLevel: Display: Export Material TexCoord Scales took 0.063 seconds.
[2020.10.31-13.47.00:068][ 52]TextureStreamingBuild: Display: Build Texture Streaming took 0.016 seconds.
[2020.10.31-13.47.00:077][ 52]LogUObjectHash: Compacting FUObjectHashTables data took   0.40ms
[2020.10.31-13.47.00:113][ 52]LightingResults: New page: 라이팅 빌드 - 2020. 11. 1. 오전 7:47:00
[2020.10.31-13.47.00:377][ 52]LogSwarmInterface: [OpenConnection] Registering TCP channel ...
[2020.10.31-13.47.00:790][ 52]LogSwarmInterface: [OpenConnection] Connecting to agent ...
[2020.10.31-13.47.00:824][ 52]LogSwarmInterface: [TryOpenConnection] Testing the Agent
[2020.10.31-13.47.02:547][ 52]LogSwarmInterface: [TryOpenConnection] Opening Connection to Agent
[2020.10.31-13.47.02:547][ 52]LogSwarmInterface: [TryOpenConnection] Local Process ID is 6656
[2020.10.31-13.47.10:525][ 52]LogStaticLightingSystem: Warning: No importance volume found, so the scene bounding box was used.  You can optimize your scene's quality and lighting build times by adding importance volumes.
[2020.10.31-13.47.10:557][ 52]LogStaticLightingSystem: Running Lightmass w/ ImmediateImport mode ENABLED
[2020.10.31-13.47.10:558][ 52]LogStaticLightingSystem: Running Lightmass w/ ImmediateProcess mode ENABLED
[2020.10.31-13.47.10:558][ 52]LogStaticLightingSystem: Running Lightmass w/ Sorting mode ENABLED
[2020.10.31-13.47.10:558][ 52]LogStaticLightingSystem: Running Lightmass w/ Mapping paddings ENABLED
[2020.10.31-13.47.10:558][ 52]LogStaticLightingSystem: Running Lightmass w/ Mapping debug paddings DISABLED
[2020.10.31-13.47.11:123][ 52]Cmd: MAP CHECK DONTDISPLAYDIALOG
[2020.10.31-13.47.11:123][ 52]MapCheck: New page: TestMap - 2020. 11. 1. 오전 7:47:11
[2020.10.31-13.47.11:263][ 52]MapCheck: 맵 체크 완료: 오류 0 회, 경고 0 회, 소요 시간 139.821ms.
[2020.10.31-13.47.11:274][ 52]LogEditorBuildUtils: Build time 0:15
[2020.10.31-13.47.11:905][ 55]LogUObjectHash: Compacting FUObjectHashTables data took   0.22ms
[2020.10.31-13.47.13:944][ 60]Job is a success!
[2020.10.31-13.47.14:523][ 61]LogVolumetricLightmapImport: Imported Volumetric Lightmap in 0.055s
[2020.10.31-13.47.14:524][ 61]LogVolumetricLightmapImport:      Indirection Texture 16x16x16 = 0.0Mb
[2020.10.31-13.47.14:524][ 61]LogVolumetricLightmapImport:      BrickData (all levels) 0.1Mb
[2020.10.31-13.47.14:524][ 61]LogVolumetricLightmapImport:      Bricks at depth
[2020.10.31-13.47.14:524][ 61]LogVolumetricLightmapImport:          0: 5.9% covering 100.0% of volume
[2020.10.31-13.47.14:524][ 61]LogVolumetricLightmapImport:          1: 5.9% covering 1.6% of volume
[2020.10.31-13.47.14:524][ 61]LogVolumetricLightmapImport:          2: 88.2% covering 0.4% of volume
[2020.10.31-13.47.14:524][ 61]LogVolumetricLightmapImport:      Bricks in each level
[2020.10.31-13.47.14:524][ 61]LogVolumetricLightmapImport:          TestMap 			 17 bricks 	 100.0% (Persistent Level)
[2020.10.31-13.47.14:777][ 61]LogTexture: Display: 텍스처 빌드: HQ_Lightmap1_2 (AutoDXT, 64X64)
[2020.10.31-13.47.14:777][ 61]LogTexture: Display: 텍스처 빌드: LQ_Lightmap_1_2 (DXT1, 64X64)
[2020.10.31-13.47.14:777][ 61]LogTexture: Display: 텍스처 빌드: HQ_Lightmap1_1 (AutoDXT, 128X128)
[2020.10.31-13.47.14:777][ 61]LogTexture: Display: 텍스처 빌드: LQ_Lightmap_1_1 (DXT1, 128X128)
[2020.10.31-13.47.14:777][ 61]LogTexture: Display: 텍스처 빌드: ShadowMapTexture2D_2 (G8, 64X64)
[2020.10.31-13.47.14:777][ 61]LogTexture: Display: 텍스처 빌드: ShadowMapTexture2D_3 (G8, 32X32)
[2020.10.31-13.47.14:777][ 61]Lightmass on DESKTOP-BI3QQ0T: 1.90 sec total, 204 ms importing, 19 ms setup, 60 ms photons, 1.30 sec processing, 0 ms extra exporting [2/2 mappings]. Threads: 9.12 sec total, 193 ms processing.
[2020.10.31-13.47.14:787][ 61]LogStaticLightingSystem: TestMap_BuiltData storing lightmap data for 2 meshes in 2 LightmapResourceClusters (1.0 Meshes per cluster).
[2020.10.31-13.47.14:800][ 61]LogUObjectHash: Compacting FUObjectHashTables data took   0.73ms
[2020.10.31-13.47.14:821][ 61]LogStaticLightingSystem: Illumination: 14.3 sec (120 ms encoding lightmaps, 9 ms encoding shadowmaps)
[2020.10.31-13.47.14:821][ 61]LogStaticLightingSystem: Lightmap texture memory:  0.0 MB (0.0 MB streaming, 0.0 MB non-streaming), 4 textures
[2020.10.31-13.47.14:821][ 61]LogStaticLightingSystem: Shadowmap texture memory: 0.0 MB (0.0 MB streaming, 0.0 MB non-streaming), 2 textures
[2020.10.31-13.47.15:543][ 61]DumpUnbuiltLightIteractions
[2020.10.31-13.47.15:543][ 61]Lights with unbuilt interactions: 0
[2020.10.31-13.47.15:543][ 61]
[2020.10.31-13.47.15:543][ 61]Primitives with unbuilt interactions: 0
[2020.10.31-13.47.15:670][ 62]Cmd: MAP CHECK NOTIFYRESULTS
[2020.10.31-13.47.15:671][ 62]MapCheck: New page: TestMap - 2020. 11. 1. 오전 7:47:15
[2020.10.31-13.47.15:671][ 62]MapCheck: 맵 체크 완료: 오류 0 회, 경고 0 회, 소요 시간 0.306ms.
[2020.10.31-13.47.21:136][207]Candidate modules for hot reload:
[2020.10.31-13.47.21:136][207]  Final_Project
[2020.10.31-13.47.21:136][207]Launching UnrealBuildTool... [D:/UnrealEngine/Epic Games/UE_4.25/Engine/Binaries/DotNET/UnrealBuildTool.exe  -ModuleWithSuffix=Final_Project,2314 Final_ProjectEditor Win64 Development -Project="D:/UnrealEngine/UnrealProjects/Final_Project/Final_Project.uproject" "D:/UnrealEngine/UnrealProjects/Final_Project/Final_Project.uproject"  -IgnoreJunk]
[2020.10.31-13.47.21:140][207]Warning: Starting HotReload took  0.1s.
[2020.10.31-13.47.27:417][674]CompilerResultsLog: New page: 컴파일 - 2020. 11. 1. 오전 7:47:27
[2020.10.31-13.47.27:418][674]CompilerResultsLog: Using 'git status' to determine working set for adaptive non-unity build (D:\UnrealEngine\UnrealProjects\Final_Project).
[2020.10.31-13.47.27:418][674]CompilerResultsLog: Building Final_ProjectEditor...
[2020.10.31-13.47.27:418][674]CompilerResultsLog: Using Visual Studio 2017 14.16.27031 toolchain (C:\Program Files (x86)\Microsoft Visual Studio\2017\Community\VC\Tools\MSVC\14.16.27023) and Windows 10.0.17763.0 SDK (C:\Program Files (x86)\Windows Kits\10).
[2020.10.31-13.47.27:418][674]CompilerResultsLog: Building 3 actions with 8 processes...
[2020.10.31-13.47.27:418][674]CompilerResultsLog:   [1/3] UE4Editor-Final_Project-2314.lib
[2020.10.31-13.47.27:418][674]CompilerResultsLog:      D:\UnrealEngine\UnrealProjects\Final_Project\Intermediate\Build\Win64\UE4Editor\Development\Final_Project\UE4Editor-Final_Project-2314.lib ???̺귯?? ?? D:\UnrealEngine\UnrealProjects\Final_Project\Intermediate\Build\Win64\UE4Editor\Development\Final_Project\UE4Editor-Final_Project-2314.exp ??ü?? ?????ϰ? ?ֽ??ϴ?.
[2020.10.31-13.47.27:418][674]CompilerResultsLog:   [2/3] UE4Editor-Final_Project-2314.dll
[2020.10.31-13.47.27:418][674]CompilerResultsLog:      D:\UnrealEngine\UnrealProjects\Final_Project\Intermediate\Build\Win64\UE4Editor\Development\Final_Project\UE4Editor-Final_Project-2314.suppressed.lib ???̺귯?? ?? D:\UnrealEngine\UnrealProjects\Final_Project\Intermediate\Build\Win64\UE4Editor\Development\Final_Project\UE4Editor-Final_Project-2314.suppressed.exp ??ü?? ?????ϰ? ?ֽ??ϴ?.
[2020.10.31-13.47.27:418][674]CompilerResultsLog:   [3/3] Final_ProjectEditor.target
[2020.10.31-13.47.27:418][674]CompilerResultsLog: Total time in Parallel executor: 4.27 seconds
[2020.10.31-13.47.27:418][674]CompilerResultsLog: Total execution time: 5.93 seconds
[2020.10.31-13.47.27:418][674]LogMainFrame: MainFrame: Module compiling took 6.286 seconds
[2020.10.31-13.47.27:495][674]LogClass: FPCharacterData HotReload.
[2020.10.31-13.47.27:502][674]LogHotReload: Re-instancing FPCharacter after hot-reload.
[2020.10.31-13.47.27:521][674]LogContentBrowser: Native class hierarchy updated for 'Final_Project' in 0.0005 seconds. Added 17 classes and 2 folders.
[2020.10.31-13.47.27:523][674]Display: HotReload successful (5 functions remapped  1 scriptstructs remapped)
[2020.10.31-13.47.27:581][674]LogContentBrowser: Native class hierarchy populated in 0.0121 seconds. Added 3444 classes and 823 folders.
[2020.10.31-13.47.27:581][674]Display: HotReload took  6.5s.
[2020.10.31-13.48.07:430][477]Cmd: TRANSACTION UNDO
[2020.10.31-13.48.07:430][477]LogEditorTransaction: Undo 기본으로 리셋
[2020.10.31-13.48.33:952][851]Cmd: OBJ SAVEPACKAGE PACKAGE="/Game/AI/BT_FPCharacter" FILE="../../../../../UnrealProjects/Final_Project/Content/AI/BT_FPCharacter.uasset" SILENT=true
[2020.10.31-13.48.34:103][851]LogSavePackage: Moving '../../../../../UnrealProjects/Final_Project/Saved/BT_FPCharacter6A06A8934E22550EC5DCAAB0B2A8B049.tmp' to '../../../../../UnrealProjects/Final_Project/Content/AI/BT_FPCharacter.uasset'
[2020.10.31-13.48.34:191][851]AssetCheck: New page: 애셋 저장: BT_FPCharacter
[2020.10.31-13.48.34:191][851]LogContentValidation: Display: BehaviorTree /Game/AI/BT_FPCharacter.BT_FPCharacter 유효성 검사
[2020.10.31-13.48.35:648][957]LogTemp: Repeating last play command: 선택된 뷰포트
[2020.10.31-13.48.35:734][957]LogPlayLevel: PlayLevel: No blueprints needed recompiling
[2020.10.31-13.48.35:749][957]PIE: New page: PIE 세션: TestMap (2020. 11. 1. 오전 7:48:35)
[2020.10.31-13.48.35:780][957]LogOnline: OSS: Creating online subsystem instance for: NULL
[2020.10.31-13.48.35:838][957]LogOnline: OSS: TryLoadSubsystemAndSetDefault: Loaded subsystem for module [NULL]
[2020.10.31-13.48.35:886][957]LogPlayLevel: Creating play world package: /Game/Stage/UEDPIE_0_TestMap
[2020.10.31-13.48.35:930][957]LogPlayLevel: PIE: StaticDuplicateObject took: (0.043329s)
[2020.10.31-13.48.35:931][957]LogAIModule: Creating AISystem for world TestMap
[2020.10.31-13.48.35:932][957]LogAISub: UAISubsystem::UAISubsystem EnvQueryManager (000002340FDBCE00), frame # 12957
[2020.10.31-13.48.35:932][957]LogAISub: UAISubsystem::UAISubsystem AIPerceptionSystem (000002340FD6FD80), frame # 12957
[2020.10.31-13.48.35:932][957]LogPlayLevel: PIE: World Init took: (0.001954s)
[2020.10.31-13.48.35:942][957]LogPlayLevel: PIE: Created PIE world by copying editor world from /Game/Stage/TestMap.TestMap to /Game/Stage/UEDPIE_0_TestMap.TestMap (0.045759s)
[2020.10.31-13.48.35:962][957]LogUObjectHash: Compacting FUObjectHashTables data took   1.24ms
[2020.10.31-13.48.35:984][957]LogAudioMixer: Display: Audio Mixer Platform Settings:
[2020.10.31-13.48.35:984][957]LogAudioMixer: Display: 	Sample Rate:						  48000
[2020.10.31-13.48.35:984][957]LogAudioMixer: Display: 	Callback Buffer Frame Size Requested: 1024
[2020.10.31-13.48.35:984][957]LogAudioMixer: Display: 	Callback Buffer Frame Size To Use:	  1024
[2020.10.31-13.48.35:984][957]LogAudioMixer: Display: 	Number of buffers to queue:			  2
[2020.10.31-13.48.35:984][957]LogAudioMixer: Display: 	Max Channels (voices):				  32
[2020.10.31-13.48.35:984][957]LogAudioMixer: Display: 	Number of Async Source Workers:		  0
[2020.10.31-13.48.35:984][957]LogAudio: Display: AudioDevice MaxSources: 32
[2020.10.31-13.48.35:984][957]LogAudio: Display: Using built-in audio occlusion.
[2020.10.31-13.48.35:984][957]LogAudioMixer: Display: Initializing audio mixer.
[2020.10.31-13.48.36:045][957]LogAudioMixer: Display: 0: FrontLeft
[2020.10.31-13.48.36:045][957]LogAudioMixer: Display: 1: FrontRight
[2020.10.31-13.48.36:229][957]LogAudioMixer: Display: Using Audio Device 스피커(Realtek High Definition Audio)
[2020.10.31-13.48.36:229][957]LogAudioMixer: Display: Initializing Sound Submixes...
[2020.10.31-13.48.36:230][957]LogAudioMixer: Display: Creating Master Submix 'MasterSubmixDefault'
[2020.10.31-13.48.36:230][957]LogAudioMixer: Display: Creating Master Submix 'MasterReverbSubmixDefault'
[2020.10.31-13.48.36:230][957]LogAudioMixer: Display: Creating Master Submix 'MasterEQSubmixDefault'
[2020.10.31-13.48.36:244][957]LogInit: FAudioDevice initialized.
[2020.10.31-13.48.36:354][957]LogLoad: Game class is 'FPGameMode'
[2020.10.31-13.48.36:501][957]LogWorld: Bringing World /Game/Stage/UEDPIE_0_TestMap.TestMap up for play (max tick rate 0) at 2020.10.31-22.48.36
[2020.10.31-13.48.50:675][957]LogWindows: Error: === Critical error: ===
[2020.10.31-13.48.50:675][957]LogWindows: Error: 
[2020.10.31-13.48.50:675][957]LogWindows: Error: Fatal error!
[2020.10.31-13.48.50:675][957]LogWindows: Error: 
[2020.10.31-13.48.50:675][957]LogWindows: Error: Unhandled Exception: EXCEPTION_ACCESS_VIOLATION reading address 0x000000cc
[2020.10.31-13.48.50:675][957]LogWindows: Error: 
[2020.10.31-13.48.50:675][957]LogWindows: Error: [Callstack] 0x00007fff801162e6 UE4Editor-Final_Project-2314.dll!FMulticastDelegateBase<FWeakObjectPtr>::CompactInvocationList() [d:\unrealengine\epic games\ue_4.25\engine\source\runtime\core\public\delegates\multicastdelegatebase.h:171]
[2020.10.31-13.48.50:675][957]LogWindows: Error: [Callstack] 0x00007fff8011622c UE4Editor-Final_Project-2314.dll!FMulticastDelegateBase<FWeakObjectPtr>::AddInternal() [d:\unrealengine\epic games\ue_4.25\engine\source\runtime\core\public\delegates\multicastdelegatebase.h:158]
[2020.10.31-13.48.50:675][957]LogWindows: Error: [Callstack] 0x00007fff8012232c UE4Editor-Final_Project-2314.dll!AFPCharacter::PostInitializeComponents() [d:\unrealengine\unrealprojects\final_project\source\final_project\fpcharacter.cpp:233]
[2020.10.31-13.48.50:675][957]LogWindows: Error: [Callstack] 0x00007fffa305ba31 UE4Editor-Engine.dll!UnknownFunction []
[2020.10.31-13.48.50:675][957]LogWindows: Error: [Callstack] 0x00007fffa3a248de UE4Editor-Engine.dll!UnknownFunction []
[2020.10.31-13.48.50:675][957]LogWindows: Error: [Callstack] 0x00007fffa2eb3384 UE4Editor-Engine.dll!UnknownFunction []
[2020.10.31-13.48.50:675][957]LogWindows: Error: [Callstack] 0x00007fffa6d73e9c UE4Editor-UnrealEd.dll!UnknownFunction []
[2020.10.31-13.48.50:675][957]LogWindows: Error: [Callstack] 0x00007fffa6d94d6c UE4Editor-UnrealEd.dll!UnknownFunction []
[2020.10.31-13.48.50:675][957]LogWindows: Error: [Callstack] 0x00007fffa6d74dd9 UE4Editor-UnrealEd.dll!UnknownFunction []
[2020.10.31-13.48.50:675][957]LogWindows: Error: [Callstack] 0x00007fffa6db08fa UE4Editor-UnrealEd.dll!UnknownFunction []
[2020.10.31-13.48.50:675][957]LogWindows: Error: [Callstack] 0x00007fffa6db3bbd UE4Editor-UnrealEd.dll!UnknownFunction []
[2020.10.31-13.48.50:675][957]LogWindows: Error: [Callstack] 0x00007fffa6db3598 UE4Editor-UnrealEd.dll!UnknownFunction []
[2020.10.31-13.48.50:675][957]LogWindows: Error: [Callstack] 0x00007fffa683a854 UE4Editor-UnrealEd.dll!UnknownFunction []
[2020.10.31-13.48.50:675][957]LogWindows: Error: [Callstack] 0x00007fffa7111d06 UE4Editor-UnrealEd.dll!UnknownFunction []
[2020.10.31-13.48.50:675][957]LogWindows: Error: [Callstack] 0x00007ff7c9457800 UE4Editor.exe!UnknownFunction []
[2020.10.31-13.48.50:675][957]LogWindows: Error: [Callstack] 0x00007ff7c946ba7c UE4Editor.exe!UnknownFunction []
[2020.10.31-13.48.50:675][957]LogWindows: Error: [Callstack] 0x00007ff7c946bb5a UE4Editor.exe!UnknownFunction []
[2020.10.31-13.48.50:675][957]LogWindows: Error: [Callstack] 0x00007ff7c947e31d UE4Editor.exe!UnknownFunction []
[2020.10.31-13.48.50:676][957]LogWindows: Error: [Callstack] 0x00007ff7c948145a UE4Editor.exe!UnknownFunction []
[2020.10.31-13.48.50:676][957]LogWindows: Error: [Callstack] 0x00007ffffb597bd4 KERNEL32.DLL!UnknownFunction []
[2020.10.31-13.48.50:676][957]LogWindows: Error: [Callstack] 0x00007ffffbe0ce51 ntdll.dll!UnknownFunction []
[2020.10.31-13.48.50:676][957]LogWindows: Error: 
[2020.10.31-13.48.50:736][957]LogExit: Executing StaticShutdownAfterError
[2020.10.31-13.48.50:764][957]LogWindows: FPlatformMisc::RequestExit(1)
[2020.10.31-13.48.50:764][957]LogCore: Engine exit requested (reason: Win RequestExit)
[2020.10.31-13.48.50:793][957]Log file closed, 10/31/20 22:48:50
