Log file open, 10/24/20 02:32:48
LogInit: Display: Running engine for game: Final_Project
LogPlatformFile: Not using cached read wrapper
LogTaskGraph: Started task graph with 5 named threads and 23 total threads with 3 sets of task threads.
LogStats: Stats thread started at 0.232858
LogD3D11RHI: Loaded GFSDK_Aftermath_Lib.x64.dll
LogICUInternationalization: ICU TimeZone Detection - Raw Offset: +9:00, Platform Override: ''
LogPluginManager: Mounting plugin Paper2D
LogPluginManager: Mounting plugin AISupport
LogPluginManager: Mounting plugin LightPropagationVolume
LogPluginManager: Mounting plugin CameraShakePreviewer
LogPluginManager: Mounting plugin ActorLayerUtilities
LogPluginManager: Mounting plugin AnimationSharing
LogPluginManager: Mounting plugin CLionSourceCodeAccess
LogPluginManager: Mounting plugin CodeLiteSourceCodeAccess
LogPluginManager: Mounting plugin GitSourceControl
LogPluginManager: Mounting plugin KDevelopSourceCodeAccess
LogPluginManager: Mounting plugin NullSourceCodeAccess
LogPluginManager: Mounting plugin PerforceSourceControl
LogPluginManager: Mounting plugin PlasticSourceControl
LogPluginManager: Mounting plugin RiderSourceCodeAccess
LogPluginManager: Mounting plugin SubversionSourceControl
LogPluginManager: Mounting plugin UObjectPlugin
LogPluginManager: Mounting plugin VisualStudioCodeSourceCodeAccess
LogPluginManager: Mounting plugin VisualStudioSourceCodeAccess
LogPluginManager: Mounting plugin XCodeSourceCodeAccess
LogPluginManager: Mounting plugin AssetManagerEditor
LogPluginManager: Mounting plugin CryptoKeys
LogPluginManager: Mounting plugin CurveEditorTools
LogPluginManager: Mounting plugin DataValidation
LogPluginManager: Mounting plugin EditorScriptingUtilities
LogPluginManager: Mounting plugin FacialAnimation
LogPluginManager: Mounting plugin GameplayTagsEditor
LogPluginManager: Mounting plugin GeometryMode
LogPluginManager: Mounting plugin MacGraphicsSwitching
LogPluginManager: Mounting plugin MaterialAnalyzer
LogPluginManager: Mounting plugin MobileLauncherProfileWizard
LogPluginManager: Mounting plugin PluginBrowser
LogPluginManager: Mounting plugin SpeedTreeImporter
LogPluginManager: Mounting plugin DatasmithContent
LogPluginManager: Mounting plugin VariantManagerContent
LogPluginManager: Mounting plugin AlembicImporter
LogPluginManager: Mounting plugin AutomationUtils
LogPluginManager: Mounting plugin BackChannel
LogPluginManager: Mounting plugin ChaosCloth
LogPluginManager: Mounting plugin ChaosClothEditor
LogPluginManager: Mounting plugin ChaosEditor
LogPluginManager: Mounting plugin ChaosNiagara
LogPluginManager: Mounting plugin ChaosSolverPlugin
LogPluginManager: Mounting plugin CharacterAI
LogPluginManager: Mounting plugin GeometryCache
LogPluginManager: Mounting plugin GeometryCollectionPlugin
LogPluginManager: Mounting plugin GeometryProcessing
LogPluginManager: Mounting plugin PlanarCut
LogPluginManager: Mounting plugin PlatformCrypto
LogPluginManager: Mounting plugin ProxyLODPlugin
LogPluginManager: Mounting plugin SkeletalReduction
LogPluginManager: Mounting plugin Niagara
LogPluginManager: Mounting plugin MagicLeap
LogPluginManager: Mounting plugin MagicLeapLightEstimation
LogPluginManager: Mounting plugin MagicLeapMedia
LogPluginManager: Mounting plugin MagicLeapPassableWorld
LogPluginManager: Mounting plugin MLSDK
LogPluginManager: Mounting plugin AndroidMedia
LogPluginManager: Mounting plugin AvfMedia
LogPluginManager: Mounting plugin ImgMedia
LogPluginManager: Mounting plugin MediaCompositing
LogPluginManager: Mounting plugin MediaPlayerEditor
LogPluginManager: Mounting plugin WebMMedia
LogPluginManager: Mounting plugin WmfMedia
LogPluginManager: Mounting plugin MeshPainting
LogPluginManager: Mounting plugin TcpMessaging
LogPluginManager: Mounting plugin UdpMessaging
LogPluginManager: Mounting plugin ActorSequence
LogPluginManager: Mounting plugin LevelSequenceEditor
LogPluginManager: Mounting plugin MatineeToLevelSequence
LogPluginManager: Mounting plugin MovieRenderPipeline
LogPluginManager: Mounting plugin TemplateSequence
LogPluginManager: Mounting plugin NetcodeUnitTest
LogPluginManager: Mounting plugin NUTUnrealEngine4
LogPluginManager: Mounting plugin OnlineSubsystemGooglePlay
LogPluginManager: Mounting plugin OnlineSubsystemIOS
LogPluginManager: Mounting plugin OnlineSubsystem
LogPluginManager: Mounting plugin OnlineSubsystemNull
LogPluginManager: Mounting plugin OnlineSubsystemUtils
LogPluginManager: Mounting plugin LauncherChunkInstaller
LogPluginManager: Mounting plugin AndroidDeviceProfileSelector
LogPluginManager: Mounting plugin AndroidMoviePlayer
LogPluginManager: Mounting plugin AndroidPermission
LogPluginManager: Mounting plugin AppleImageUtils
LogPluginManager: Mounting plugin AppleMoviePlayer
LogPluginManager: Mounting plugin ArchVisCharacter
LogPluginManager: Mounting plugin AssetTags
LogPluginManager: Mounting plugin AudioCapture
LogPluginManager: Mounting plugin CableComponent
LogPluginManager: Mounting plugin CustomMeshComponent
LogPluginManager: Mounting plugin EditableMesh
LogPluginManager: Mounting plugin ExampleDeviceProfileSelector
LogPluginManager: Mounting plugin GoogleCloudMessaging
LogPluginManager: Mounting plugin GooglePAD
LogPluginManager: Mounting plugin IOSDeviceProfileSelector
LogPluginManager: Mounting plugin LinuxDeviceProfileSelector
LogPluginManager: Mounting plugin LocationServicesBPLibrary
LogPluginManager: Mounting plugin MobilePatchingUtils
LogPluginManager: Mounting plugin OculusVR
LogPluginManager: Mounting plugin PhysXVehicles
LogPluginManager: Mounting plugin PostSplashScreen
LogPluginManager: Mounting plugin ProceduralMeshComponent
LogPluginManager: Mounting plugin RuntimePhysXCooking
LogPluginManager: Mounting plugin SignificanceManager
LogPluginManager: Mounting plugin SoundFields
LogPluginManager: Mounting plugin SteamVR
LogPluginManager: Mounting plugin Synthesis
LogPluginManager: Mounting plugin WebMMoviePlayer
LogPluginManager: Mounting plugin WindowsMoviePlayer
LogPluginManager: Mounting plugin ScreenshotTools
LogInit: Using libcurl 7.55.1-DEV
LogInit:  - built for x86_64-pc-win32
LogInit:  - supports SSL with OpenSSL/1.1.1
LogInit:  - supports HTTP deflate (compression) using libz 1.2.8
LogInit:  - other features:
LogInit:      CURL_VERSION_SSL
LogInit:      CURL_VERSION_LIBZ
LogInit:      CURL_VERSION_IPV6
LogInit:      CURL_VERSION_ASYNCHDNS
LogInit:      CURL_VERSION_LARGEFILE
LogInit:      CURL_VERSION_IDN
LogInit:  CurlRequestOptions (configurable via config and command line):
LogInit:  - bVerifyPeer = true  - Libcurl will verify peer certificate
LogInit:  - bUseHttpProxy = false  - Libcurl will NOT use HTTP proxy
LogInit:  - bDontReuseConnections = false  - Libcurl will reuse connections
LogInit:  - MaxHostConnections = 16  - Libcurl will limit the number of connections to a host
LogInit:  - LocalHostAddr = Default
LogInit:  - BufferSize = 65536
LogOnline: OSS: Creating online subsystem instance for: NULL
LogInit: WinSock: version 1.1 (2.2), MaxSocks=32767, MaxUdp=65467
LogOnline: OSS: TryLoadSubsystemAndSetDefault: Loaded subsystem for module [NULL]
LogInit: Build: ++UE4+Release-4.25-CL-13942748
LogInit: Engine Version: 4.25.3-13942748+++UE4+Release-4.25
LogInit: Compatible Engine Version: 4.25.0-13144385+++UE4+Release-4.25
LogInit: Net CL: 13144385
LogInit: OS: Windows 10 (Release 1909) (), CPU: Intel(R) Core(TM) i7-4790 CPU @ 3.60GHz, GPU: NVIDIA GeForce GTX 1050 Ti
LogInit: Compiled (64-bit): Jul 25 2020 02:07:48
LogInit: Compiled with Visual C++: 19.24.28315.00
LogInit: Build Configuration: Development
LogInit: Branch Name: ++UE4+Release-4.25
LogInit: Command Line: 
LogInit: Base Directory: D:/UnrealEngine/Epic Games/UE_4.25/Engine/Binaries/Win64/
LogInit: Allocator: TBB
LogInit: Installed Engine Build: 1
LogDevObjectVersion: Number of dev versions registered: 26
LogDevObjectVersion:   Dev-Blueprints (B0D832E4-1F89-4F0D-ACCF-7EB736FD4AA2): 10
LogDevObjectVersion:   Dev-Build (E1C64328-A22C-4D53-A36C-8E866417BD8C): 0
LogDevObjectVersion:   Dev-Core (375EC13C-06E4-48FB-B500-84F0262A717E): 4
LogDevObjectVersion:   Dev-Editor (E4B068ED-F494-42E9-A231-DA0B2E46BB41): 38
LogDevObjectVersion:   Dev-Framework (CFFC743F-43B0-4480-9391-14DF171D2073): 37
LogDevObjectVersion:   Dev-Mobile (B02B49B5-BB20-44E9-A304-32B752E40360): 2
LogDevObjectVersion:   Dev-Networking (A4E4105C-59A1-49B5-A7C5-40C4547EDFEE): 0
LogDevObjectVersion:   Dev-Online (39C831C9-5AE6-47DC-9A44-9C173E1C8E7C): 0
LogDevObjectVersion:   Dev-Physics (78F01B33-EBEA-4F98-B9B4-84EACCB95AA2): 4
LogDevObjectVersion:   Dev-Platform (6631380F-2D4D-43E0-8009-CF276956A95A): 0
LogDevObjectVersion:   Dev-Rendering (12F88B9F-8875-4AFC-A67C-D90C383ABD29): 43
LogDevObjectVersion:   Dev-Sequencer (7B5AE74C-D270-4C10-A958-57980B212A5A): 12
LogDevObjectVersion:   Dev-VR (D7296918-1DD6-4BDD-9DE2-64A83CC13884): 3
LogDevObjectVersion:   Dev-LoadTimes (C2A15278-BFE7-4AFE-6C17-90FF531DF755): 1
LogDevObjectVersion:   Private-Geometry (6EACA3D4-40EC-4CC1-B786-8BED09428FC5): 3
LogDevObjectVersion:   Dev-AnimPhys (29E575DD-E0A3-4627-9D10-D276232CDCEA): 17
LogDevObjectVersion:   Dev-Anim (AF43A65D-7FD3-4947-9873-3E8ED9C1BB05): 7
LogDevObjectVersion:   Dev-ReflectionCapture (6B266CEC-1EC7-4B8F-A30B-E4D90942FC07): 1
LogDevObjectVersion:   Dev-Automation (0DF73D61-A23F-47EA-B727-89E90C41499A): 1
LogDevObjectVersion:   FortniteMain (601D1886-AC64-4F84-AA16-D3DE0DEAC7D6): 31
LogDevObjectVersion:   Dev-Enterprise (9DFFBCD6-494F-0158-E221-12823C92A888): 10
LogDevObjectVersion:   Dev-Niagara (F2AED0AC-9AFE-416F-8664-AA7FFA26D6FC): 1
LogDevObjectVersion:   Dev-Destruction (174F1F0B-B4C6-45A5-B13F-2EE8D0FB917D): 10
LogDevObjectVersion:   Dev-Physics-Ext (35F94A83-E258-406C-A318-09F59610247C): 37
LogDevObjectVersion:   Dev-PhysicsMaterial-Chaos (B68FC16E-8B1B-42E2-B453-215C058844FE): 1
LogDevObjectVersion:   Dev-CineCamera (B2E18506-4273-CFC2-A54E-F4BB758BBA07): 1
LogInit: Presizing for max 25165824 objects, including 0 objects not considered by GC, pre-allocating 0 bytes for permanent pool.
LogConfig: Applying CVar settings from Section [/Script/Engine.StreamingSettings] File [D:/UnrealEngine/UnrealProjects/Final_Project/Saved/Config/Windows/Engine.ini]
LogConfig: Setting CVar [[s.MinBulkDataSizeForAsyncLoading:131072]]
LogConfig: Setting CVar [[s.AsyncLoadingThreadEnabled:0]]
LogConfig: Setting CVar [[s.EventDrivenLoaderEnabled:1]]
LogConfig: Setting CVar [[s.WarnIfTimeLimitExceeded:0]]
LogConfig: Setting CVar [[s.TimeLimitExceededMultiplier:1.5]]
LogConfig: Setting CVar [[s.TimeLimitExceededMinTime:0.005]]
LogConfig: Setting CVar [[s.UseBackgroundLevelStreaming:1]]
LogConfig: Setting CVar [[s.PriorityAsyncLoadingExtraTime:15.0]]
LogConfig: Setting CVar [[s.LevelStreamingActorsUpdateTimeLimit:5.0]]
LogConfig: Setting CVar [[s.PriorityLevelStreamingActorsUpdateExtraTime:5.0]]
LogConfig: Setting CVar [[s.LevelStreamingComponentsRegistrationGranularity:10]]
LogConfig: Setting CVar [[s.UnregisterComponentsTimeLimit:1.0]]
LogConfig: Setting CVar [[s.LevelStreamingComponentsUnregistrationGranularity:5]]
LogConfig: Setting CVar [[s.FlushStreamingOnExit:1]]
LogInit: Object subsystem initialized
LogConfig: Setting CVar [[con.DebugEarlyDefault:1]]
LogConfig: Setting CVar [[r.setres:1280x720]]
[2020.10.23-17.32.48:559][  0]LogConfig: Setting CVar [[r.VSync:0]]
[2020.10.23-17.32.48:559][  0]LogConfig: Setting CVar [[r.RHICmdBypass:0]]
[2020.10.23-17.32.48:559][  0]LogConfig: Applying CVar settings from Section [/Script/Engine.RendererSettings] File [D:/UnrealEngine/UnrealProjects/Final_Project/Saved/Config/Windows/Engine.ini]
[2020.10.23-17.32.48:559][  0]LogConfig: Setting CVar [[r.GPUCrashDebugging:0]]
[2020.10.23-17.32.48:559][  0]LogConfig: Applying CVar settings from Section [/Script/Engine.RendererOverrideSettings] File [D:/UnrealEngine/UnrealProjects/Final_Project/Saved/Config/Windows/Engine.ini]
[2020.10.23-17.32.48:559][  0]LogConfig: Applying CVar settings from Section [/Script/Engine.StreamingSettings] File [D:/UnrealEngine/UnrealProjects/Final_Project/Saved/Config/Windows/Engine.ini]
[2020.10.23-17.32.48:559][  0]LogConfig: Setting CVar [[s.MinBulkDataSizeForAsyncLoading:131072]]
[2020.10.23-17.32.48:559][  0]LogConfig: Setting CVar [[s.AsyncLoadingThreadEnabled:0]]
[2020.10.23-17.32.48:559][  0]LogConfig: Setting CVar [[s.EventDrivenLoaderEnabled:1]]
[2020.10.23-17.32.48:559][  0]LogConfig: Setting CVar [[s.WarnIfTimeLimitExceeded:0]]
[2020.10.23-17.32.48:559][  0]LogConfig: Setting CVar [[s.TimeLimitExceededMultiplier:1.5]]
[2020.10.23-17.32.48:559][  0]LogConfig: Setting CVar [[s.TimeLimitExceededMinTime:0.005]]
[2020.10.23-17.32.48:559][  0]LogConfig: Setting CVar [[s.UseBackgroundLevelStreaming:1]]
[2020.10.23-17.32.48:559][  0]LogConfig: Setting CVar [[s.PriorityAsyncLoadingExtraTime:15.0]]
[2020.10.23-17.32.48:559][  0]LogConfig: Setting CVar [[s.LevelStreamingActorsUpdateTimeLimit:5.0]]
[2020.10.23-17.32.48:559][  0]LogConfig: Setting CVar [[s.PriorityLevelStreamingActorsUpdateExtraTime:5.0]]
[2020.10.23-17.32.48:559][  0]LogConfig: Setting CVar [[s.LevelStreamingComponentsRegistrationGranularity:10]]
[2020.10.23-17.32.48:559][  0]LogConfig: Setting CVar [[s.UnregisterComponentsTimeLimit:1.0]]
[2020.10.23-17.32.48:559][  0]LogConfig: Setting CVar [[s.LevelStreamingComponentsUnregistrationGranularity:5]]
[2020.10.23-17.32.48:559][  0]LogConfig: Setting CVar [[s.FlushStreamingOnExit:1]]
[2020.10.23-17.32.48:559][  0]LogConfig: Applying CVar settings from Section [/Script/Engine.GarbageCollectionSettings] File [D:/UnrealEngine/UnrealProjects/Final_Project/Saved/Config/Windows/Engine.ini]
[2020.10.23-17.32.48:559][  0]LogConfig: Setting CVar [[gc.MaxObjectsNotConsideredByGC:1]]
[2020.10.23-17.32.48:559][  0]LogConfig: Setting CVar [[gc.SizeOfPermanentObjectPool:0]]
[2020.10.23-17.32.48:559][  0]LogConfig: Setting CVar [[gc.FlushStreamingOnGC:0]]
[2020.10.23-17.32.48:559][  0]LogConfig: Setting CVar [[gc.NumRetriesBeforeForcingGC:10]]
[2020.10.23-17.32.48:559][  0]LogConfig: Setting CVar [[gc.AllowParallelGC:1]]
[2020.10.23-17.32.48:559][  0]LogConfig: Setting CVar [[gc.TimeBetweenPurgingPendingKillObjects:61.1]]
[2020.10.23-17.32.48:559][  0]LogConfig: Setting CVar [[gc.MaxObjectsInEditor:25165824]]
[2020.10.23-17.32.48:559][  0]LogConfig: Setting CVar [[gc.IncrementalBeginDestroyEnabled:1]]
[2020.10.23-17.32.48:559][  0]LogConfig: Setting CVar [[gc.CreateGCClusters:1]]
[2020.10.23-17.32.48:559][  0]LogConfig: Setting CVar [[gc.MinGCClusterSize:5]]
[2020.10.23-17.32.48:559][  0]LogConfig: Setting CVar [[gc.ActorClusteringEnabled:0]]
[2020.10.23-17.32.48:559][  0]LogConfig: Setting CVar [[gc.BlueprintClusteringEnabled:0]]
[2020.10.23-17.32.48:559][  0]LogConfig: Setting CVar [[gc.UseDisregardForGCOnDedicatedServers:0]]
[2020.10.23-17.32.48:559][  0]LogConfig: Applying CVar settings from Section [/Script/Engine.NetworkSettings] File [D:/UnrealEngine/UnrealProjects/Final_Project/Saved/Config/Windows/Engine.ini]
[2020.10.23-17.32.48:559][  0]LogConfig: Applying CVar settings from Section [/Script/UnrealEd.CookerSettings] File [D:/UnrealEngine/UnrealProjects/Final_Project/Saved/Config/Windows/Engine.ini]
[2020.10.23-17.32.48:570][  0]LogConfig: Applying CVar settings from Section [ViewDistanceQuality@3] File [D:/UnrealEngine/UnrealProjects/Final_Project/Saved/Config/Windows/Scalability.ini]
[2020.10.23-17.32.48:570][  0]LogConfig: Setting CVar [[r.SkeletalMeshLODBias:0]]
[2020.10.23-17.32.48:570][  0]LogConfig: Setting CVar [[r.ViewDistanceScale:1.0]]
[2020.10.23-17.32.48:570][  0]LogConfig: Applying CVar settings from Section [AntiAliasingQuality@3] File [D:/UnrealEngine/UnrealProjects/Final_Project/Saved/Config/Windows/Scalability.ini]
[2020.10.23-17.32.48:570][  0]LogConfig: Setting CVar [[r.PostProcessAAQuality:4]]
[2020.10.23-17.32.48:570][  0]LogConfig: Applying CVar settings from Section [ShadowQuality@3] File [D:/UnrealEngine/UnrealProjects/Final_Project/Saved/Config/Windows/Scalability.ini]
[2020.10.23-17.32.48:570][  0]LogConfig: Setting CVar [[r.LightFunctionQuality:1]]
[2020.10.23-17.32.48:570][  0]LogConfig: Setting CVar [[r.ShadowQuality:5]]
[2020.10.23-17.32.48:570][  0]LogConfig: Setting CVar [[r.Shadow.CSM.MaxCascades:10]]
[2020.10.23-17.32.48:570][  0]LogConfig: Setting CVar [[r.Shadow.MaxResolution:2048]]
[2020.10.23-17.32.48:570][  0]LogConfig: Setting CVar [[r.Shadow.MaxCSMResolution:2048]]
[2020.10.23-17.32.48:570][  0]LogConfig: Setting CVar [[r.Shadow.RadiusThreshold:0.01]]
[2020.10.23-17.32.48:570][  0]LogConfig: Setting CVar [[r.Shadow.DistanceScale:1.0]]
[2020.10.23-17.32.48:570][  0]LogConfig: Setting CVar [[r.Shadow.CSM.TransitionScale:1.0]]
[2020.10.23-17.32.48:570][  0]LogConfig: Setting CVar [[r.Shadow.PreShadowResolutionFactor:1.0]]
[2020.10.23-17.32.48:570][  0]LogConfig: Setting CVar [[r.DistanceFieldShadowing:1]]
[2020.10.23-17.32.48:570][  0]LogConfig: Setting CVar [[r.DistanceFieldAO:1]]
[2020.10.23-17.32.48:571][  0]LogConfig: Setting CVar [[r.AOQuality:2]]
[2020.10.23-17.32.48:571][  0]LogConfig: Setting CVar [[r.VolumetricFog:1]]
[2020.10.23-17.32.48:571][  0]LogConfig: Setting CVar [[r.VolumetricFog.GridPixelSize:8]]
[2020.10.23-17.32.48:571][  0]LogConfig: Setting CVar [[r.VolumetricFog.GridSizeZ:128]]
[2020.10.23-17.32.48:571][  0]LogConfig: Setting CVar [[r.VolumetricFog.HistoryMissSupersampleCount:4]]
[2020.10.23-17.32.48:571][  0]LogConfig: Setting CVar [[r.LightMaxDrawDistanceScale:1]]
[2020.10.23-17.32.48:571][  0]LogConfig: Setting CVar [[r.CapsuleShadows:1]]
[2020.10.23-17.32.48:571][  0]LogConfig: Applying CVar settings from Section [PostProcessQuality@3] File [D:/UnrealEngine/UnrealProjects/Final_Project/Saved/Config/Windows/Scalability.ini]
[2020.10.23-17.32.48:571][  0]LogConfig: Setting CVar [[r.MotionBlurQuality:4]]
[2020.10.23-17.32.48:571][  0]LogConfig: Setting CVar [[r.AmbientOcclusionMipLevelFactor:0.4]]
[2020.10.23-17.32.48:571][  0]LogConfig: Setting CVar [[r.AmbientOcclusionMaxQuality:100]]
[2020.10.23-17.32.48:571][  0]LogConfig: Setting CVar [[r.AmbientOcclusionLevels:-1]]
[2020.10.23-17.32.48:571][  0]LogConfig: Setting CVar [[r.AmbientOcclusionRadiusScale:1.0]]
[2020.10.23-17.32.48:571][  0]LogConfig: Setting CVar [[r.DepthOfFieldQuality:2]]
[2020.10.23-17.32.48:571][  0]LogConfig: Setting CVar [[r.RenderTargetPoolMin:400]]
[2020.10.23-17.32.48:571][  0]LogConfig: Setting CVar [[r.LensFlareQuality:2]]
[2020.10.23-17.32.48:571][  0]LogConfig: Setting CVar [[r.SceneColorFringeQuality:1]]
[2020.10.23-17.32.48:571][  0]LogConfig: Setting CVar [[r.EyeAdaptationQuality:2]]
[2020.10.23-17.32.48:571][  0]LogConfig: Setting CVar [[r.BloomQuality:5]]
[2020.10.23-17.32.48:571][  0]LogConfig: Setting CVar [[r.FastBlurThreshold:100]]
[2020.10.23-17.32.48:571][  0]LogConfig: Setting CVar [[r.Upscale.Quality:3]]
[2020.10.23-17.32.48:571][  0]LogConfig: Setting CVar [[r.Tonemapper.GrainQuantization:1]]
[2020.10.23-17.32.48:571][  0]LogConfig: Setting CVar [[r.LightShaftQuality:1]]
[2020.10.23-17.32.48:571][  0]LogConfig: Setting CVar [[r.Filter.SizeScale:1]]
[2020.10.23-17.32.48:571][  0]LogConfig: Setting CVar [[r.Tonemapper.Quality:5]]
[2020.10.23-17.32.48:571][  0]LogConfig: Setting CVar [[r.DOF.Gather.AccumulatorQuality:1        ; higher gathering accumulator quality]]
[2020.10.23-17.32.48:571][  0]LogConfig: Setting CVar [[r.DOF.Gather.PostfilterMethod:1          ; Median3x3 postfilering method]]
[2020.10.23-17.32.48:571][  0]LogConfig: Setting CVar [[r.DOF.Gather.EnableBokehSettings:0       ; no bokeh simulation when gathering]]
[2020.10.23-17.32.48:571][  0]LogConfig: Setting CVar [[r.DOF.Gather.RingCount:4                 ; medium number of samples when gathering]]
[2020.10.23-17.32.48:571][  0]LogConfig: Setting CVar [[r.DOF.Scatter.ForegroundCompositing:1    ; additive foreground scattering]]
[2020.10.23-17.32.48:571][  0]LogConfig: Setting CVar [[r.DOF.Scatter.BackgroundCompositing:2    ; additive background scattering]]
[2020.10.23-17.32.48:571][  0]LogConfig: Setting CVar [[r.DOF.Scatter.EnableBokehSettings:1      ; bokeh simulation when scattering]]
[2020.10.23-17.32.48:571][  0]LogConfig: Setting CVar [[r.DOF.Scatter.MaxSpriteRatio:0.1         ; only a maximum of 10% of scattered bokeh]]
[2020.10.23-17.32.48:571][  0]LogConfig: Setting CVar [[r.DOF.Recombine.Quality:1                ; cheap slight out of focus]]
[2020.10.23-17.32.48:571][  0]LogConfig: Setting CVar [[r.DOF.Recombine.EnableBokehSettings:0    ; no bokeh simulation on slight out of focus]]
[2020.10.23-17.32.48:571][  0]LogConfig: Setting CVar [[r.DOF.TemporalAAQuality:1                ; more stable temporal accumulation]]
[2020.10.23-17.32.48:571][  0]LogConfig: Setting CVar [[r.DOF.Kernel.MaxForegroundRadius:0.025]]
[2020.10.23-17.32.48:571][  0]LogConfig: Setting CVar [[r.DOF.Kernel.MaxBackgroundRadius:0.025]]
[2020.10.23-17.32.48:571][  0]LogConfig: Applying CVar settings from Section [TextureQuality@3] File [D:/UnrealEngine/UnrealProjects/Final_Project/Saved/Config/Windows/Scalability.ini]
[2020.10.23-17.32.48:571][  0]LogConfig: Setting CVar [[r.Streaming.MipBias:0]]
[2020.10.23-17.32.48:571][  0]LogConfig: Setting CVar [[r.Streaming.AmortizeCPUToGPUCopy:0]]
[2020.10.23-17.32.48:571][  0]LogConfig: Setting CVar [[r.Streaming.MaxNumTexturesToStreamPerFrame:0]]
[2020.10.23-17.32.48:571][  0]LogConfig: Setting CVar [[r.Streaming.Boost:1]]
[2020.10.23-17.32.48:571][  0]LogConfig: Setting CVar [[r.MaxAnisotropy:8]]
[2020.10.23-17.32.48:571][  0]LogConfig: Setting CVar [[r.VT.MaxAnisotropy:8]]
[2020.10.23-17.32.48:571][  0]LogConfig: Setting CVar [[r.Streaming.LimitPoolSizeToVRAM:0]]
[2020.10.23-17.32.48:571][  0]LogConfig: Setting CVar [[r.Streaming.PoolSize:1000]]
[2020.10.23-17.32.48:571][  0]LogConfig: Setting CVar [[r.Streaming.MaxEffectiveScreenSize:0]]
[2020.10.23-17.32.48:571][  0]LogConfig: Applying CVar settings from Section [EffectsQuality@3] File [D:/UnrealEngine/UnrealProjects/Final_Project/Saved/Config/Windows/Scalability.ini]
[2020.10.23-17.32.48:571][  0]LogConfig: Setting CVar [[r.TranslucencyLightingVolumeDim:64]]
[2020.10.23-17.32.48:571][  0]LogConfig: Setting CVar [[r.RefractionQuality:2]]
[2020.10.23-17.32.48:571][  0]LogConfig: Setting CVar [[r.SSR.Quality:3]]
[2020.10.23-17.32.48:571][  0]LogConfig: Setting CVar [[r.SSR.HalfResSceneColor:0]]
[2020.10.23-17.32.48:571][  0]LogConfig: Setting CVar [[r.SceneColorFormat:4]]
[2020.10.23-17.32.48:571][  0]LogConfig: Setting CVar [[r.DetailMode:2]]
[2020.10.23-17.32.48:571][  0]LogConfig: Setting CVar [[r.TranslucencyVolumeBlur:1]]
[2020.10.23-17.32.48:571][  0]LogConfig: Setting CVar [[r.MaterialQualityLevel:1 ; High quality]]
[2020.10.23-17.32.48:571][  0]LogConfig: Setting CVar [[r.SSS.Scale:1]]
[2020.10.23-17.32.48:571][  0]LogConfig: Setting CVar [[r.SSS.SampleSet:2]]
[2020.10.23-17.32.48:571][  0]LogConfig: Setting CVar [[r.SSS.Quality:1]]
[2020.10.23-17.32.48:571][  0]LogConfig: Setting CVar [[r.SSS.HalfRes:0]]
[2020.10.23-17.32.48:571][  0]LogConfig: Setting CVar [[r.SSGI.Quality:3]]
[2020.10.23-17.32.48:571][  0]LogConfig: Setting CVar [[r.EmitterSpawnRateScale:1.0]]
[2020.10.23-17.32.48:571][  0]LogConfig: Setting CVar [[r.ParticleLightQuality:2]]
[2020.10.23-17.32.48:571][  0]LogConfig: Setting CVar [[r.SkyAtmosphere.AerialPerspectiveLUT.FastApplyOnOpaque:1 ; Always have FastSkyLUT 1 in this case to avoid wrong sky]]
[2020.10.23-17.32.48:571][  0]LogConfig: Setting CVar [[r.SkyAtmosphere.AerialPerspectiveLUT.SampleCountPerSlice:1]]
[2020.10.23-17.32.48:571][  0]LogConfig: Setting CVar [[r.SkyAtmosphere.AerialPerspectiveLUT.DepthResolution:16.0]]
[2020.10.23-17.32.48:571][  0]LogConfig: Setting CVar [[r.SkyAtmosphere.FastSkyLUT:1]]
[2020.10.23-17.32.48:571][  0]LogConfig: Setting CVar [[r.SkyAtmosphere.FastSkyLUT.SampleCountMin:4.0]]
[2020.10.23-17.32.48:571][  0]LogConfig: Setting CVar [[r.SkyAtmosphere.FastSkyLUT.SampleCountMax:32.0]]
[2020.10.23-17.32.48:572][  0]LogConfig: Setting CVar [[r.SkyAtmosphere.SampleCountMin:4.0]]
[2020.10.23-17.32.48:572][  0]LogConfig: Setting CVar [[r.SkyAtmosphere.SampleCountMax:32.0]]
[2020.10.23-17.32.48:572][  0]LogConfig: Setting CVar [[r.SkyAtmosphere.TransmittanceLUT.UseSmallFormat:0]]
[2020.10.23-17.32.48:572][  0]LogConfig: Setting CVar [[r.SkyAtmosphere.TransmittanceLUT.SampleCount:10.0]]
[2020.10.23-17.32.48:572][  0]LogConfig: Setting CVar [[r.SkyAtmosphere.MultiScatteringLUT.SampleCount:15.0]]
[2020.10.23-17.32.48:572][  0]LogConfig: Applying CVar settings from Section [FoliageQuality@3] File [D:/UnrealEngine/UnrealProjects/Final_Project/Saved/Config/Windows/Scalability.ini]
[2020.10.23-17.32.48:572][  0]LogConfig: Setting CVar [[foliage.DensityScale:1.0]]
[2020.10.23-17.32.48:572][  0]LogConfig: Setting CVar [[grass.DensityScale:1.0]]
[2020.10.23-17.32.48:572][  0]LogConfig: Applying CVar settings from Section [ShadingQuality@3] File [D:/UnrealEngine/UnrealProjects/Final_Project/Saved/Config/Windows/Scalability.ini]
[2020.10.23-17.32.48:572][  0]LogConfig: Setting CVar [[r.HairStrands.SkyLighting.SampleCount:16]]
[2020.10.23-17.32.48:572][  0]LogConfig: Setting CVar [[r.HairStrands.SkyLighting.JitterIntegration:0]]
[2020.10.23-17.32.48:572][  0]LogConfig: Setting CVar [[r.HairStrands.SkyAO.SampleCount:16]]
[2020.10.23-17.32.48:572][  0]LogConfig: Setting CVar [[r.HairStrands.DeepShadow.SuperSampling:0]]
[2020.10.23-17.32.48:572][  0]LogConfig: Setting CVar [[r.HairStrands.VisibilityPPLL:0]]
[2020.10.23-17.32.48:572][  0]LogConfig: Setting CVar [[r.HairStrands.RasterizationScale:0.5]]
[2020.10.23-17.32.48:572][  0]LogConfig: Setting CVar [[r.HairStrands.VelocityRasterizationScale:1]]
[2020.10.23-17.32.48:572][  0]LogInit: Selected Device Profile: [Windows]
[2020.10.23-17.32.48:572][  0]LogInit: Applying CVar settings loaded from the selected device profile: [Windows]
[2020.10.23-17.32.48:572][  0]LogHAL: Display: Platform has ~ 16 GB [17109180416 / 17179869184 / 16], which maps to Larger [LargestMinGB=32, LargerMinGB=12, DefaultMinGB=8, SmallerMinGB=6, SmallestMinGB=0)
[2020.10.23-17.32.48:572][  0]LogInit: Going up to parent DeviceProfile []
[2020.10.23-17.32.48:572][  0]LogConfig: Applying CVar settings from Section [ViewDistanceQuality@3] File [D:/UnrealEngine/UnrealProjects/Final_Project/Saved/Config/Windows/Scalability.ini]
[2020.10.23-17.32.48:572][  0]LogConfig: Setting CVar [[r.SkeletalMeshLODBias:0]]
[2020.10.23-17.32.48:572][  0]LogConfig: Setting CVar [[r.ViewDistanceScale:1.0]]
[2020.10.23-17.32.48:572][  0]LogConfig: Applying CVar settings from Section [AntiAliasingQuality@3] File [D:/UnrealEngine/UnrealProjects/Final_Project/Saved/Config/Windows/Scalability.ini]
[2020.10.23-17.32.48:572][  0]LogConfig: Setting CVar [[r.PostProcessAAQuality:4]]
[2020.10.23-17.32.48:572][  0]LogConfig: Applying CVar settings from Section [ShadowQuality@3] File [D:/UnrealEngine/UnrealProjects/Final_Project/Saved/Config/Windows/Scalability.ini]
[2020.10.23-17.32.48:572][  0]LogConfig: Setting CVar [[r.LightFunctionQuality:1]]
[2020.10.23-17.32.48:572][  0]LogConfig: Setting CVar [[r.ShadowQuality:5]]
[2020.10.23-17.32.48:572][  0]LogConfig: Setting CVar [[r.Shadow.CSM.MaxCascades:10]]
[2020.10.23-17.32.48:572][  0]LogConfig: Setting CVar [[r.Shadow.MaxResolution:2048]]
[2020.10.23-17.32.48:572][  0]LogConfig: Setting CVar [[r.Shadow.MaxCSMResolution:2048]]
[2020.10.23-17.32.48:572][  0]LogConfig: Setting CVar [[r.Shadow.RadiusThreshold:0.01]]
[2020.10.23-17.32.48:572][  0]LogConfig: Setting CVar [[r.Shadow.DistanceScale:1.0]]
[2020.10.23-17.32.48:572][  0]LogConfig: Setting CVar [[r.Shadow.CSM.TransitionScale:1.0]]
[2020.10.23-17.32.48:572][  0]LogConfig: Setting CVar [[r.Shadow.PreShadowResolutionFactor:1.0]]
[2020.10.23-17.32.48:572][  0]LogConfig: Setting CVar [[r.DistanceFieldShadowing:1]]
[2020.10.23-17.32.48:572][  0]LogConfig: Setting CVar [[r.DistanceFieldAO:1]]
[2020.10.23-17.32.48:572][  0]LogConfig: Setting CVar [[r.AOQuality:2]]
[2020.10.23-17.32.48:572][  0]LogConfig: Setting CVar [[r.VolumetricFog:1]]
[2020.10.23-17.32.48:572][  0]LogConfig: Setting CVar [[r.VolumetricFog.GridPixelSize:8]]
[2020.10.23-17.32.48:572][  0]LogConfig: Setting CVar [[r.VolumetricFog.GridSizeZ:128]]
[2020.10.23-17.32.48:572][  0]LogConfig: Setting CVar [[r.VolumetricFog.HistoryMissSupersampleCount:4]]
[2020.10.23-17.32.48:572][  0]LogConfig: Setting CVar [[r.LightMaxDrawDistanceScale:1]]
[2020.10.23-17.32.48:572][  0]LogConfig: Setting CVar [[r.CapsuleShadows:1]]
[2020.10.23-17.32.48:572][  0]LogConfig: Applying CVar settings from Section [PostProcessQuality@3] File [D:/UnrealEngine/UnrealProjects/Final_Project/Saved/Config/Windows/Scalability.ini]
[2020.10.23-17.32.48:572][  0]LogConfig: Setting CVar [[r.MotionBlurQuality:4]]
[2020.10.23-17.32.48:572][  0]LogConfig: Setting CVar [[r.AmbientOcclusionMipLevelFactor:0.4]]
[2020.10.23-17.32.48:572][  0]LogConfig: Setting CVar [[r.AmbientOcclusionMaxQuality:100]]
[2020.10.23-17.32.48:572][  0]LogConfig: Setting CVar [[r.AmbientOcclusionLevels:-1]]
[2020.10.23-17.32.48:572][  0]LogConfig: Setting CVar [[r.AmbientOcclusionRadiusScale:1.0]]
[2020.10.23-17.32.48:572][  0]LogConfig: Setting CVar [[r.DepthOfFieldQuality:2]]
[2020.10.23-17.32.48:572][  0]LogConfig: Setting CVar [[r.RenderTargetPoolMin:400]]
[2020.10.23-17.32.48:572][  0]LogConfig: Setting CVar [[r.LensFlareQuality:2]]
[2020.10.23-17.32.48:572][  0]LogConfig: Setting CVar [[r.SceneColorFringeQuality:1]]
[2020.10.23-17.32.48:572][  0]LogConfig: Setting CVar [[r.EyeAdaptationQuality:2]]
[2020.10.23-17.32.48:572][  0]LogConfig: Setting CVar [[r.BloomQuality:5]]
[2020.10.23-17.32.48:572][  0]LogConfig: Setting CVar [[r.FastBlurThreshold:100]]
[2020.10.23-17.32.48:572][  0]LogConfig: Setting CVar [[r.Upscale.Quality:3]]
[2020.10.23-17.32.48:572][  0]LogConfig: Setting CVar [[r.Tonemapper.GrainQuantization:1]]
[2020.10.23-17.32.48:572][  0]LogConfig: Setting CVar [[r.LightShaftQuality:1]]
[2020.10.23-17.32.48:572][  0]LogConfig: Setting CVar [[r.Filter.SizeScale:1]]
[2020.10.23-17.32.48:572][  0]LogConfig: Setting CVar [[r.Tonemapper.Quality:5]]
[2020.10.23-17.32.48:572][  0]LogConfig: Setting CVar [[r.DOF.Gather.AccumulatorQuality:1        ; higher gathering accumulator quality]]
[2020.10.23-17.32.48:572][  0]LogConfig: Setting CVar [[r.DOF.Gather.PostfilterMethod:1          ; Median3x3 postfilering method]]
[2020.10.23-17.32.48:572][  0]LogConfig: Setting CVar [[r.DOF.Gather.EnableBokehSettings:0       ; no bokeh simulation when gathering]]
[2020.10.23-17.32.48:573][  0]LogConfig: Setting CVar [[r.DOF.Gather.RingCount:4                 ; medium number of samples when gathering]]
[2020.10.23-17.32.48:573][  0]LogConfig: Setting CVar [[r.DOF.Scatter.ForegroundCompositing:1    ; additive foreground scattering]]
[2020.10.23-17.32.48:573][  0]LogConfig: Setting CVar [[r.DOF.Scatter.BackgroundCompositing:2    ; additive background scattering]]
[2020.10.23-17.32.48:573][  0]LogConfig: Setting CVar [[r.DOF.Scatter.EnableBokehSettings:1      ; bokeh simulation when scattering]]
[2020.10.23-17.32.48:573][  0]LogConfig: Setting CVar [[r.DOF.Scatter.MaxSpriteRatio:0.1         ; only a maximum of 10% of scattered bokeh]]
[2020.10.23-17.32.48:573][  0]LogConfig: Setting CVar [[r.DOF.Recombine.Quality:1                ; cheap slight out of focus]]
[2020.10.23-17.32.48:573][  0]LogConfig: Setting CVar [[r.DOF.Recombine.EnableBokehSettings:0    ; no bokeh simulation on slight out of focus]]
[2020.10.23-17.32.48:573][  0]LogConfig: Setting CVar [[r.DOF.TemporalAAQuality:1                ; more stable temporal accumulation]]
[2020.10.23-17.32.48:573][  0]LogConfig: Setting CVar [[r.DOF.Kernel.MaxForegroundRadius:0.025]]
[2020.10.23-17.32.48:573][  0]LogConfig: Setting CVar [[r.DOF.Kernel.MaxBackgroundRadius:0.025]]
[2020.10.23-17.32.48:573][  0]LogConfig: Applying CVar settings from Section [TextureQuality@3] File [D:/UnrealEngine/UnrealProjects/Final_Project/Saved/Config/Windows/Scalability.ini]
[2020.10.23-17.32.48:573][  0]LogConfig: Setting CVar [[r.Streaming.MipBias:0]]
[2020.10.23-17.32.48:573][  0]LogConfig: Setting CVar [[r.Streaming.AmortizeCPUToGPUCopy:0]]
[2020.10.23-17.32.48:573][  0]LogConfig: Setting CVar [[r.Streaming.MaxNumTexturesToStreamPerFrame:0]]
[2020.10.23-17.32.48:573][  0]LogConfig: Setting CVar [[r.Streaming.Boost:1]]
[2020.10.23-17.32.48:573][  0]LogConfig: Setting CVar [[r.MaxAnisotropy:8]]
[2020.10.23-17.32.48:573][  0]LogConfig: Setting CVar [[r.VT.MaxAnisotropy:8]]
[2020.10.23-17.32.48:573][  0]LogConfig: Setting CVar [[r.Streaming.LimitPoolSizeToVRAM:0]]
[2020.10.23-17.32.48:573][  0]LogConfig: Setting CVar [[r.Streaming.PoolSize:1000]]
[2020.10.23-17.32.48:573][  0]LogConfig: Setting CVar [[r.Streaming.MaxEffectiveScreenSize:0]]
[2020.10.23-17.32.48:573][  0]LogConfig: Applying CVar settings from Section [EffectsQuality@3] File [D:/UnrealEngine/UnrealProjects/Final_Project/Saved/Config/Windows/Scalability.ini]
[2020.10.23-17.32.48:573][  0]LogConfig: Setting CVar [[r.TranslucencyLightingVolumeDim:64]]
[2020.10.23-17.32.48:573][  0]LogConfig: Setting CVar [[r.RefractionQuality:2]]
[2020.10.23-17.32.48:573][  0]LogConfig: Setting CVar [[r.SSR.Quality:3]]
[2020.10.23-17.32.48:573][  0]LogConfig: Setting CVar [[r.SSR.HalfResSceneColor:0]]
[2020.10.23-17.32.48:573][  0]LogConfig: Setting CVar [[r.SceneColorFormat:4]]
[2020.10.23-17.32.48:573][  0]LogConfig: Setting CVar [[r.DetailMode:2]]
[2020.10.23-17.32.48:573][  0]LogConfig: Setting CVar [[r.TranslucencyVolumeBlur:1]]
[2020.10.23-17.32.48:573][  0]LogConfig: Setting CVar [[r.MaterialQualityLevel:1 ; High quality]]
[2020.10.23-17.32.48:573][  0]LogConfig: Setting CVar [[r.SSS.Scale:1]]
[2020.10.23-17.32.48:573][  0]LogConfig: Setting CVar [[r.SSS.SampleSet:2]]
[2020.10.23-17.32.48:573][  0]LogConfig: Setting CVar [[r.SSS.Quality:1]]
[2020.10.23-17.32.48:573][  0]LogConfig: Setting CVar [[r.SSS.HalfRes:0]]
[2020.10.23-17.32.48:573][  0]LogConfig: Setting CVar [[r.SSGI.Quality:3]]
[2020.10.23-17.32.48:573][  0]LogConfig: Setting CVar [[r.EmitterSpawnRateScale:1.0]]
[2020.10.23-17.32.48:573][  0]LogConfig: Setting CVar [[r.ParticleLightQuality:2]]
[2020.10.23-17.32.48:573][  0]LogConfig: Setting CVar [[r.SkyAtmosphere.AerialPerspectiveLUT.FastApplyOnOpaque:1 ; Always have FastSkyLUT 1 in this case to avoid wrong sky]]
[2020.10.23-17.32.48:573][  0]LogConfig: Setting CVar [[r.SkyAtmosphere.AerialPerspectiveLUT.SampleCountPerSlice:1]]
[2020.10.23-17.32.48:573][  0]LogConfig: Setting CVar [[r.SkyAtmosphere.AerialPerspectiveLUT.DepthResolution:16.0]]
[2020.10.23-17.32.48:573][  0]LogConfig: Setting CVar [[r.SkyAtmosphere.FastSkyLUT:1]]
[2020.10.23-17.32.48:573][  0]LogConfig: Setting CVar [[r.SkyAtmosphere.FastSkyLUT.SampleCountMin:4.0]]
[2020.10.23-17.32.48:573][  0]LogConfig: Setting CVar [[r.SkyAtmosphere.FastSkyLUT.SampleCountMax:32.0]]
[2020.10.23-17.32.48:573][  0]LogConfig: Setting CVar [[r.SkyAtmosphere.SampleCountMin:4.0]]
[2020.10.23-17.32.48:573][  0]LogConfig: Setting CVar [[r.SkyAtmosphere.SampleCountMax:32.0]]
[2020.10.23-17.32.48:573][  0]LogConfig: Setting CVar [[r.SkyAtmosphere.TransmittanceLUT.UseSmallFormat:0]]
[2020.10.23-17.32.48:573][  0]LogConfig: Setting CVar [[r.SkyAtmosphere.TransmittanceLUT.SampleCount:10.0]]
[2020.10.23-17.32.48:573][  0]LogConfig: Setting CVar [[r.SkyAtmosphere.MultiScatteringLUT.SampleCount:15.0]]
[2020.10.23-17.32.48:573][  0]LogConfig: Applying CVar settings from Section [FoliageQuality@3] File [D:/UnrealEngine/UnrealProjects/Final_Project/Saved/Config/Windows/Scalability.ini]
[2020.10.23-17.32.48:573][  0]LogConfig: Setting CVar [[foliage.DensityScale:1.0]]
[2020.10.23-17.32.48:573][  0]LogConfig: Setting CVar [[grass.DensityScale:1.0]]
[2020.10.23-17.32.48:573][  0]LogConfig: Applying CVar settings from Section [ShadingQuality@3] File [D:/UnrealEngine/UnrealProjects/Final_Project/Saved/Config/Windows/Scalability.ini]
[2020.10.23-17.32.48:573][  0]LogConfig: Setting CVar [[r.HairStrands.SkyLighting.SampleCount:16]]
[2020.10.23-17.32.48:573][  0]LogConfig: Setting CVar [[r.HairStrands.SkyLighting.JitterIntegration:0]]
[2020.10.23-17.32.48:573][  0]LogConfig: Setting CVar [[r.HairStrands.SkyAO.SampleCount:16]]
[2020.10.23-17.32.48:573][  0]LogConfig: Setting CVar [[r.HairStrands.DeepShadow.SuperSampling:0]]
[2020.10.23-17.32.48:573][  0]LogConfig: Setting CVar [[r.HairStrands.VisibilityPPLL:0]]
[2020.10.23-17.32.48:573][  0]LogConfig: Setting CVar [[r.HairStrands.RasterizationScale:0.5]]
[2020.10.23-17.32.48:573][  0]LogConfig: Setting CVar [[r.HairStrands.VelocityRasterizationScale:1]]
[2020.10.23-17.32.48:573][  0]LogConfig: Applying CVar settings from Section [Startup] File [../../../Engine/Config/ConsoleVariables.ini]
[2020.10.23-17.32.48:573][  0]LogConfig: Setting CVar [[net.UseAdaptiveNetUpdateFrequency:0]]
[2020.10.23-17.32.48:574][  0]LogConfig: Setting CVar [[p.chaos.AllowCreatePhysxBodies:1]]
[2020.10.23-17.32.48:574][  0]LogConfig: Setting CVar [[fx.SkipVectorVMBackendOptimizations:1]]
[2020.10.23-17.32.48:574][  0]LogConfig: Applying CVar settings from Section [ConsoleVariables] File [D:/UnrealEngine/UnrealProjects/Final_Project/Saved/Config/Windows/Engine.ini]
[2020.10.23-17.32.48:574][  0]LogInit: Computer: DESKTOP-BI3QQ0T
[2020.10.23-17.32.48:574][  0]LogInit: User: ANY180817
[2020.10.23-17.32.48:574][  0]LogInit: CPU Page size=4096, Cores=4
[2020.10.23-17.32.48:574][  0]LogInit: High frequency timer resolution =10.000000 MHz
[2020.10.23-17.32.48:574][  0]LogMemory: Memory total: Physical=15.9GB (16GB approx)
[2020.10.23-17.32.48:574][  0]LogMemory: Platform Memory Stats for Windows
[2020.10.23-17.32.48:574][  0]LogMemory: Process Physical Memory: 115.68 MB used, 115.68 MB peak
[2020.10.23-17.32.48:574][  0]LogMemory: Process Virtual Memory: 104.48 MB used, 104.48 MB peak
[2020.10.23-17.32.48:574][  0]LogMemory: Physical Memory: 8938.11 MB used,  7378.48 MB free, 16316.59 MB total
[2020.10.23-17.32.48:574][  0]LogMemory: Virtual Memory: 5151.54 MB used,  134212576.00 MB free, 134217728.00 MB total
[2020.10.23-17.32.48:588][  0]LogWindows: WindowsPlatformFeatures enabled
[2020.10.23-17.32.48:663][  0]LogInit: Physics initialised using underlying interface: PhysX
[2020.10.23-17.32.48:664][  0]LogInit: Using OS detected language (ko-KR).
[2020.10.23-17.32.48:664][  0]LogInit: Using OS detected locale (ko-KR).
[2020.10.23-17.32.48:666][  0]LogTextLocalizationManager: No specific localization for 'ko-KR' exists, so the 'ko' localization will be used.
[2020.10.23-17.32.48:758][  0]LogInit: Setting process to per monitor DPI aware
[2020.10.23-17.32.48:861][  0]LogSlate: New Slate User Created.  User Index 0, Is Virtual User: 0
[2020.10.23-17.32.48:861][  0]LogSlate: Slate User Registered.  User Index 0, Is Virtual User: 0
[2020.10.23-17.32.49:131][  0]LogHMD: Failed to initialize OpenVR with code 110
[2020.10.23-17.32.49:131][  0]LogD3D11RHI: D3D11 min allowed feature level: 11_0
[2020.10.23-17.32.49:131][  0]LogD3D11RHI: D3D11 max allowed feature level: 11_0
[2020.10.23-17.32.49:131][  0]LogD3D11RHI: D3D11 adapters:
[2020.10.23-17.32.49:245][  0]LogD3D11RHI:    0. 'NVIDIA GeForce GTX 1050 Ti' (Feature Level 11_0)
[2020.10.23-17.32.49:245][  0]LogD3D11RHI:       4018/0/8158 MB DedicatedVideo/DedicatedSystem/SharedSystem, Outputs:2, VendorId:0x10de
[2020.10.23-17.32.49:249][  0]LogD3D11RHI:    1. 'Microsoft Basic Render Driver' (Feature Level 11_0)
[2020.10.23-17.32.49:249][  0]LogD3D11RHI:       0/0/8158 MB DedicatedVideo/DedicatedSystem/SharedSystem, Outputs:0, VendorId:0x1414
[2020.10.23-17.32.49:249][  0]LogD3D11RHI: Chosen D3D11 Adapter: 0
[2020.10.23-17.32.49:257][  0]LogD3D11RHI: Creating new Direct3DDevice
[2020.10.23-17.32.49:257][  0]LogD3D11RHI:     GPU DeviceId: 0x1c82 (for the marketing name, search the web for "GPU Device Id")
[2020.10.23-17.32.49:257][  0]LogWindows: EnumDisplayDevices:
[2020.10.23-17.32.49:257][  0]LogWindows:    0. 'NVIDIA GeForce GTX 1050 Ti' (P:1 D:1)
[2020.10.23-17.32.49:260][  0]LogWindows:    1. 'NVIDIA GeForce GTX 1050 Ti' (P:0 D:1)
[2020.10.23-17.32.49:263][  0]LogWindows:    2. 'NVIDIA GeForce GTX 1050 Ti' (P:0 D:0)
[2020.10.23-17.32.49:266][  0]LogWindows:    3. 'NVIDIA GeForce GTX 1050 Ti' (P:0 D:0)
[2020.10.23-17.32.49:268][  0]LogWindows: DebugString: FoundDriverCount:4 
[2020.10.23-17.32.49:268][  0]LogD3D11RHI:     Adapter Name: NVIDIA GeForce GTX 1050 Ti
[2020.10.23-17.32.49:268][  0]LogD3D11RHI:   Driver Version: 432.00 (internal:26.21.14.3200, unified:432.00)
[2020.10.23-17.32.49:268][  0]LogD3D11RHI:      Driver Date: 7-24-2019
[2020.10.23-17.32.49:268][  0]LogRHI: Texture pool is 2812 MB (70% of 4018 MB)
[2020.10.23-17.32.49:323][  0]LogD3D11RHI: RHI has support for 64 bit atomics
[2020.10.23-17.32.49:328][  0]LogD3D11RHI: [Aftermath] Enabled and primed
[2020.10.23-17.32.49:328][  0]LogD3D11RHI: Async texture creation enabled
[2020.10.23-17.32.49:328][  0]LogD3D11RHI: Array index from any shader is supported
[2020.10.23-17.32.49:407][  0]LogD3D11RHI: GPU Timing Frequency: 1000.000000 (Debug: 2 1)
[2020.10.23-17.32.50:044][  0]LogTargetPlatformManager: Display: Loaded TargetPlatform 'AllDesktop'
[2020.10.23-17.32.50:071][  0]LogTargetPlatformManager: Display: Loaded TargetPlatform 'Android'
[2020.10.23-17.32.50:071][  0]LogTargetPlatformManager: Display: Loaded TargetPlatform 'Android_ASTC'
[2020.10.23-17.32.50:071][  0]LogTargetPlatformManager: Display: Loaded TargetPlatform 'Android_DXT'
[2020.10.23-17.32.50:071][  0]LogTargetPlatformManager: Display: Loaded TargetPlatform 'Android_ETC2'
[2020.10.23-17.32.50:071][  0]LogTargetPlatformManager: Display: Loaded TargetPlatform 'AndroidClient'
[2020.10.23-17.32.50:071][  0]LogTargetPlatformManager: Display: Loaded TargetPlatform 'Android_ASTCClient'
[2020.10.23-17.32.50:071][  0]LogTargetPlatformManager: Display: Loaded TargetPlatform 'Android_DXTClient'
[2020.10.23-17.32.50:071][  0]LogTargetPlatformManager: Display: Loaded TargetPlatform 'Android_ETC2Client'
[2020.10.23-17.32.50:071][  0]LogTargetPlatformManager: Display: Loaded TargetPlatform 'Android_Multi'
[2020.10.23-17.32.50:071][  0]LogTargetPlatformManager: Display: Loaded TargetPlatform 'Android_MultiClient'
[2020.10.23-17.32.50:106][  0]LogTargetPlatformManager: Display: Loaded TargetPlatform 'IOSClient'
[2020.10.23-17.32.50:106][  0]LogTargetPlatformManager: Display: Loaded TargetPlatform 'IOS'
[2020.10.23-17.32.50:137][  0]LogTargetPlatformManager: Display: Loaded TargetPlatform 'Linux'
[2020.10.23-17.32.50:150][  0]LogTargetPlatformManager: Display: Loaded TargetPlatform 'LinuxNoEditor'
[2020.10.23-17.32.50:168][  0]LogTargetPlatformManager: Display: Loaded TargetPlatform 'LinuxClient'
[2020.10.23-17.32.50:181][  0]LogTargetPlatformManager: Display: Loaded TargetPlatform 'LinuxServer'
[2020.10.23-17.32.50:195][  0]LogTargetPlatformManager: Display: Loaded TargetPlatform 'LinuxAArch64NoEditor'
[2020.10.23-17.32.50:207][  0]LogTargetPlatformManager: Display: Loaded TargetPlatform 'LinuxAArch64Client'
[2020.10.23-17.32.50:220][  0]LogTargetPlatformManager: Display: Loaded TargetPlatform 'LinuxAArch64Server'
[2020.10.23-17.32.50:252][  0]LogTargetPlatformManager: Display: Loaded TargetPlatform 'Lumin'
[2020.10.23-17.32.50:252][  0]LogTargetPlatformManager: Display: Loaded TargetPlatform 'LuminClient'
[2020.10.23-17.32.50:272][  0]LogTargetPlatformManager: Display: Loaded TargetPlatform 'TVOSClient'
[2020.10.23-17.32.50:272][  0]LogTargetPlatformManager: Display: Loaded TargetPlatform 'TVOS'
[2020.10.23-17.32.50:285][  0]LogTargetPlatformManager: Display: Loaded TargetPlatform 'WindowsNoEditor'
[2020.10.23-17.32.50:299][  0]LogTargetPlatformManager: Display: Loaded TargetPlatform 'Windows'
[2020.10.23-17.32.50:313][  0]LogTargetPlatformManager: Display: Loaded TargetPlatform 'WindowsClient'
[2020.10.23-17.32.50:326][  0]LogTargetPlatformManager: Display: Loaded TargetPlatform 'WindowsServer'
[2020.10.23-17.32.50:326][  0]LogTargetPlatformManager: Display: Building Assets For Windows
[2020.10.23-17.32.50:343][  0]LogAudioDebug: Display: Lib vorbis DLL was dynamically loaded.
[2020.10.23-17.32.50:455][  0]LogShaderCompilers: Guid format shader working directory is 7 characters bigger than the processId version (../../../../../UnrealProjects/Final_Project/Intermediate/Shaders/WorkingDirectory/9600/).
[2020.10.23-17.32.50:455][  0]LogShaderCompilers: Cleaned the shader compiler working directory 'C:/Users/ANY180817/AppData/Local/Temp/UnrealShaderWorkingDir/201A7CC34E3AB8235444BAB8818AFDDE/'.
[2020.10.23-17.32.50:456][  0]LogXGEController: Cannot use XGE Controller as Incredibuild is not installed on this machine.
[2020.10.23-17.32.50:456][  0]LogShaderCompilers: Cannot use XGE Shader Compiler as Incredibuild is not installed on this machine.
[2020.10.23-17.32.50:457][  0]LogShaderCompilers: Display: Using Local Shader Compiler.
[2020.10.23-17.32.51:287][  0]LogDerivedDataCache: Display: Max Cache Size: 512 MB
[2020.10.23-17.32.51:362][  0]LogDerivedDataCache: Loaded boot cache 0.07s 77MB C:/Users/ANY180817/AppData/Local/UnrealEngine/4.25/DerivedDataCache/Boot.ddc.
[2020.10.23-17.32.51:362][  0]LogDerivedDataCache: Display: Loaded Boot cache: C:/Users/ANY180817/AppData/Local/UnrealEngine/4.25/DerivedDataCache/Boot.ddc
[2020.10.23-17.32.51:362][  0]LogDerivedDataCache: FDerivedDataBackendGraph:  Pak pak cache file ../../../../../UnrealProjects/Final_Project/DerivedDataCache/DDC.ddp not found, will not use a pak cache.
[2020.10.23-17.32.51:363][  0]LogDerivedDataCache: Unable to find inner node Pak for hierarchical cache Hierarchy.
[2020.10.23-17.32.51:363][  0]LogDerivedDataCache: FDerivedDataBackendGraph:  CompressedPak pak cache file ../../../../../UnrealProjects/Final_Project/DerivedDataCache/Compressed.ddp not found, will not use a pak cache.
[2020.10.23-17.32.51:363][  0]LogDerivedDataCache: Unable to find inner node CompressedPak for hierarchical cache Hierarchy.
[2020.10.23-17.32.51:374][  0]LogDerivedDataCache: Display: Pak cache opened for reading ../../../Engine/DerivedDataCache/Compressed.ddp.
[2020.10.23-17.32.51:374][  0]LogDerivedDataCache: FDerivedDataBackendGraph:  EnterprisePak pak cache file ../../../Enterprise/DerivedDataCache/Compressed.ddp not found, will not use a pak cache.
[2020.10.23-17.32.51:374][  0]LogDerivedDataCache: Unable to find inner node EnterprisePak for hierarchical cache Hierarchy.
[2020.10.23-17.32.51:375][  0]LogDerivedDataCache: Using Local data cache path C:/Users/ANY180817/AppData/Local/UnrealEngine/Common/DerivedDataCache: Writable
[2020.10.23-17.32.51:375][  0]LogDerivedDataCache: Shared data cache path not found in *engine.ini, will not use an Shared cache.
[2020.10.23-17.32.51:375][  0]LogDerivedDataCache: Unable to find inner node Shared for hierarchical cache Hierarchy.
[2020.10.23-17.32.51:430][  0]LogSlate: Using FreeType 2.10.0
[2020.10.23-17.32.51:431][  0]LogSlate: SlateFontServices - WITH_FREETYPE: 1, WITH_HARFBUZZ: 1
[2020.10.23-17.32.51:466][  0]LogAssetRegistry: FAssetRegistry took 0.0025 seconds to start up
[2020.10.23-17.32.51:714][  0]LogInit: Selected Device Profile: [Windows]
[2020.10.23-17.32.51:855][  0]LogMeshReduction: Using QuadricMeshReduction for automatic static mesh reduction
[2020.10.23-17.32.51:855][  0]LogMeshReduction: Using SimplygonMeshReduction for automatic skeletal mesh reduction
[2020.10.23-17.32.51:855][  0]LogMeshReduction: Using ProxyLODMeshReduction for automatic mesh merging
[2020.10.23-17.32.51:855][  0]LogMeshReduction: No distributed automatic mesh merging module available
[2020.10.23-17.32.51:855][  0]LogMeshMerging: No distributed automatic mesh merging module available
[2020.10.23-17.32.51:884][  0]LogNetVersion: Final_Project 1.0.0, NetCL: 13144385, EngineNetVer: 14, GameNetVer: 0 (Checksum: 4264652595)
[2020.10.23-17.32.52:459][  0]LogAISub: UAISubsystem::UAISubsystem AISubsystem (00000190A3EF2EC0), frame # 0
[2020.10.23-17.32.52:459][  0]LogAISub: UAISubsystem::UAISubsystem AIPerceptionSystem (00000190A3ECC2C0), frame # 0
[2020.10.23-17.32.52:460][  0]LogAISub: UAISubsystem::UAISubsystem EnvQueryManager (00000190A3F10A00), frame # 0
[2020.10.23-17.32.52:508][  0]LogPackageLocalizationCache: Processed 19 localized package path(s) for 1 prioritized culture(s) in 0.042677 seconds
[2020.10.23-17.32.52:513][  0]LogUObjectArray: 15917 objects as part of root set at end of initial load.
[2020.10.23-17.32.52:514][  0]LogUObjectAllocator: 3965568 out of 0 bytes used by permanent object pool.
[2020.10.23-17.32.52:514][  0]LogUObjectArray: CloseDisregardForGC: 0/0 objects in disregard for GC pool
[2020.10.23-17.32.53:051][  0]LogTcpMessaging: Initializing TcpMessaging bridge
[2020.10.23-17.32.53:058][  0]LogUdpMessaging: Initializing bridge on interface 0.0.0.0:0 to multicast group 230.0.0.1:6666.
[2020.10.23-17.32.53:299][  0]SourceControl: 소스 컨트롤이 꺼졌습니다.
[2020.10.23-17.32.53:299][  0]SourceControl: 소스 컨트롤이 꺼졌습니다.
[2020.10.23-17.32.53:306][  0]SourceControl: 소스 컨트롤이 꺼졌습니다.
[2020.10.23-17.32.53:312][  0]SourceControl: 소스 컨트롤이 꺼졌습니다.
[2020.10.23-17.32.53:339][  0]SourceControl: 소스 컨트롤이 꺼졌습니다.
[2020.10.23-17.32.53:782][  0]LogAndroidPermission: UAndroidPermissionCallbackProxy::GetInstance
[2020.10.23-17.32.53:817][  0]LogAudioCaptureCore: Display: No Audio Capture implementations found. Audio input will be silent.
[2020.10.23-17.32.53:817][  0]LogAudioCaptureCore: Display: No Audio Capture implementations found. Audio input will be silent.
[2020.10.23-17.32.53:889][  0]LogOcInput: OculusInput pre-init called
[2020.10.23-17.32.53:909][  0]LogWindows: Failed to load 'OVRPlugin.dll' (GetLastError=126)
[2020.10.23-17.32.53:909][  0]LogWindows: File 'OVRPlugin.dll' does not exist
[2020.10.23-17.32.53:988][  0]LogEngine: Initializing Engine...
[2020.10.23-17.32.53:990][  0]LogHMD: Failed to initialize OpenVR with code 110
[2020.10.23-17.32.53:990][  0]LogMagicLeap: Warning: VR disabled because ZI is not enabled.  To enable, in the editor, Edit -> Project Settings -> Plugins -> Magic Leap Plugin -> Enable Zero Iteration
[2020.10.23-17.32.53:991][  0]LogStats: UGameplayTagsManager::InitializeManager -  0.000 s
[2020.10.23-17.32.54:147][  0]LogInit: Initializing FReadOnlyCVARCache
[2020.10.23-17.32.54:159][  0]LogAIModule: Creating AISystem for world Untitled
[2020.10.23-17.32.54:159][  0]LogAISub: UAISubsystem::UAISubsystem EnvQueryManager (00000190ABC7BC00), frame # 0
[2020.10.23-17.32.54:159][  0]LogAISub: UAISubsystem::UAISubsystem AIPerceptionSystem (00000190ABCBDF80), frame # 0
[2020.10.23-17.32.54:231][  0]LogAudioMixer: Display: Audio Mixer Platform Settings:
[2020.10.23-17.32.54:231][  0]LogAudioMixer: Display: 	Sample Rate:						  48000
[2020.10.23-17.32.54:231][  0]LogAudioMixer: Display: 	Callback Buffer Frame Size Requested: 1024
[2020.10.23-17.32.54:231][  0]LogAudioMixer: Display: 	Callback Buffer Frame Size To Use:	  1024
[2020.10.23-17.32.54:231][  0]LogAudioMixer: Display: 	Number of buffers to queue:			  2
[2020.10.23-17.32.54:231][  0]LogAudioMixer: Display: 	Max Channels (voices):				  32
[2020.10.23-17.32.54:231][  0]LogAudioMixer: Display: 	Number of Async Source Workers:		  0
[2020.10.23-17.32.54:231][  0]LogAudio: Display: AudioDevice MaxSources: 32
[2020.10.23-17.32.54:231][  0]LogAudio: Display: Using built-in audio occlusion.
[2020.10.23-17.32.54:231][  0]LogAudioMixer: Display: Initializing audio mixer.
[2020.10.23-17.32.54:304][  0]LogAudioMixer: Display: 0: FrontLeft
[2020.10.23-17.32.54:304][  0]LogAudioMixer: Display: 1: FrontRight
[2020.10.23-17.32.54:630][  0]LogAudioMixer: Display: Using Audio Device 스피커(Realtek High Definition Audio)
[2020.10.23-17.32.54:631][  0]LogAudioMixer: Display: Initializing Sound Submixes...
[2020.10.23-17.32.54:634][  0]LogAudioMixer: Display: Creating Master Submix 'MasterSubmixDefault'
[2020.10.23-17.32.54:634][  0]LogAudioMixer: Display: Creating Master Submix 'MasterReverbSubmixDefault'
[2020.10.23-17.32.54:636][  0]LogAudioMixer: Display: Creating Master Submix 'MasterEQSubmixDefault'
[2020.10.23-17.32.54:637][  0]LogInit: FAudioDevice initialized.
[2020.10.23-17.32.54:638][  0]LogNetVersion: Set ProjectVersion to 1.0.0.0. Version Checksum will be recalculated on next use.
[2020.10.23-17.32.54:733][  0]LogDerivedDataCache: Saved boot cache 0.09s 77MB C:/Users/ANY180817/AppData/Local/UnrealEngine/4.25/DerivedDataCache/Boot.ddc.
[2020.10.23-17.32.54:738][  0]LogInit: Texture streaming: Enabled
[2020.10.23-17.32.54:774][  0]LogEngineSessionManager: EngineSessionManager initialized
[2020.10.23-17.32.54:774][  0]LogEditorSessionSummary: Verbose: Initializing EditorSessionSummaryWriter for editor session tracking
[2020.10.23-17.32.54:782][  0]LogEditorSessionSummary: EditorSessionSummaryWriter initialized
[2020.10.23-17.32.54:844][  0]LogInit: Transaction tracking system initialized
[2020.10.23-17.32.54:886][  0]BlueprintLog: New page: 에디터 로드
[2020.10.23-17.32.55:007][  0]LocalizationService: 현지화 서비스가 비활성화되었습니다.
[2020.10.23-17.32.55:220][  0]LogCook: Display: Max memory allowance for cook 16384mb min free memory 0mb
[2020.10.23-17.32.55:221][  0]LogCook: Display: Mobile HDR setting 1
[2020.10.23-17.32.55:461][  0]LogFileCache: Scanning file cache for directory 'D:/UnrealEngine/UnrealProjects/Final_Project/Content/' took 0.03s
[2020.10.23-17.32.56:029][  0]SourceControl: 소스 컨트롤이 꺼졌습니다.
[2020.10.23-17.32.56:182][  0]LogSlate: Took 0.004020 seconds to synchronously load lazily loaded font '../../../Engine/Content/Editor/Slate/Fonts/NanumGothic.ttf' (4243K)
[2020.10.23-17.32.56:182][  0]LogSlate: Took 0.000315 seconds to synchronously load lazily loaded font '../../../Engine/Content/Slate/Fonts/Roboto-Regular.ttf' (155K)
[2020.10.23-17.33.04:795][  0]LogSlate: Window '패키지 복원' being destroyed
[2020.10.23-17.33.04:798][  0]LogWindowsTextInputMethodSystem: Display: IME system now activated using TSF (Microsoft 입력기).
[2020.10.23-17.33.04:856][  0]LogWindowsTextInputMethodSystem: Display: IME system now activated using TSF (Microsoft 입력기).
[2020.10.23-17.33.05:841][  0]LogSlate: Window '소스 컨트롤에서 체크아웃할 수 없습니다!' being destroyed
[2020.10.23-17.33.05:844][  0]LogWindowsTextInputMethodSystem: Display: IME system now activated using TSF (Microsoft 입력기).
[2020.10.23-17.33.05:849][  0]Message dialog closed, result: Ok, title: 소스 컨트롤에서 체크아웃할 수 없습니다!, text: 다음 애셋을 소스 컨트롤에서 체크아웃 시키지 못했습니다:
/Game/Stage/TestMap
[2020.10.23-17.33.05:870][  0]LogWindowsTextInputMethodSystem: Display: IME system now activated using TSF (Microsoft 입력기).
[2020.10.23-17.33.05:871][  0]LogUnrealEdMisc: Loading editor; pre map load, took 19.436
[2020.10.23-17.33.05:872][  0]Cmd: MAP LOAD FILE="../../../../../UnrealProjects/Final_Project/Content/Stage/TestMap.umap" TEMPLATE=0 SHOWPROGRESS=1 FEATURELEVEL=3
[2020.10.23-17.33.05:873][  0]LightingResults: New page: 라이팅 빌드
[2020.10.23-17.33.05:874][  0]LogWorld: UWorld::CleanupWorld for Untitled, bSessionEnded=true, bCleanupResources=true
[2020.10.23-17.33.05:874][  0]LogSlate: InvalidateAllWidgets triggered.  All widgets were invalidated
[2020.10.23-17.33.05:874][  0]MapCheck: New page: 맵 체크
[2020.10.23-17.33.05:874][  0]LightingResults: New page: 라이팅 빌드
[2020.10.23-17.33.05:887][  0]LogAISub: UAISubsystem::~UAISubsystem EnvQueryManager (00000190ABC7BC00), frame # 0
[2020.10.23-17.33.05:887][  0]LogAISub: UAISubsystem::~UAISubsystem AIPerceptionSystem (00000190ABCBDF80), frame # 0
[2020.10.23-17.33.05:888][  0]LogUObjectHash: Compacting FUObjectHashTables data took   1.12ms
[2020.10.23-17.33.06:014][  0]LogAIModule: Creating AISystem for world TestMap
[2020.10.23-17.33.06:014][  0]LogAISub: UAISubsystem::UAISubsystem EnvQueryManager (000001909F3D7E00), frame # 0
[2020.10.23-17.33.06:014][  0]LogAISub: UAISubsystem::UAISubsystem AIPerceptionSystem (0000019095799BC0), frame # 0
[2020.10.23-17.33.06:022][  0]LogEditorServer: Finished looking for orphan Actors (0.000 secs)
[2020.10.23-17.33.06:033][  0]LogUObjectHash: Compacting FUObjectHashTables data took   0.78ms
[2020.10.23-17.33.06:034][  0]Cmd: MAP CHECKDEP NOCLEARLOG
[2020.10.23-17.33.06:034][  0]MapCheck: 맵 체크 완료: 오류 0 회, 경고 0 회, 소요 시간 0.09ms.
[2020.10.23-17.33.06:034][  0]LogFileHelpers: Loading map 'TestMap' took 0.161
[2020.10.23-17.33.06:036][  0]LogUnrealEdMisc: Total Editor Startup Time, took 19.600
[2020.10.23-17.33.06:147][  0]LogSlate: Updating window title bar state: overlay mode, drag disabled, window buttons hidden, title bar hidden
[2020.10.23-17.33.06:155][  0]LogSlate: Updating window title bar state: overlay mode, drag disabled, window buttons hidden, title bar hidden
[2020.10.23-17.33.06:163][  0]LogSlate: Updating window title bar state: overlay mode, drag disabled, window buttons hidden, title bar hidden
[2020.10.23-17.33.06:172][  0]LogSlate: Updating window title bar state: overlay mode, drag disabled, window buttons hidden, title bar hidden
[2020.10.23-17.33.06:187][  0]LogCollectionManager: Loaded 0 collections in 0.002644 seconds
[2020.10.23-17.33.06:206][  0]LogFileCache: Scanning file cache for directory 'D:/UnrealEngine/UnrealProjects/Final_Project/Saved/Collections/' took 0.00s
[2020.10.23-17.33.06:206][  0]LogFileCache: Scanning file cache for directory 'D:/UnrealEngine/UnrealProjects/Final_Project/Content/Developers/ANY180817/Collections/' took 0.00s
[2020.10.23-17.33.06:206][  0]LogFileCache: Scanning file cache for directory 'D:/UnrealEngine/UnrealProjects/Final_Project/Content/Collections/' took 0.00s
[2020.10.23-17.33.06:206][  0]LogContentBrowser: Native class hierarchy populated in 0.0120 seconds. Added 3437 classes and 823 folders.
[2020.10.23-17.33.06:209][  0]LogContentBrowser: Native class hierarchy updated for 'WidgetCarousel' in 0.0005 seconds. Added 0 classes and 0 folders.
[2020.10.23-17.33.06:290][  0]LogContentBrowser: Native class hierarchy updated for 'AddContentDialog' in 0.0004 seconds. Added 0 classes and 0 folders.
[2020.10.23-17.33.06:294][  0]LogContentBrowser: Native class hierarchy updated for 'SceneOutliner' in 0.0004 seconds. Added 2 classes and 0 folders.
[2020.10.23-17.33.06:415][  0]LogSlate: Took 0.002705 seconds to synchronously load lazily loaded font '../../../Engine/Content/Editor/Slate/Fonts/NanumGothicBold.ttf' (4188K)
[2020.10.23-17.33.06:415][  0]LogSlate: Took 0.000244 seconds to synchronously load lazily loaded font '../../../Engine/Content/Slate/Fonts/Roboto-Bold.ttf' (160K)
[2020.10.23-17.33.06:419][  0]LogSlate: Took 0.000253 seconds to synchronously load lazily loaded font '../../../Engine/Content/Editor/Slate/Fonts/FontAwesome.ttf' (139K)
[2020.10.23-17.33.06:474][  0]LogRenderer: Reallocating scene render targets to support 1208x572 Format 10 NumSamples 1 (Frame:1).
[2020.10.23-17.33.06:547][  0]LogSlate: Took 0.000245 seconds to synchronously load lazily loaded font '../../../Engine/Content/Slate/Fonts/Roboto-Light.ttf' (167K)
[2020.10.23-17.33.06:629][  0]LogContentBrowser: Native class hierarchy updated for 'HierarchicalLODOutliner' in 0.0005 seconds. Added 0 classes and 0 folders.
[2020.10.23-17.33.06:629][  0]LogLoad: (Engine Initialization) Total time: 20.19 seconds
[2020.10.23-17.33.06:629][  0]LogLoad: (Engine Initialization) Total Blueprint compile time: 0.00 seconds
[2020.10.23-17.33.06:719][  0]LogAssetRegistry: Asset discovery search completed in 15.2537 seconds
[2020.10.23-17.33.06:723][  0]LogCollectionManager: Fixed up redirectors for 0 collections in 0.000002 seconds (updated 0 objects)
[2020.10.23-17.33.06:724][  0]LogContentStreaming: Texture pool size now 1000 MB
[2020.10.23-17.33.06:983][  3]Final_Project: Error: UFPCharacterStatComponent::SetNewLevel(39) ASSERTION : 'nullptr != FPGameInstance'
[2020.10.23-17.33.08:633][184]LogTemp: Repeating last play command: 선택된 뷰포트
[2020.10.23-17.33.08:649][184]LogPlayLevel: PlayLevel: No blueprints needed recompiling
[2020.10.23-17.33.08:650][184]PIE: New page: PIE 세션: TestMap (2020. 10. 24. 오전 11:33:08)
[2020.10.23-17.33.08:651][184]LogOnline: OSS: Creating online subsystem instance for: NULL
[2020.10.23-17.33.08:652][184]LogOnline: OSS: TryLoadSubsystemAndSetDefault: Loaded subsystem for module [NULL]
[2020.10.23-17.33.08:652][184]LogPlayLevel: Creating play world package: /Game/Stage/UEDPIE_0_TestMap
[2020.10.23-17.33.08:655][184]LogPlayLevel: PIE: StaticDuplicateObject took: (0.003045s)
[2020.10.23-17.33.08:656][184]LogAIModule: Creating AISystem for world TestMap
[2020.10.23-17.33.08:657][184]LogAISub: UAISubsystem::UAISubsystem EnvQueryManager (00000190DC6B7E00), frame # 184
[2020.10.23-17.33.08:657][184]LogAISub: UAISubsystem::UAISubsystem AIPerceptionSystem (00000190DC986480), frame # 184
[2020.10.23-17.33.08:657][184]LogPlayLevel: PIE: World Init took: (0.001457s)
[2020.10.23-17.33.08:657][184]LogPlayLevel: PIE: Created PIE world by copying editor world from /Game/Stage/TestMap.TestMap to /Game/Stage/UEDPIE_0_TestMap.TestMap (0.004621s)
[2020.10.23-17.33.08:666][184]LogUObjectHash: Compacting FUObjectHashTables data took   0.57ms
[2020.10.23-17.33.08:668][184]LogAudioMixer: Display: Audio Mixer Platform Settings:
[2020.10.23-17.33.08:668][184]LogAudioMixer: Display: 	Sample Rate:						  48000
[2020.10.23-17.33.08:668][184]LogAudioMixer: Display: 	Callback Buffer Frame Size Requested: 1024
[2020.10.23-17.33.08:668][184]LogAudioMixer: Display: 	Callback Buffer Frame Size To Use:	  1024
[2020.10.23-17.33.08:668][184]LogAudioMixer: Display: 	Number of buffers to queue:			  2
[2020.10.23-17.33.08:668][184]LogAudioMixer: Display: 	Max Channels (voices):				  32
[2020.10.23-17.33.08:668][184]LogAudioMixer: Display: 	Number of Async Source Workers:		  0
[2020.10.23-17.33.08:668][184]LogAudio: Display: AudioDevice MaxSources: 32
[2020.10.23-17.33.08:668][184]LogAudio: Display: Using built-in audio occlusion.
[2020.10.23-17.33.08:668][184]LogAudioMixer: Display: Initializing audio mixer.
[2020.10.23-17.33.08:716][184]LogAudioMixer: Display: 0: FrontLeft
[2020.10.23-17.33.08:717][184]LogAudioMixer: Display: 1: FrontRight
[2020.10.23-17.33.08:884][184]LogAudioMixer: Display: Using Audio Device 스피커(Realtek High Definition Audio)
[2020.10.23-17.33.08:884][184]LogAudioMixer: Display: Initializing Sound Submixes...
[2020.10.23-17.33.08:884][184]LogAudioMixer: Display: Creating Master Submix 'MasterSubmixDefault'
[2020.10.23-17.33.08:884][184]LogAudioMixer: Display: Creating Master Submix 'MasterReverbSubmixDefault'
[2020.10.23-17.33.08:885][184]LogAudioMixer: Display: Creating Master Submix 'MasterEQSubmixDefault'
[2020.10.23-17.33.08:899][184]LogInit: FAudioDevice initialized.
[2020.10.23-17.33.08:910][184]LogLoad: Game class is 'FPGameMode'
[2020.10.23-17.33.08:913][184]LogWorld: Bringing World /Game/Stage/UEDPIE_0_TestMap.TestMap up for play (max tick rate 0) at 2020.10.24-02.33.08
[2020.10.23-17.33.08:914][184]LogWorld: Bringing up level for play took: 0.002249
[2020.10.23-17.33.08:914][184]LogOnline: OSS: Creating online subsystem instance for: :Context_6
[2020.10.23-17.33.08:918][184]LogContentBrowser: Native class hierarchy updated for 'MovieSceneCapture' in 0.0005 seconds. Added 20 classes and 0 folders.
[2020.10.23-17.33.08:918][184]Final_Project: Warning: AFountain::BeginPlay(71)
[2020.10.23-17.33.08:918][184]Final_Project: Warning: AFountain::BeginPlay(72) Actor Name : Fountain_5, ID : 0, Location X : 780.000
[2020.10.23-17.33.08:918][184]Final_Project: Warning: AFountain::BeginPlay(71)
[2020.10.23-17.33.08:918][184]Final_Project: Warning: AFountain::BeginPlay(72) Actor Name : Fountain_4, ID : 0, Location X : 240.000
[2020.10.23-17.33.08:919][184]Final_Project: Warning: AFountain::BeginPlay(71)
[2020.10.23-17.33.08:919][184]Final_Project: Warning: AFountain::BeginPlay(72) Actor Name : Fountain_2, ID : 0, Location X : -160.000
[2020.10.23-17.33.08:919][184]PIE: 서버가 로그인했습니다.
[2020.10.23-17.33.08:923][184]PIE: 에디터에서 플레이 총 시작 시간 0.276초입니다.
[2020.10.23-17.33.10:188][308]Final_Project: Warning: UFPAnimInstance::AnimNotify_AttackHitCheck(60)
[2020.10.23-17.33.10:481][343]Final_Project: Warning: AFPCharacter::PostInitializeComponents::<lambda_18fb7a273ab722e99cebf8d13ebd1bd4>::operator ()(186) OnNextAttackCheck
[2020.10.23-17.33.12:151][528]LogSlate: Took 0.000298 seconds to synchronously load lazily loaded font '../../../Engine/Content/Slate/Fonts/DroidSansMono.ttf' (77K)
[2020.10.23-17.33.12:190][528]LogSlate: Took 0.002388 seconds to synchronously load lazily loaded font '../../../Engine/Content/Editor/Slate/Fonts/NanumGothicExtraBold.ttf' (4074K)
[2020.10.23-17.33.15:243][892]Final_Project: Warning: UFPAnimInstance::AnimNotify_AttackHitCheck(60)
[2020.10.23-17.33.15:527][926]Final_Project: Warning: AFPCharacter::PostInitializeComponents::<lambda_18fb7a273ab722e99cebf8d13ebd1bd4>::operator ()(186) OnNextAttackCheck
[2020.10.23-17.33.16:826][ 82]Final_Project: Warning: UFPAnimInstance::AnimNotify_AttackHitCheck(60)
[2020.10.23-17.33.16:827][ 82]Final_Project: Warning: AFPCharacter::AttackCheck(407) Hit Actor Name : FPCharacter4
[2020.10.23-17.33.16:827][ 82]Final_Project: Warning: AFPCharacter::TakeDamage(208) Actor : FPCharacter4 took Damage : 10.000000
[2020.10.23-17.33.17:118][117]Final_Project: Warning: AFPCharacter::PostInitializeComponents::<lambda_18fb7a273ab722e99cebf8d13ebd1bd4>::operator ()(186) OnNextAttackCheck
[2020.10.23-17.33.18:695][306]Final_Project: Warning: UFPAnimInstance::AnimNotify_AttackHitCheck(60)
[2020.10.23-17.33.18:695][306]Final_Project: Warning: AFPCharacter::AttackCheck(407) Hit Actor Name : FPCharacter4
[2020.10.23-17.33.18:695][306]Final_Project: Warning: AFPCharacter::TakeDamage(208) Actor : FPCharacter4 took Damage : 10.000000
[2020.10.23-17.33.18:988][341]Final_Project: Warning: AFPCharacter::PostInitializeComponents::<lambda_18fb7a273ab722e99cebf8d13ebd1bd4>::operator ()(186) OnNextAttackCheck
[2020.10.23-17.33.19:228][370]Final_Project: Warning: UFPAnimInstance::AnimNotify_AttackHitCheck(60)
[2020.10.23-17.33.19:228][370]Final_Project: Warning: AFPCharacter::AttackCheck(407) Hit Actor Name : FPCharacter4
[2020.10.23-17.33.19:229][370]Final_Project: Warning: AFPCharacter::TakeDamage(208) Actor : FPCharacter4 took Damage : 10.000000
[2020.10.23-17.33.19:595][414]Final_Project: Warning: AFPCharacter::PostInitializeComponents::<lambda_18fb7a273ab722e99cebf8d13ebd1bd4>::operator ()(186) OnNextAttackCheck
[2020.10.23-17.33.24:115][954]Final_Project: Warning: UFPAnimInstance::AnimNotify_AttackHitCheck(60)
[2020.10.23-17.33.24:115][954]Final_Project: Warning: AFPCharacter::AttackCheck(407) Hit Actor Name : FPCharacter4
[2020.10.23-17.33.24:115][954]Final_Project: Warning: AFPCharacter::TakeDamage(208) Actor : FPCharacter4 took Damage : 10.000000
[2020.10.23-17.33.24:407][989]Final_Project: Warning: AFPCharacter::PostInitializeComponents::<lambda_18fb7a273ab722e99cebf8d13ebd1bd4>::operator ()(186) OnNextAttackCheck
[2020.10.23-17.33.24:649][ 18]Final_Project: Warning: UFPAnimInstance::AnimNotify_AttackHitCheck(60)
[2020.10.23-17.33.24:649][ 18]Final_Project: Warning: AFPCharacter::AttackCheck(407) Hit Actor Name : FPCharacter4
[2020.10.23-17.33.24:649][ 18]Final_Project: Warning: AFPCharacter::TakeDamage(208) Actor : FPCharacter4 took Damage : 10.000000
[2020.10.23-17.33.25:015][ 62]Final_Project: Warning: AFPCharacter::PostInitializeComponents::<lambda_18fb7a273ab722e99cebf8d13ebd1bd4>::operator ()(186) OnNextAttackCheck
[2020.10.23-17.33.25:315][ 98]Final_Project: Warning: UFPAnimInstance::AnimNotify_AttackHitCheck(60)
[2020.10.23-17.33.25:315][ 98]Final_Project: Warning: AFPCharacter::AttackCheck(407) Hit Actor Name : FPCharacter4
[2020.10.23-17.33.25:315][ 98]Final_Project: Warning: AFPCharacter::TakeDamage(208) Actor : FPCharacter4 took Damage : 10.000000
[2020.10.23-17.33.25:682][142]Final_Project: Warning: AFPCharacter::PostInitializeComponents::<lambda_18fb7a273ab722e99cebf8d13ebd1bd4>::operator ()(186) OnNextAttackCheck
[2020.10.23-17.33.26:558][247]Final_Project: Warning: UFPAnimInstance::AnimNotify_AttackHitCheck(60)
[2020.10.23-17.33.26:558][247]Final_Project: Warning: AFPCharacter::AttackCheck(407) Hit Actor Name : FPCharacter4
[2020.10.23-17.33.26:558][247]Final_Project: Warning: AFPCharacter::TakeDamage(208) Actor : FPCharacter4 took Damage : 10.000000
[2020.10.23-17.33.27:793][395]Final_Project: Warning: UFPAnimInstance::AnimNotify_AttackHitCheck(60)
[2020.10.23-17.33.27:793][395]Final_Project: Warning: AFPCharacter::AttackCheck(407) Hit Actor Name : FPCharacter4
[2020.10.23-17.33.27:793][395]Final_Project: Warning: AFPCharacter::TakeDamage(208) Actor : FPCharacter4 took Damage : 10.000000
[2020.10.23-17.33.28:086][430]Final_Project: Warning: AFPCharacter::PostInitializeComponents::<lambda_18fb7a273ab722e99cebf8d13ebd1bd4>::operator ()(186) OnNextAttackCheck
[2020.10.23-17.33.28:327][459]Final_Project: Warning: UFPAnimInstance::AnimNotify_AttackHitCheck(60)
[2020.10.23-17.33.28:327][459]Final_Project: Warning: AFPCharacter::AttackCheck(407) Hit Actor Name : FPCharacter4
[2020.10.23-17.33.28:327][459]Final_Project: Warning: AFPCharacter::TakeDamage(208) Actor : FPCharacter4 took Damage : 10.000000
[2020.10.23-17.33.28:693][503]Final_Project: Warning: AFPCharacter::PostInitializeComponents::<lambda_18fb7a273ab722e99cebf8d13ebd1bd4>::operator ()(186) OnNextAttackCheck
[2020.10.23-17.33.28:994][539]Final_Project: Warning: UFPAnimInstance::AnimNotify_AttackHitCheck(60)
[2020.10.23-17.33.28:994][539]Final_Project: Warning: AFPCharacter::AttackCheck(407) Hit Actor Name : FPCharacter4
[2020.10.23-17.33.28:994][539]Final_Project: Warning: AFPCharacter::TakeDamage(208) Actor : FPCharacter4 took Damage : 10.000000
[2020.10.23-17.33.28:994][539]Final_Project: Warning: AFPCharacter::PostInitializeComponents::<lambda_61a06ea8fafe1cd5c4fcc56262387769>::operator ()(199) OnHPIsZero
[2020.10.23-17.33.29:362][583]Final_Project: Warning: AFPCharacter::PostInitializeComponents::<lambda_18fb7a273ab722e99cebf8d13ebd1bd4>::operator ()(186) OnNextAttackCheck
[2020.10.23-17.33.30:236][688]Final_Project: Warning: UFPAnimInstance::AnimNotify_AttackHitCheck(60)
[2020.10.23-17.33.31:622][854]Final_Project: Warning: UFPAnimInstance::AnimNotify_AttackHitCheck(60)
[2020.10.23-17.33.31:913][889]Final_Project: Warning: AFPCharacter::PostInitializeComponents::<lambda_18fb7a273ab722e99cebf8d13ebd1bd4>::operator ()(186) OnNextAttackCheck
[2020.10.23-17.33.32:155][918]Final_Project: Warning: UFPAnimInstance::AnimNotify_AttackHitCheck(60)
[2020.10.23-17.33.32:522][962]Final_Project: Warning: AFPCharacter::PostInitializeComponents::<lambda_18fb7a273ab722e99cebf8d13ebd1bd4>::operator ()(186) OnNextAttackCheck
[2020.10.23-17.33.32:822][998]Final_Project: Warning: UFPAnimInstance::AnimNotify_AttackHitCheck(60)
[2020.10.23-17.33.33:189][ 42]Final_Project: Warning: AFPCharacter::PostInitializeComponents::<lambda_18fb7a273ab722e99cebf8d13ebd1bd4>::operator ()(186) OnNextAttackCheck
[2020.10.23-17.33.34:063][147]Final_Project: Warning: UFPAnimInstance::AnimNotify_AttackHitCheck(60)
[2020.10.23-17.35.05:031][ 57]Final_Project: Warning: AFPItemBox::OnCharacterOverlap(62)
[2020.10.23-17.35.07:702][374]LogSlate: Updating window title bar state: overlay mode, drag disabled, window buttons hidden, title bar hidden
[2020.10.23-17.35.07:702][374]LogWorld: BeginTearingDown for /Game/Stage/UEDPIE_0_TestMap
[2020.10.23-17.35.07:702][374]LogWorld: UWorld::CleanupWorld for TestMap, bSessionEnded=true, bCleanupResources=true
[2020.10.23-17.35.07:702][374]LogSlate: InvalidateAllWidgets triggered.  All widgets were invalidated
[2020.10.23-17.35.07:712][374]LogPlayLevel: Display: Shutting down PIE online subsystems
[2020.10.23-17.35.07:713][374]LogSlate: InvalidateAllWidgets triggered.  All widgets were invalidated
[2020.10.23-17.35.07:741][374]LogSlate: Updating window title bar state: overlay mode, drag disabled, window buttons hidden, title bar hidden
[2020.10.23-17.35.07:742][374]LogAISub: UAISubsystem::~UAISubsystem EnvQueryManager (00000190DC6B7E00), frame # 14374
[2020.10.23-17.35.07:742][374]LogAISub: UAISubsystem::~UAISubsystem AIPerceptionSystem (00000190DC986480), frame # 14374
[2020.10.23-17.35.07:743][374]LogUObjectHash: Compacting FUObjectHashTables data took   0.79ms
[2020.10.23-17.35.07:819][376]LogPlayLevel: Display: Destroying online subsystem :Context_6
[2020.10.23-17.44.56:702][939]LogSlate: Took 0.000285 seconds to synchronously load lazily loaded font '../../../Engine/Content/Slate/Fonts/Roboto-Light.ttf' (167K)
[2020.10.23-18.12.46:587][669]LogAssetEditorSubsystem: Opening Asset editor for WidgetBlueprint /Game/UI/UI_HPBar.UI_HPBar
[2020.10.23-18.12.47:182][669]LogContentBrowser: Native class hierarchy updated for 'BlueprintGraph' in 0.0029 seconds. Added 125 classes and 0 folders.
[2020.10.23-18.12.49:051][669]LogSlate: Took 0.046896 seconds to synchronously load lazily loaded font '../../../Engine/Content/Slate/Fonts/Roboto-BoldCondensed.ttf' (158K)
[2020.10.23-18.15.04:911][650]LogUObjectHash: Compacting FUObjectHashTables data took   6.37ms
[2020.10.23-18.15.04:920][650]LogFileHelpers: Editor autosave (incl. sublevels) for '/Game/Stage/TestMap' took 0.084
[2020.10.23-18.15.04:920][650]OBJ SavePackage: Generating thumbnails for [0] asset(s) in package [/Game/UI/UI_HPBar] ([1] browsable assets)...
[2020.10.23-18.15.04:920][650]OBJ SavePackage: Finished generating thumbnails for package [/Game/UI/UI_HPBar]
[2020.10.23-18.15.04:920][650]Cmd: OBJ SAVEPACKAGE PACKAGE="/Game/UI/UI_HPBar" FILE="../../../../../UnrealProjects/Final_Project/Saved/Autosaves/Game/UI/UI_HPBar_Auto1.uasset" SILENT=false AUTOSAVING=true
[2020.10.23-18.15.04:935][650]LogSavePackage: Moving '../../../../../UnrealProjects/Final_Project/Saved/UI_HPBar_Auto17373D4A044082783F23345919F775A29.tmp' to '../../../../../UnrealProjects/Final_Project/Saved/Autosaves/Game/UI/UI_HPBar_Auto1.uasset'
[2020.10.23-18.15.04:936][650]LogFileHelpers: Auto-saving content packages took 0.016
[2020.10.23-18.15.36:605][  7]LogEditorTransaction: Undo 위젯 제거
[2020.10.23-18.20.54:490][326]LogSlate: Took 0.074457 seconds to synchronously load lazily loaded font '../../../Engine/Content/Slate/Fonts/DroidSansFallback.ttf' (3848K)
[2020.10.23-18.25.07:309][227]LogSlate: Window '색 선택 툴' being destroyed
[2020.10.23-18.25.35:075][290]LogSlate: Window '색 선택 툴' being destroyed
[2020.10.23-18.26.35:530][ 83]LogEditorTransaction: Undo 현 선택을 삭제합니다.
[2020.10.23-18.26.36:006][ 92]LogEditorTransaction: Undo Fill Color and Opacity 편집
[2020.10.23-18.26.36:297][107]LogEditorTransaction: Undo Percent 편집
[2020.10.23-18.26.36:817][143]LogEditorTransaction: Undo Fill Color and Opacity 편집
[2020.10.23-18.26.38:847][283]LogEditorTransaction: Redo Fill Color and Opacity 편집
[2020.10.23-18.26.39:128][299]LogEditorTransaction: Redo Percent 편집
[2020.10.23-18.26.39:500][321]LogEditorTransaction: Redo Fill Color and Opacity 편집
[2020.10.23-18.27.29:885][809]LogSlate: Window '색 선택 툴' being destroyed
[2020.10.23-18.27.32:778][  5]BlueprintLog: New page: UI_HPBar 컴파일
[2020.10.23-18.27.32:816][  5]LogUObjectHash: Compacting FUObjectHashTables data took   3.86ms
[2020.10.23-18.27.33:597][ 47]Cmd: OBJ SAVEPACKAGE PACKAGE="/Game/UI/UI_HPBar" FILE="../../../../../UnrealProjects/Final_Project/Content/UI/UI_HPBar.uasset" SILENT=true
[2020.10.23-18.27.33:640][ 47]LogSavePackage: Moving '../../../../../UnrealProjects/Final_Project/Saved/UI_HPBarE8A6B139434D6DE3AFAEA5A1102B1345.tmp' to '../../../../../UnrealProjects/Final_Project/Content/UI/UI_HPBar.uasset'
[2020.10.23-18.27.33:664][ 47]AssetCheck: New page: 애셋 저장: UI_HPBar
[2020.10.23-18.27.33:664][ 47]LogContentValidation: Display: WidgetBlueprint /Game/UI/UI_HPBar.UI_HPBar 유효성 검사
[2020.10.23-18.27.41:436][609]LogSlate: Window 'UI_HPBar' being destroyed
[2020.10.23-18.27.41:442][609]LogSlate: Window 'UI_HPBar' being destroyed
[2020.10.23-18.27.41:518][609]LogWorld: UWorld::CleanupWorld for World_6, bSessionEnded=true, bCleanupResources=true
[2020.10.23-18.27.41:518][609]LogSlate: InvalidateAllWidgets triggered.  All widgets were invalidated
[2020.10.23-18.27.41:541][609]LogWorld: UWorld::CleanupWorld for World_5, bSessionEnded=true, bCleanupResources=true
[2020.10.23-18.27.41:541][609]LogSlate: InvalidateAllWidgets triggered.  All widgets were invalidated
[2020.10.23-18.43.04:486][298]Candidate modules for hot reload:
[2020.10.23-18.43.04:487][298]  Final_Project
[2020.10.23-18.43.04:487][298]Launching UnrealBuildTool... [D:/UnrealEngine/Epic Games/UE_4.25/Engine/Binaries/DotNET/UnrealBuildTool.exe  -ModuleWithSuffix=Final_Project,6171 Final_ProjectEditor Win64 Development -Project="D:/UnrealEngine/UnrealProjects/Final_Project/Final_Project.uproject" "D:/UnrealEngine/UnrealProjects/Final_Project/Final_Project.uproject"  -IgnoreJunk]
[2020.10.23-18.43.04:523][298]Warning: Starting HotReload took  0.2s.
[2020.10.23-18.56.44:841][904]CompilerResultsLog: New page: 컴파일 - 2020. 10. 24. 오후 12:56:44
[2020.10.23-18.56.44:855][904]CompilerResultsLog: Using 'git status' to determine working set for adaptive non-unity build (D:\UnrealEngine\UnrealProjects\Final_Project).
[2020.10.23-18.56.44:855][904]CompilerResultsLog: Parsing headers for Final_ProjectEditor
[2020.10.23-18.56.44:855][904]CompilerResultsLog:   Running UnrealHeaderTool "D:\UnrealEngine\UnrealProjects\Final_Project\Final_Project.uproject" "D:\UnrealEngine\UnrealProjects\Final_Project\Intermediate\Build\Win64\Final_ProjectEditor\Development\Final_ProjectEditor.uhtmanifest" -LogCmds="loginit warning, logexit warning, logdatabase error" -Unattended -WarningsAsErrors -abslog="C:\Users\ANY180817\AppData\Local\UnrealBuildTool\Log_UHT.txt" -installed
[2020.10.23-18.56.44:855][904]CompilerResultsLog: Reflection code generated for Final_ProjectEditor in 21.7064559 seconds
[2020.10.23-18.56.44:855][904]CompilerResultsLog: Building Final_ProjectEditor...
[2020.10.23-18.56.44:855][904]CompilerResultsLog: Using Visual Studio 2017 14.16.27031 toolchain (C:\Program Files (x86)\Microsoft Visual Studio\2017\Community\VC\Tools\MSVC\14.16.27023) and Windows 10.0.17763.0 SDK (C:\Program Files (x86)\Windows Kits\10).
[2020.10.23-18.56.44:855][904]CompilerResultsLog: Building 8 actions with 8 processes...
[2020.10.23-18.56.44:855][904]CompilerResultsLog:   [1/8] Final_Project.init.gen.cpp
[2020.10.23-18.56.44:855][904]CompilerResultsLog:   [2/8] FPGameMode.cpp
[2020.10.23-18.56.44:855][904]CompilerResultsLog:   [3/8] FPCharacter.gen.cpp
[2020.10.23-18.56.44:855][904]CompilerResultsLog:   [4/8] FPItemBox.cpp
[2020.10.23-18.56.44:855][904]CompilerResultsLog:   [5/8] FPCharacter.cpp
[2020.10.23-18.56.44:855][904]CompilerResultsLog:   [6/8] UE4Editor-Final_Project-6171.lib
[2020.10.23-18.56.44:855][904]CompilerResultsLog:      D:\UnrealEngine\UnrealProjects\Final_Project\Intermediate\Build\Win64\UE4Editor\Development\Final_Project\UE4Editor-Final_Project-6171.lib ???̺귯?? ?? D:\UnrealEngine\UnrealProjects\Final_Project\Intermediate\Build\Win64\UE4Editor\Development\Final_Project\UE4Editor-Final_Project-6171.exp ??ü?? ?????ϰ? ?ֽ??ϴ?.
[2020.10.23-18.56.44:855][904]CompilerResultsLog:   [7/8] UE4Editor-Final_Project-6171.dll
[2020.10.23-18.56.44:855][904]CompilerResultsLog:      D:\UnrealEngine\UnrealProjects\Final_Project\Intermediate\Build\Win64\UE4Editor\Development\Final_Project\UE4Editor-Final_Project-6171.suppressed.lib ???̺귯?? ?? D:\UnrealEngine\UnrealProjects\Final_Project\Intermediate\Build\Win64\UE4Editor\Development\Final_Project\UE4Editor-Final_Project-6171.suppressed.exp ??ü?? ?????ϰ? ?ֽ??ϴ?.
[2020.10.23-18.56.44:855][904]CompilerResultsLog: Error:   FPCharacter.gen.cpp.obj : error LNK2019: "__declspec(dllimport) class UClass * __cdecl Z_Construct_UClass_UWidgetComponent_NoRegister(void)" (__imp_?Z_Construct_UClass_UWidgetComponent_NoRegister@@YAPEAVUClass@@XZ) ?ܺ? ??ȣ(???? ??ġ: "void __cdecl `dynamic initializer for 'public: static struct UE4CodeGen_Private::FObjectPropertyParams const Z_Construct_UClass_AFPCharacter_Statics::NewProp_HPBarWidget''(void)" (??__E?NewProp_HPBarWidget@Z_Construct_UClass_AFPCharacter_Statics@@2UFObjectPropertyParams@UE4CodeGen_Private@@B@@YAXXZ) ?Լ?)???? Ȯ?????? ???߽??ϴ?.
[2020.10.23-18.56.44:855][904]CompilerResultsLog: Error:   D:\UnrealEngine\UnrealProjects\Final_Project\Binaries\Win64\UE4Editor-Final_Project-6171.dll : fatal error LNK1120: 1???? Ȯ???? ?? ???? ?ܺ? ?????Դϴ?.
[2020.10.23-18.56.44:855][904]LogMainFrame: MainFrame: Module compiling took 820.374 seconds
[2020.10.23-18.56.44:855][904]Warning: HotReload failed, recompile failed
[2020.10.23-18.56.48:703][914]LogSlate: Last resort fallback font was requested. Font: '../../../Engine/Content/Slate/Fonts/DroidSansFallback.ttf', Character: 'ϰ (U+03f0)'
[2020.10.23-18.56.48:767][914]LogSlate: Took 0.062530 seconds to synchronously load lazily loaded font '../../../Engine/Content/SlateDebug/Fonts/LastResort.ttf' (5269K)
[2020.10.23-19.14.53:764][305]Candidate modules for hot reload:
[2020.10.23-19.14.53:764][305]  Final_Project
[2020.10.23-19.14.53:764][305]Launching UnrealBuildTool... [D:/UnrealEngine/Epic Games/UE_4.25/Engine/Binaries/DotNET/UnrealBuildTool.exe  -ModuleWithSuffix=Final_Project,4070 Final_ProjectEditor Win64 Development -Project="D:/UnrealEngine/UnrealProjects/Final_Project/Final_Project.uproject" "D:/UnrealEngine/UnrealProjects/Final_Project/Final_Project.uproject"  -IgnoreJunk]
[2020.10.23-19.14.53:768][305]Warning: Starting HotReload took  0.1s.
[2020.10.23-19.15.10:172][144]CompilerResultsLog: New page: 컴파일 - 2020. 10. 24. 오후 1:15:10
[2020.10.23-19.15.10:172][144]CompilerResultsLog: Using 'git status' to determine working set for adaptive non-unity build (D:\UnrealEngine\UnrealProjects\Final_Project).
[2020.10.23-19.15.10:172][144]CompilerResultsLog: Invalidating makefile for Final_ProjectEditor (Final_Project.Build.cs modified)
[2020.10.23-19.15.10:172][144]CompilerResultsLog: Parsing headers for Final_ProjectEditor
[2020.10.23-19.15.10:172][144]CompilerResultsLog:   Running UnrealHeaderTool "D:\UnrealEngine\UnrealProjects\Final_Project\Final_Project.uproject" "D:\UnrealEngine\UnrealProjects\Final_Project\Intermediate\Build\Win64\Final_ProjectEditor\Development\Final_ProjectEditor.uhtmanifest" -LogCmds="loginit warning, logexit warning, logdatabase error" -Unattended -WarningsAsErrors -abslog="C:\Users\ANY180817\AppData\Local\UnrealBuildTool\Log_UHT.txt" -installed
[2020.10.23-19.15.10:172][144]CompilerResultsLog: Reflection code generated for Final_ProjectEditor in 7.6172507 seconds
[2020.10.23-19.15.10:172][144]CompilerResultsLog: Building Final_ProjectEditor...
[2020.10.23-19.15.10:172][144]CompilerResultsLog: Using Visual Studio 2017 14.16.27031 toolchain (C:\Program Files (x86)\Microsoft Visual Studio\2017\Community\VC\Tools\MSVC\14.16.27023) and Windows 10.0.17763.0 SDK (C:\Program Files (x86)\Windows Kits\10).
[2020.10.23-19.15.10:173][144]CompilerResultsLog: Building 3 actions with 8 processes...
[2020.10.23-19.15.10:173][144]CompilerResultsLog:   [1/3] UE4Editor-Final_Project-4070.lib
[2020.10.23-19.15.10:173][144]CompilerResultsLog:      D:\UnrealEngine\UnrealProjects\Final_Project\Intermediate\Build\Win64\UE4Editor\Development\Final_Project\UE4Editor-Final_Project-4070.lib ???̺귯?? ?? D:\UnrealEngine\UnrealProjects\Final_Project\Intermediate\Build\Win64\UE4Editor\Development\Final_Project\UE4Editor-Final_Project-4070.exp ??ü?? ?????ϰ? ?ֽ??ϴ?.
[2020.10.23-19.15.10:173][144]CompilerResultsLog:   [2/3] UE4Editor-Final_Project-4070.dll
[2020.10.23-19.15.10:173][144]CompilerResultsLog:      D:\UnrealEngine\UnrealProjects\Final_Project\Intermediate\Build\Win64\UE4Editor\Development\Final_Project\UE4Editor-Final_Project-4070.suppressed.lib ???̺귯?? ?? D:\UnrealEngine\UnrealProjects\Final_Project\Intermediate\Build\Win64\UE4Editor\Development\Final_Project\UE4Editor-Final_Project-4070.suppressed.exp ??ü?? ?????ϰ? ?ֽ??ϴ?.
[2020.10.23-19.15.10:173][144]CompilerResultsLog:   [3/3] Final_ProjectEditor.target
[2020.10.23-19.15.10:173][144]CompilerResultsLog: Total time in Parallel executor: 3.38 seconds
[2020.10.23-19.15.10:173][144]CompilerResultsLog: Total execution time: 16.18 seconds
[2020.10.23-19.15.10:173][144]LogMainFrame: MainFrame: Module compiling took 16.415 seconds
[2020.10.23-19.15.10:342][144]LogClass: Could not find existing class FPCharacter in package /Script/Final_Project for HotReload, assuming new class
[2020.10.23-19.15.10:342][144]LogClass: Function OnAttackMontageEnded is new.
[2020.10.23-19.15.10:366][144]LogClass: FPCharacterData HotReload.
[2020.10.23-19.15.10:393][144]LogHotReload: Re-instancing FPCharacter after hot-reload.
[2020.10.23-19.15.10:778][144]LogContentBrowser: Native class hierarchy updated for 'Final_Project' in 0.0015 seconds. Added 10 classes and 2 folders.
[2020.10.23-19.15.10:792][144]Display: HotReload successful (4 functions remapped  1 scriptstructs remapped)
[2020.10.23-19.15.11:505][144]LogContentBrowser: Native class hierarchy populated in 0.0133 seconds. Added 3437 classes and 823 folders.
[2020.10.23-19.15.11:523][144]Display: HotReload took 17.8s.
[2020.10.23-19.19.32:289][281]LogSlate: Window '메시지 로그' being destroyed
[2020.10.23-19.19.32:298][281]LogSlate: Window '메시지 로그' being destroyed
[2020.10.23-19.29.44:745][776]Candidate modules for hot reload:
[2020.10.23-19.29.44:745][776]  Final_Project
[2020.10.23-19.29.44:745][776]Launching UnrealBuildTool... [D:/UnrealEngine/Epic Games/UE_4.25/Engine/Binaries/DotNET/UnrealBuildTool.exe  -ModuleWithSuffix=Final_Project,5445 Final_ProjectEditor Win64 Development -Project="D:/UnrealEngine/UnrealProjects/Final_Project/Final_Project.uproject" "D:/UnrealEngine/UnrealProjects/Final_Project/Final_Project.uproject"  -IgnoreJunk]
[2020.10.23-19.29.44:748][776]Warning: Starting HotReload took  0.1s.
[2020.10.23-19.29.51:139][453]CompilerResultsLog: New page: 컴파일 - 2020. 10. 24. 오후 1:29:51
[2020.10.23-19.29.51:139][453]CompilerResultsLog: Using 'git status' to determine working set for adaptive non-unity build (D:\UnrealEngine\UnrealProjects\Final_Project).
[2020.10.23-19.29.51:139][453]CompilerResultsLog: Building Final_ProjectEditor...
[2020.10.23-19.29.51:139][453]CompilerResultsLog: Using Visual Studio 2017 14.16.27031 toolchain (C:\Program Files (x86)\Microsoft Visual Studio\2017\Community\VC\Tools\MSVC\14.16.27023) and Windows 10.0.17763.0 SDK (C:\Program Files (x86)\Windows Kits\10).
[2020.10.23-19.29.51:139][453]CompilerResultsLog: Building 4 actions with 8 processes...
[2020.10.23-19.29.51:139][453]CompilerResultsLog:   [1/4] FPCharacter.cpp
[2020.10.23-19.29.51:139][453]CompilerResultsLog:   D:\UnrealEngine\UnrealProjects\Final_Project\Source\Final_Project\FPCharacter.cpp(9): fatal error C1083: ???? ?????? ?? ?? ?????ϴ?. 'Components/WidgetComponents.h': No such file or directory
[2020.10.23-19.29.51:140][453]LogMainFrame: MainFrame: Module compiling took 6.400 seconds
[2020.10.23-19.29.51:140][453]Warning: HotReload failed, recompile failed
[2020.10.23-19.35.07:809][787]Candidate modules for hot reload:
[2020.10.23-19.35.07:809][787]  Final_Project
[2020.10.23-19.35.07:809][787]Launching UnrealBuildTool... [D:/UnrealEngine/Epic Games/UE_4.25/Engine/Binaries/DotNET/UnrealBuildTool.exe  -ModuleWithSuffix=Final_Project,1463 Final_ProjectEditor Win64 Development -Project="D:/UnrealEngine/UnrealProjects/Final_Project/Final_Project.uproject" "D:/UnrealEngine/UnrealProjects/Final_Project/Final_Project.uproject"  -IgnoreJunk]
[2020.10.23-19.35.07:812][787]Warning: Starting HotReload took  0.1s.
[2020.10.23-19.36.11:664][216]CompilerResultsLog: New page: 컴파일 - 2020. 10. 24. 오후 1:36:11
[2020.10.23-19.36.11:664][216]CompilerResultsLog: Using 'git status' to determine working set for adaptive non-unity build (D:\UnrealEngine\UnrealProjects\Final_Project).
[2020.10.23-19.36.11:664][216]CompilerResultsLog: Building Final_ProjectEditor...
[2020.10.23-19.36.11:664][216]CompilerResultsLog: Using Visual Studio 2017 14.16.27031 toolchain (C:\Program Files (x86)\Microsoft Visual Studio\2017\Community\VC\Tools\MSVC\14.16.27023) and Windows 10.0.17763.0 SDK (C:\Program Files (x86)\Windows Kits\10).
[2020.10.23-19.36.11:664][216]CompilerResultsLog: Building 4 actions with 8 processes...
[2020.10.23-19.36.11:664][216]CompilerResultsLog:   [1/4] FPCharacter.cpp
[2020.10.23-19.36.11:664][216]CompilerResultsLog:   [2/4] UE4Editor-Final_Project-1463.lib
[2020.10.23-19.36.11:664][216]CompilerResultsLog:      D:\UnrealEngine\UnrealProjects\Final_Project\Intermediate\Build\Win64\UE4Editor\Development\Final_Project\UE4Editor-Final_Project-1463.lib ???̺귯?? ?? D:\UnrealEngine\UnrealProjects\Final_Project\Intermediate\Build\Win64\UE4Editor\Development\Final_Project\UE4Editor-Final_Project-1463.exp ??ü?? ?????ϰ? ?ֽ??ϴ?.
[2020.10.23-19.36.11:664][216]CompilerResultsLog:   [3/4] UE4Editor-Final_Project-1463.dll
[2020.10.23-19.36.11:664][216]CompilerResultsLog:      D:\UnrealEngine\UnrealProjects\Final_Project\Intermediate\Build\Win64\UE4Editor\Development\Final_Project\UE4Editor-Final_Project-1463.suppressed.lib ???̺귯?? ?? D:\UnrealEngine\UnrealProjects\Final_Project\Intermediate\Build\Win64\UE4Editor\Development\Final_Project\UE4Editor-Final_Project-1463.suppressed.exp ??ü?? ?????ϰ? ?ֽ??ϴ?.
[2020.10.23-19.36.11:665][216]CompilerResultsLog:   [4/4] Final_ProjectEditor.target
[2020.10.23-19.36.11:665][216]CompilerResultsLog: Total time in Parallel executor: 61.87 seconds
[2020.10.23-19.36.11:665][216]CompilerResultsLog: Total execution time: 63.39 seconds
[2020.10.23-19.36.11:665][216]LogMainFrame: MainFrame: Module compiling took 63.861 seconds
[2020.10.23-19.36.11:736][216]LogClass: FPCharacterData HotReload.
[2020.10.23-19.36.11:759][216]LogHotReload: Re-instancing FPCharacter after hot-reload.
[2020.10.23-19.36.11:856][216]LogContentBrowser: Native class hierarchy updated for 'Final_Project' in 0.0004 seconds. Added 10 classes and 2 folders.
[2020.10.23-19.36.11:862][216]Display: HotReload successful (5 functions remapped  1 scriptstructs remapped)
[2020.10.23-19.36.11:982][216]LogContentBrowser: Native class hierarchy populated in 0.0101 seconds. Added 3437 classes and 823 folders.
[2020.10.23-19.36.11:982][216]Display: HotReload took 64.2s.
[2020.10.23-19.38.11:800][573]LogSlate: Window '메시지 로그' being destroyed
[2020.10.23-19.38.11:811][573]LogSlate: Window '메시지 로그' being destroyed
[2020.10.23-19.38.16:447][ 90]LogTemp: Repeating last play command: 선택된 뷰포트
[2020.10.23-19.38.16:506][ 90]LogPlayLevel: PlayLevel: No blueprints needed recompiling
[2020.10.23-19.38.16:506][ 90]PIE: New page: PIE 세션: TestMap (2020. 10. 24. 오후 1:38:16)
[2020.10.23-19.38.16:568][ 90]LogPlayLevel: Creating play world package: /Game/Stage/UEDPIE_0_TestMap
[2020.10.23-19.38.16:605][ 90]LogPlayLevel: PIE: StaticDuplicateObject took: (0.036816s)
[2020.10.23-19.38.16:649][ 90]LogAIModule: Creating AISystem for world TestMap
[2020.10.23-19.38.16:649][ 90]LogAISub: UAISubsystem::UAISubsystem EnvQueryManager (00000190D95BC400), frame # 299090
[2020.10.23-19.38.16:697][ 90]LogAISub: UAISubsystem::UAISubsystem AIPerceptionSystem (000001910BB13B00), frame # 299090
[2020.10.23-19.38.16:697][ 90]LogPlayLevel: PIE: World Init took: (0.092166s)
[2020.10.23-19.38.16:697][ 90]LogPlayLevel: PIE: Created PIE world by copying editor world from /Game/Stage/TestMap.TestMap to /Game/Stage/UEDPIE_0_TestMap.TestMap (0.129270s)
[2020.10.23-19.38.17:080][ 90]LogUObjectHash: Compacting FUObjectHashTables data took   6.13ms
[2020.10.23-19.38.17:090][ 90]LogAudioMixer: Display: Audio Mixer Platform Settings:
[2020.10.23-19.38.17:090][ 90]LogAudioMixer: Display: 	Sample Rate:						  48000
[2020.10.23-19.38.17:090][ 90]LogAudioMixer: Display: 	Callback Buffer Frame Size Requested: 1024
[2020.10.23-19.38.17:090][ 90]LogAudioMixer: Display: 	Callback Buffer Frame Size To Use:	  1024
[2020.10.23-19.38.17:090][ 90]LogAudioMixer: Display: 	Number of buffers to queue:			  2
[2020.10.23-19.38.17:091][ 90]LogAudioMixer: Display: 	Max Channels (voices):				  32
[2020.10.23-19.38.17:091][ 90]LogAudioMixer: Display: 	Number of Async Source Workers:		  0
[2020.10.23-19.38.17:091][ 90]LogAudio: Display: AudioDevice MaxSources: 32
[2020.10.23-19.38.17:091][ 90]LogAudio: Display: Using built-in audio occlusion.
[2020.10.23-19.38.17:091][ 90]LogAudioMixer: Display: Initializing audio mixer.
[2020.10.23-19.38.17:164][ 90]LogAudioMixer: Display: 0: FrontLeft
[2020.10.23-19.38.17:165][ 90]LogAudioMixer: Display: 1: FrontRight
[2020.10.23-19.38.17:331][ 90]LogAudioMixer: Display: Using Audio Device 스피커(Realtek High Definition Audio)
[2020.10.23-19.38.17:332][ 90]LogAudioMixer: Display: Initializing Sound Submixes...
[2020.10.23-19.38.17:332][ 90]LogAudioMixer: Display: Creating Master Submix 'MasterSubmixDefault'
[2020.10.23-19.38.17:332][ 90]LogAudioMixer: Display: Creating Master Submix 'MasterReverbSubmixDefault'
[2020.10.23-19.38.17:341][ 90]LogAudioMixer: Display: Creating Master Submix 'MasterEQSubmixDefault'
[2020.10.23-19.38.17:347][ 90]LogInit: FAudioDevice initialized.
[2020.10.23-19.38.17:370][ 90]LogLoad: Game class is 'FPGameMode'
[2020.10.23-19.38.17:418][ 90]LogWorld: Bringing World /Game/Stage/UEDPIE_0_TestMap.TestMap up for play (max tick rate 0) at 2020.10.24-04.38.17
[2020.10.23-19.38.17:446][ 90]LogWorld: Bringing up level for play took: 0.074180
[2020.10.23-19.38.17:456][ 90]LogOnline: OSS: Creating online subsystem instance for: :Context_9
[2020.10.23-19.38.17:490][ 90]Final_Project: Warning: AFountain::BeginPlay(71)
[2020.10.23-19.38.17:490][ 90]Final_Project: Warning: AFountain::BeginPlay(72) Actor Name : Fountain_5, ID : 0, Location X : 780.000
[2020.10.23-19.38.17:490][ 90]Final_Project: Warning: AFountain::BeginPlay(71)
[2020.10.23-19.38.17:490][ 90]Final_Project: Warning: AFountain::BeginPlay(72) Actor Name : Fountain_4, ID : 0, Location X : 240.000
[2020.10.23-19.38.17:490][ 90]Final_Project: Warning: AFountain::BeginPlay(71)
[2020.10.23-19.38.17:490][ 90]Final_Project: Warning: AFountain::BeginPlay(72) Actor Name : Fountain_2, ID : 0, Location X : -160.000
[2020.10.23-19.38.17:506][ 90]PIE: 서버가 로그인했습니다.
[2020.10.23-19.38.17:507][ 90]PIE: 에디터에서 플레이 총 시작 시간 1.035초입니다.
[2020.10.23-19.38.43:747][309]LogThreadingWindows: Error: Runnable thread TaskGraphThreadNP 2 crashed.
[2020.10.23-19.38.43:747][309]LogWindows: Error: === Critical error: ===
[2020.10.23-19.38.43:747][309]LogWindows: Error: 
[2020.10.23-19.38.43:747][309]LogWindows: Error: Fatal error!
[2020.10.23-19.38.43:747][309]LogWindows: Error: 
[2020.10.23-19.38.43:747][309]LogWindows: Error: Unhandled Exception: EXCEPTION_ACCESS_VIOLATION reading address 0x00010008
[2020.10.23-19.38.43:747][309]LogWindows: Error: 
[2020.10.23-19.38.43:747][309]LogWindows: Error: [Callstack] 0x00007fffb8959701 UE4Editor-CoreUObject.dll!UnknownFunction []
[2020.10.23-19.38.43:747][309]LogWindows: Error: [Callstack] 0x00007fffb8b90233 UE4Editor-CoreUObject.dll!UnknownFunction []
[2020.10.23-19.38.43:747][309]LogWindows: Error: [Callstack] 0x00007fffb8b56d31 UE4Editor-CoreUObject.dll!UnknownFunction []
[2020.10.23-19.38.43:747][309]LogWindows: Error: [Callstack] 0x00007fffb8b5e0ae UE4Editor-CoreUObject.dll!UnknownFunction []
[2020.10.23-19.38.43:747][309]LogWindows: Error: [Callstack] 0x00007fffaeb77ad9 UE4Editor-Core.dll!UnknownFunction []
[2020.10.23-19.38.43:747][309]LogWindows: Error: [Callstack] 0x00007fffaeb78b1d UE4Editor-Core.dll!UnknownFunction []
[2020.10.23-19.38.43:747][309]LogWindows: Error: [Callstack] 0x00007fffaeb80eeb UE4Editor-Core.dll!UnknownFunction []
[2020.10.23-19.38.43:747][309]LogWindows: Error: [Callstack] 0x00007fffaf06025b UE4Editor-Core.dll!UnknownFunction []
[2020.10.23-19.38.43:747][309]LogWindows: Error: [Callstack] 0x00007fffaf057c30 UE4Editor-Core.dll!UnknownFunction []
[2020.10.23-19.38.43:747][309]LogWindows: Error: [Callstack] 0x00007ffffb597bd4 KERNEL32.DLL!UnknownFunction []
[2020.10.23-19.38.43:747][309]LogWindows: Error: [Callstack] 0x00007ffffbe0ce51 ntdll.dll!UnknownFunction []
[2020.10.23-19.38.43:747][309]LogWindows: Error: 
[2020.10.23-19.38.43:747][309]LogWindows: Error: Crash in runnable thread TaskGraphThreadNP 2
[2020.10.23-19.38.43:818][309]LogExit: Executing StaticShutdownAfterError
[2020.10.23-19.38.43:818][309]LogWindows: FPlatformMisc::RequestExit(1)
[2020.10.23-19.38.43:819][309]LogCore: Engine exit requested (reason: Win RequestExit)
[2020.10.23-19.38.43:863][309]Log file closed, 10/24/20 04:38:43
